[3.391s] Invoking command in '/home/hammaad/sim_ws/build/new_controller': PYTHONPATH=/home/hammaad/sim_ws/build/new_controller/prefix_override:/home/hammaad/sim_ws/install/new_controller/lib/python3.8/site-packages:${PYTHONPATH} /usr/bin/python3 setup.py develop --uninstall --editable --build-directory /home/hammaad/sim_ws/build/new_controller/build
[3.879s] running develop
[4.230s] Invoked command in '/home/hammaad/sim_ws/build/new_controller' returned '0': PYTHONPATH=/home/hammaad/sim_ws/build/new_controller/prefix_override:/home/hammaad/sim_ws/install/new_controller/lib/python3.8/site-packages:${PYTHONPATH} /usr/bin/python3 setup.py develop --uninstall --editable --build-directory /home/hammaad/sim_ws/build/new_controller/build
[4.231s] Invoking command in '/home/hammaad/sim_ws/src/new_controller': PYTHONPATH=/home/hammaad/sim_ws/build/new_controller/prefix_override:/home/hammaad/sim_ws/install/new_controller/lib/python3.8/site-packages:${PYTHONPATH} /usr/bin/python3 setup.py egg_info --egg-base ../../build/new_controller build --build-base /home/hammaad/sim_ws/build/new_controller/build install --record /home/hammaad/sim_ws/build/new_controller/install.log --install-scripts $base/lib/new_controller --single-version-externally-managed
[4.599s] running egg_info
[4.600s] writing ../../build/new_controller/new_controller.egg-info/PKG-INFO
[4.618s] writing dependency_links to ../../build/new_controller/new_controller.egg-info/dependency_links.txt
[4.619s] writing entry points to ../../build/new_controller/new_controller.egg-info/entry_points.txt
[4.619s] writing requirements to ../../build/new_controller/new_controller.egg-info/requires.txt
[4.620s] writing top-level names to ../../build/new_controller/new_controller.egg-info/top_level.txt
[4.701s] reading manifest file '../../build/new_controller/new_controller.egg-info/SOURCES.txt'
[4.725s] writing manifest file '../../build/new_controller/new_controller.egg-info/SOURCES.txt'
[4.744s] running build
[4.744s] running build_py
[4.747s] running install
[4.748s] running install_lib
[4.752s] running install_data
[4.754s] running install_egg_info
[4.757s] removing '/home/hammaad/sim_ws/install/new_controller/lib/python3.8/site-packages/new_controller-0.0.0-py3.8.egg-info' (and everything under it)
[4.757s] Copying ../../build/new_controller/new_controller.egg-info to /home/hammaad/sim_ws/install/new_controller/lib/python3.8/site-packages/new_controller-0.0.0-py3.8.egg-info
[4.760s] running install_scripts
[4.790s] writing list of installed files to '/home/hammaad/sim_ws/build/new_controller/install.log'
[5.049s] Invoked command in '/home/hammaad/sim_ws/src/new_controller' returned '0': PYTHONPATH=/home/hammaad/sim_ws/build/new_controller/prefix_override:/home/hammaad/sim_ws/install/new_controller/lib/python3.8/site-packages:${PYTHONPATH} /usr/bin/python3 setup.py egg_info --egg-base ../../build/new_controller build --build-base /home/hammaad/sim_ws/build/new_controller/build install --record /home/hammaad/sim_ws/build/new_controller/install.log --install-scripts $base/lib/new_controller --single-version-externally-managed
