[3.490s] Invoking command in '/home/hammaad/sim_ws/build/new_controller': PYTHONPATH=/home/hammaad/sim_ws/build/new_controller/prefix_override:/home/hammaad/sim_ws/install/new_controller/lib/python3.8/site-packages:${PYTHONPATH} /usr/bin/python3 setup.py develop --uninstall --editable --build-directory /home/hammaad/sim_ws/build/new_controller/build
[3.867s] running develop
[4.325s] Invoked command in '/home/hammaad/sim_ws/build/new_controller' returned '0': PYTHONPATH=/home/hammaad/sim_ws/build/new_controller/prefix_override:/home/hammaad/sim_ws/install/new_controller/lib/python3.8/site-packages:${PYTHONPATH} /usr/bin/python3 setup.py develop --uninstall --editable --build-directory /home/hammaad/sim_ws/build/new_controller/build
[4.327s] Invoking command in '/home/hammaad/sim_ws/src/new_controller': PYTHONPATH=/home/hammaad/sim_ws/build/new_controller/prefix_override:/home/hammaad/sim_ws/install/new_controller/lib/python3.8/site-packages:${PYTHONPATH} /usr/bin/python3 setup.py egg_info --egg-base ../../build/new_controller build --build-base /home/hammaad/sim_ws/build/new_controller/build install --record /home/hammaad/sim_ws/build/new_controller/install.log --install-scripts $base/lib/new_controller --single-version-externally-managed
[4.681s] running egg_info
[4.682s] writing ../../build/new_controller/new_controller.egg-info/PKG-INFO
[4.689s] writing dependency_links to ../../build/new_controller/new_controller.egg-info/dependency_links.txt
[4.691s] writing entry points to ../../build/new_controller/new_controller.egg-info/entry_points.txt
[4.691s] writing requirements to ../../build/new_controller/new_controller.egg-info/requires.txt
[4.691s] writing top-level names to ../../build/new_controller/new_controller.egg-info/top_level.txt
[4.886s] reading manifest file '../../build/new_controller/new_controller.egg-info/SOURCES.txt'
[4.901s] writing manifest file '../../build/new_controller/new_controller.egg-info/SOURCES.txt'
[4.933s] running build
[4.933s] running build_py
[4.958s] running install
[4.960s] running install_lib
[4.989s] running install_data
[4.991s] running install_egg_info
[4.994s] removing '/home/hammaad/sim_ws/install/new_controller/lib/python3.8/site-packages/new_controller-0.0.0-py3.8.egg-info' (and everything under it)
[4.994s] Copying ../../build/new_controller/new_controller.egg-info to /home/hammaad/sim_ws/install/new_controller/lib/python3.8/site-packages/new_controller-0.0.0-py3.8.egg-info
[4.996s] running install_scripts
[5.023s] writing list of installed files to '/home/hammaad/sim_ws/build/new_controller/install.log'
[5.441s] Invoked command in '/home/hammaad/sim_ws/src/new_controller' returned '0': PYTHONPATH=/home/hammaad/sim_ws/build/new_controller/prefix_override:/home/hammaad/sim_ws/install/new_controller/lib/python3.8/site-packages:${PYTHONPATH} /usr/bin/python3 setup.py egg_info --egg-base ../../build/new_controller build --build-base /home/hammaad/sim_ws/build/new_controller/build install --record /home/hammaad/sim_ws/build/new_controller/install.log --install-scripts $base/lib/new_controller --single-version-externally-managed
