[1.965s] DEBUG:colcon:Command line arguments: ['/usr/bin/colcon', 'build']
[1.965s] DEBUG:colcon:Parsed command line arguments: Namespace(allow_overriding=[], ament_cmake_args=None, base_paths=['.'], build_base='build', catkin_cmake_args=None, catkin_skip_building_tests=False, cmake_args=None, cmake_clean_cache=False, cmake_clean_first=False, cmake_force_configure=False, cmake_target=None, cmake_target_skip_unavailable=False, continue_on_error=False, event_handlers=None, executor='parallel', ignore_user_meta=False, install_base='install', log_base=None, log_level=None, main=<bound method BuildVerb.main of <colcon_core.verb.build.BuildVerb object at 0x7f37522a7cd0>>, merge_install=False, metas=['./colcon.meta'], packages_above=None, packages_above_and_dependencies=None, packages_above_depth=None, packages_end=None, packages_ignore=None, packages_ignore_regex=None, packages_select=None, packages_select_build_failed=False, packages_select_by_dep=None, packages_select_regex=None, packages_select_test_failures=False, packages_skip=None, packages_skip_build_finished=False, packages_skip_by_dep=None, packages_skip_regex=None, packages_skip_test_passed=False, packages_skip_up_to=None, packages_start=None, packages_up_to=None, packages_up_to_regex=None, parallel_workers=4, paths=None, symlink_install=False, test_result_base=None, verb_extension=<colcon_core.verb.build.BuildVerb object at 0x7f37522a7cd0>, verb_name='build', verb_parser=<colcon_defaults.argument_parser.defaults.DefaultArgumentsDecorator object at 0x7f37522b3280>)
[2.090s] Level 1:colcon.colcon_core.package_discovery:discover_packages(colcon_meta) check parameters
[2.090s] Level 1:colcon.colcon_core.package_discovery:discover_packages(recursive) check parameters
[2.090s] Level 1:colcon.colcon_core.package_discovery:discover_packages(ignore) check parameters
[2.090s] Level 1:colcon.colcon_core.package_discovery:discover_packages(path) check parameters
[2.090s] Level 1:colcon.colcon_core.package_discovery:discover_packages(colcon_meta) discover
[2.090s] Level 1:colcon.colcon_core.package_discovery:discover_packages(recursive) discover
[2.090s] INFO:colcon.colcon_core.package_discovery:Crawling recursively for packages in '/home/hammaad/sim_ws'
[2.090s] Level 1:colcon.colcon_core.package_identification:_identify(.) by extensions ['ignore', 'ignore_ament_install']
[2.090s] Level 1:colcon.colcon_core.package_identification:_identify(.) by extension 'ignore'
[2.091s] Level 1:colcon.colcon_core.package_identification:_identify(.) by extension 'ignore_ament_install'
[2.091s] Level 1:colcon.colcon_core.package_identification:_identify(.) by extensions ['colcon_pkg']
[2.091s] Level 1:colcon.colcon_core.package_identification:_identify(.) by extension 'colcon_pkg'
[2.091s] Level 1:colcon.colcon_core.package_identification:_identify(.) by extensions ['colcon_meta']
[2.091s] Level 1:colcon.colcon_core.package_identification:_identify(.) by extension 'colcon_meta'
[2.091s] Level 1:colcon.colcon_core.package_identification:_identify(.) by extensions ['ros']
[2.091s] Level 1:colcon.colcon_core.package_identification:_identify(.) by extension 'ros'
[2.117s] Level 1:colcon.colcon_core.package_identification:_identify(.) by extensions ['cmake', 'python']
[2.117s] Level 1:colcon.colcon_core.package_identification:_identify(.) by extension 'cmake'
[2.117s] Level 1:colcon.colcon_core.package_identification:_identify(.) by extension 'python'
[2.118s] Level 1:colcon.colcon_core.package_identification:_identify(.) by extensions ['python_setup_py']
[2.118s] Level 1:colcon.colcon_core.package_identification:_identify(.) by extension 'python_setup_py'
[2.118s] Level 1:colcon.colcon_core.package_identification:_identify(PLOTS) by extensions ['ignore', 'ignore_ament_install']
[2.118s] Level 1:colcon.colcon_core.package_identification:_identify(PLOTS) by extension 'ignore'
[2.118s] Level 1:colcon.colcon_core.package_identification:_identify(PLOTS) by extension 'ignore_ament_install'
[2.118s] Level 1:colcon.colcon_core.package_identification:_identify(PLOTS) by extensions ['colcon_pkg']
[2.118s] Level 1:colcon.colcon_core.package_identification:_identify(PLOTS) by extension 'colcon_pkg'
[2.118s] Level 1:colcon.colcon_core.package_identification:_identify(PLOTS) by extensions ['colcon_meta']
[2.118s] Level 1:colcon.colcon_core.package_identification:_identify(PLOTS) by extension 'colcon_meta'
[2.118s] Level 1:colcon.colcon_core.package_identification:_identify(PLOTS) by extensions ['ros']
[2.118s] Level 1:colcon.colcon_core.package_identification:_identify(PLOTS) by extension 'ros'
[2.119s] Level 1:colcon.colcon_core.package_identification:_identify(PLOTS) by extensions ['cmake', 'python']
[2.119s] Level 1:colcon.colcon_core.package_identification:_identify(PLOTS) by extension 'cmake'
[2.119s] Level 1:colcon.colcon_core.package_identification:_identify(PLOTS) by extension 'python'
[2.119s] Level 1:colcon.colcon_core.package_identification:_identify(PLOTS) by extensions ['python_setup_py']
[2.119s] Level 1:colcon.colcon_core.package_identification:_identify(PLOTS) by extension 'python_setup_py'
[2.119s] Level 1:colcon.colcon_core.package_identification:_identify(PLOTS/MAX_SPEED_3) by extensions ['ignore', 'ignore_ament_install']
[2.119s] Level 1:colcon.colcon_core.package_identification:_identify(PLOTS/MAX_SPEED_3) by extension 'ignore'
[2.119s] Level 1:colcon.colcon_core.package_identification:_identify(PLOTS/MAX_SPEED_3) by extension 'ignore_ament_install'
[2.119s] Level 1:colcon.colcon_core.package_identification:_identify(PLOTS/MAX_SPEED_3) by extensions ['colcon_pkg']
[2.119s] Level 1:colcon.colcon_core.package_identification:_identify(PLOTS/MAX_SPEED_3) by extension 'colcon_pkg'
[2.119s] Level 1:colcon.colcon_core.package_identification:_identify(PLOTS/MAX_SPEED_3) by extensions ['colcon_meta']
[2.119s] Level 1:colcon.colcon_core.package_identification:_identify(PLOTS/MAX_SPEED_3) by extension 'colcon_meta'
[2.119s] Level 1:colcon.colcon_core.package_identification:_identify(PLOTS/MAX_SPEED_3) by extensions ['ros']
[2.119s] Level 1:colcon.colcon_core.package_identification:_identify(PLOTS/MAX_SPEED_3) by extension 'ros'
[2.120s] Level 1:colcon.colcon_core.package_identification:_identify(PLOTS/MAX_SPEED_3) by extensions ['cmake', 'python']
[2.120s] Level 1:colcon.colcon_core.package_identification:_identify(PLOTS/MAX_SPEED_3) by extension 'cmake'
[2.120s] Level 1:colcon.colcon_core.package_identification:_identify(PLOTS/MAX_SPEED_3) by extension 'python'
[2.120s] Level 1:colcon.colcon_core.package_identification:_identify(PLOTS/MAX_SPEED_3) by extensions ['python_setup_py']
[2.120s] Level 1:colcon.colcon_core.package_identification:_identify(PLOTS/MAX_SPEED_3) by extension 'python_setup_py'
[2.120s] Level 1:colcon.colcon_core.package_identification:_identify(PLOTS/MAX_SPEED_3/Std = 0.01) by extensions ['ignore', 'ignore_ament_install']
[2.120s] Level 1:colcon.colcon_core.package_identification:_identify(PLOTS/MAX_SPEED_3/Std = 0.01) by extension 'ignore'
[2.120s] Level 1:colcon.colcon_core.package_identification:_identify(PLOTS/MAX_SPEED_3/Std = 0.01) by extension 'ignore_ament_install'
[2.120s] Level 1:colcon.colcon_core.package_identification:_identify(PLOTS/MAX_SPEED_3/Std = 0.01) by extensions ['colcon_pkg']
[2.120s] Level 1:colcon.colcon_core.package_identification:_identify(PLOTS/MAX_SPEED_3/Std = 0.01) by extension 'colcon_pkg'
[2.120s] Level 1:colcon.colcon_core.package_identification:_identify(PLOTS/MAX_SPEED_3/Std = 0.01) by extensions ['colcon_meta']
[2.120s] Level 1:colcon.colcon_core.package_identification:_identify(PLOTS/MAX_SPEED_3/Std = 0.01) by extension 'colcon_meta'
[2.120s] Level 1:colcon.colcon_core.package_identification:_identify(PLOTS/MAX_SPEED_3/Std = 0.01) by extensions ['ros']
[2.120s] Level 1:colcon.colcon_core.package_identification:_identify(PLOTS/MAX_SPEED_3/Std = 0.01) by extension 'ros'
[2.121s] Level 1:colcon.colcon_core.package_identification:_identify(PLOTS/MAX_SPEED_3/Std = 0.01) by extensions ['cmake', 'python']
[2.121s] Level 1:colcon.colcon_core.package_identification:_identify(PLOTS/MAX_SPEED_3/Std = 0.01) by extension 'cmake'
[2.121s] Level 1:colcon.colcon_core.package_identification:_identify(PLOTS/MAX_SPEED_3/Std = 0.01) by extension 'python'
[2.121s] Level 1:colcon.colcon_core.package_identification:_identify(PLOTS/MAX_SPEED_3/Std = 0.01) by extensions ['python_setup_py']
[2.121s] Level 1:colcon.colcon_core.package_identification:_identify(PLOTS/MAX_SPEED_3/Std = 0.01) by extension 'python_setup_py'
[2.121s] Level 1:colcon.colcon_core.package_identification:_identify(PLOTS/MAX_SPEED_3/Std = 0.02) by extensions ['ignore', 'ignore_ament_install']
[2.121s] Level 1:colcon.colcon_core.package_identification:_identify(PLOTS/MAX_SPEED_3/Std = 0.02) by extension 'ignore'
[2.121s] Level 1:colcon.colcon_core.package_identification:_identify(PLOTS/MAX_SPEED_3/Std = 0.02) by extension 'ignore_ament_install'
[2.121s] Level 1:colcon.colcon_core.package_identification:_identify(PLOTS/MAX_SPEED_3/Std = 0.02) by extensions ['colcon_pkg']
[2.121s] Level 1:colcon.colcon_core.package_identification:_identify(PLOTS/MAX_SPEED_3/Std = 0.02) by extension 'colcon_pkg'
[2.121s] Level 1:colcon.colcon_core.package_identification:_identify(PLOTS/MAX_SPEED_3/Std = 0.02) by extensions ['colcon_meta']
[2.121s] Level 1:colcon.colcon_core.package_identification:_identify(PLOTS/MAX_SPEED_3/Std = 0.02) by extension 'colcon_meta'
[2.121s] Level 1:colcon.colcon_core.package_identification:_identify(PLOTS/MAX_SPEED_3/Std = 0.02) by extensions ['ros']
[2.121s] Level 1:colcon.colcon_core.package_identification:_identify(PLOTS/MAX_SPEED_3/Std = 0.02) by extension 'ros'
[2.122s] Level 1:colcon.colcon_core.package_identification:_identify(PLOTS/MAX_SPEED_3/Std = 0.02) by extensions ['cmake', 'python']
[2.122s] Level 1:colcon.colcon_core.package_identification:_identify(PLOTS/MAX_SPEED_3/Std = 0.02) by extension 'cmake'
[2.122s] Level 1:colcon.colcon_core.package_identification:_identify(PLOTS/MAX_SPEED_3/Std = 0.02) by extension 'python'
[2.122s] Level 1:colcon.colcon_core.package_identification:_identify(PLOTS/MAX_SPEED_3/Std = 0.02) by extensions ['python_setup_py']
[2.122s] Level 1:colcon.colcon_core.package_identification:_identify(PLOTS/MAX_SPEED_3/Std = 0.02) by extension 'python_setup_py'
[2.122s] Level 1:colcon.colcon_core.package_identification:_identify(PLOTS/MAX_SPEED_3/Std = 0.05) by extensions ['ignore', 'ignore_ament_install']
[2.122s] Level 1:colcon.colcon_core.package_identification:_identify(PLOTS/MAX_SPEED_3/Std = 0.05) by extension 'ignore'
[2.122s] Level 1:colcon.colcon_core.package_identification:_identify(PLOTS/MAX_SPEED_3/Std = 0.05) by extension 'ignore_ament_install'
[2.122s] Level 1:colcon.colcon_core.package_identification:_identify(PLOTS/MAX_SPEED_3/Std = 0.05) by extensions ['colcon_pkg']
[2.122s] Level 1:colcon.colcon_core.package_identification:_identify(PLOTS/MAX_SPEED_3/Std = 0.05) by extension 'colcon_pkg'
[2.122s] Level 1:colcon.colcon_core.package_identification:_identify(PLOTS/MAX_SPEED_3/Std = 0.05) by extensions ['colcon_meta']
[2.122s] Level 1:colcon.colcon_core.package_identification:_identify(PLOTS/MAX_SPEED_3/Std = 0.05) by extension 'colcon_meta'
[2.122s] Level 1:colcon.colcon_core.package_identification:_identify(PLOTS/MAX_SPEED_3/Std = 0.05) by extensions ['ros']
[2.122s] Level 1:colcon.colcon_core.package_identification:_identify(PLOTS/MAX_SPEED_3/Std = 0.05) by extension 'ros'
[2.123s] Level 1:colcon.colcon_core.package_identification:_identify(PLOTS/MAX_SPEED_3/Std = 0.05) by extensions ['cmake', 'python']
[2.123s] Level 1:colcon.colcon_core.package_identification:_identify(PLOTS/MAX_SPEED_3/Std = 0.05) by extension 'cmake'
[2.123s] Level 1:colcon.colcon_core.package_identification:_identify(PLOTS/MAX_SPEED_3/Std = 0.05) by extension 'python'
[2.123s] Level 1:colcon.colcon_core.package_identification:_identify(PLOTS/MAX_SPEED_3/Std = 0.05) by extensions ['python_setup_py']
[2.123s] Level 1:colcon.colcon_core.package_identification:_identify(PLOTS/MAX_SPEED_3/Std = 0.05) by extension 'python_setup_py'
[2.123s] Level 1:colcon.colcon_core.package_identification:_identify(build) by extensions ['ignore', 'ignore_ament_install']
[2.123s] Level 1:colcon.colcon_core.package_identification:_identify(build) by extension 'ignore'
[2.123s] Level 1:colcon.colcon_core.package_identification:_identify(build) ignored
[2.123s] Level 1:colcon.colcon_core.package_identification:_identify(install) by extensions ['ignore', 'ignore_ament_install']
[2.123s] Level 1:colcon.colcon_core.package_identification:_identify(install) by extension 'ignore'
[2.123s] Level 1:colcon.colcon_core.package_identification:_identify(install) ignored
[2.124s] Level 1:colcon.colcon_core.package_identification:_identify(log) by extensions ['ignore', 'ignore_ament_install']
[2.124s] Level 1:colcon.colcon_core.package_identification:_identify(log) by extension 'ignore'
[2.124s] Level 1:colcon.colcon_core.package_identification:_identify(log) ignored
[2.124s] Level 1:colcon.colcon_core.package_identification:_identify(src) by extensions ['ignore', 'ignore_ament_install']
[2.124s] Level 1:colcon.colcon_core.package_identification:_identify(src) by extension 'ignore'
[2.124s] Level 1:colcon.colcon_core.package_identification:_identify(src) by extension 'ignore_ament_install'
[2.124s] Level 1:colcon.colcon_core.package_identification:_identify(src) by extensions ['colcon_pkg']
[2.124s] Level 1:colcon.colcon_core.package_identification:_identify(src) by extension 'colcon_pkg'
[2.124s] Level 1:colcon.colcon_core.package_identification:_identify(src) by extensions ['colcon_meta']
[2.124s] Level 1:colcon.colcon_core.package_identification:_identify(src) by extension 'colcon_meta'
[2.124s] Level 1:colcon.colcon_core.package_identification:_identify(src) by extensions ['ros']
[2.125s] Level 1:colcon.colcon_core.package_identification:_identify(src) by extension 'ros'
[2.125s] Level 1:colcon.colcon_core.package_identification:_identify(src) by extensions ['cmake', 'python']
[2.125s] Level 1:colcon.colcon_core.package_identification:_identify(src) by extension 'cmake'
[2.125s] Level 1:colcon.colcon_core.package_identification:_identify(src) by extension 'python'
[2.125s] Level 1:colcon.colcon_core.package_identification:_identify(src) by extensions ['python_setup_py']
[2.125s] Level 1:colcon.colcon_core.package_identification:_identify(src) by extension 'python_setup_py'
[2.125s] Level 1:colcon.colcon_core.package_identification:_identify(src/f1tenth_gym_ros) by extensions ['ignore', 'ignore_ament_install']
[2.125s] Level 1:colcon.colcon_core.package_identification:_identify(src/f1tenth_gym_ros) by extension 'ignore'
[2.125s] Level 1:colcon.colcon_core.package_identification:_identify(src/f1tenth_gym_ros) by extension 'ignore_ament_install'
[2.125s] Level 1:colcon.colcon_core.package_identification:_identify(src/f1tenth_gym_ros) by extensions ['colcon_pkg']
[2.125s] Level 1:colcon.colcon_core.package_identification:_identify(src/f1tenth_gym_ros) by extension 'colcon_pkg'
[2.125s] Level 1:colcon.colcon_core.package_identification:_identify(src/f1tenth_gym_ros) by extensions ['colcon_meta']
[2.125s] Level 1:colcon.colcon_core.package_identification:_identify(src/f1tenth_gym_ros) by extension 'colcon_meta'
[2.126s] Level 1:colcon.colcon_core.package_identification:_identify(src/f1tenth_gym_ros) by extensions ['ros']
[2.126s] Level 1:colcon.colcon_core.package_identification:_identify(src/f1tenth_gym_ros) by extension 'ros'
[2.149s] DEBUG:colcon.colcon_core.package_identification:Package 'src/f1tenth_gym_ros' with type 'ros.ament_python' and name 'f1tenth_gym_ros'
[2.163s] Level 1:colcon.colcon_core.package_identification:_identify(src/new_controller) by extensions ['ignore', 'ignore_ament_install']
[2.163s] Level 1:colcon.colcon_core.package_identification:_identify(src/new_controller) by extension 'ignore'
[2.163s] Level 1:colcon.colcon_core.package_identification:_identify(src/new_controller) by extension 'ignore_ament_install'
[2.163s] Level 1:colcon.colcon_core.package_identification:_identify(src/new_controller) by extensions ['colcon_pkg']
[2.163s] Level 1:colcon.colcon_core.package_identification:_identify(src/new_controller) by extension 'colcon_pkg'
[2.163s] Level 1:colcon.colcon_core.package_identification:_identify(src/new_controller) by extensions ['colcon_meta']
[2.163s] Level 1:colcon.colcon_core.package_identification:_identify(src/new_controller) by extension 'colcon_meta'
[2.163s] Level 1:colcon.colcon_core.package_identification:_identify(src/new_controller) by extensions ['ros']
[2.164s] Level 1:colcon.colcon_core.package_identification:_identify(src/new_controller) by extension 'ros'
[2.181s] DEBUG:colcon.colcon_core.package_identification:Package 'src/new_controller' with type 'ros.ament_python' and name 'new_controller'
[2.181s] Level 1:colcon.colcon_core.package_identification:_identify(src/sac_agent_pkg) by extensions ['ignore', 'ignore_ament_install']
[2.181s] Level 1:colcon.colcon_core.package_identification:_identify(src/sac_agent_pkg) by extension 'ignore'
[2.181s] Level 1:colcon.colcon_core.package_identification:_identify(src/sac_agent_pkg) by extension 'ignore_ament_install'
[2.181s] Level 1:colcon.colcon_core.package_identification:_identify(src/sac_agent_pkg) by extensions ['colcon_pkg']
[2.181s] Level 1:colcon.colcon_core.package_identification:_identify(src/sac_agent_pkg) by extension 'colcon_pkg'
[2.182s] Level 1:colcon.colcon_core.package_identification:_identify(src/sac_agent_pkg) by extensions ['colcon_meta']
[2.182s] Level 1:colcon.colcon_core.package_identification:_identify(src/sac_agent_pkg) by extension 'colcon_meta'
[2.182s] Level 1:colcon.colcon_core.package_identification:_identify(src/sac_agent_pkg) by extensions ['ros']
[2.182s] Level 1:colcon.colcon_core.package_identification:_identify(src/sac_agent_pkg) by extension 'ros'
[2.199s] DEBUG:colcon.colcon_core.package_identification:Package 'src/sac_agent_pkg' with type 'ros.ament_python' and name 'sac_agent_pkg'
[2.199s] Level 1:colcon.colcon_core.package_discovery:discover_packages(recursive) using defaults
[2.199s] Level 1:colcon.colcon_core.package_discovery:discover_packages(ignore) discover
[2.199s] Level 1:colcon.colcon_core.package_discovery:discover_packages(ignore) using defaults
[2.199s] Level 1:colcon.colcon_core.package_discovery:discover_packages(path) discover
[2.199s] Level 1:colcon.colcon_core.package_discovery:discover_packages(path) using defaults
[2.284s] Level 1:colcon.colcon_core.package_discovery:discover_packages(prefix_path) check parameters
[2.284s] Level 1:colcon.colcon_core.package_discovery:discover_packages(prefix_path) discover
[2.306s] DEBUG:colcon.colcon_installed_package_information.package_discovery:Found 4 installed packages in /home/hammaad/sim_ws/install
[2.322s] DEBUG:colcon.colcon_installed_package_information.package_discovery:Found 265 installed packages in /opt/ros/foxy
[2.324s] Level 1:colcon.colcon_core.package_discovery:discover_packages(prefix_path) using defaults
[4.457s] Level 5:colcon.colcon_core.verb:set package 'f1tenth_gym_ros' build argument 'cmake_args' from command line to 'None'
[4.457s] Level 5:colcon.colcon_core.verb:set package 'f1tenth_gym_ros' build argument 'cmake_target' from command line to 'None'
[4.457s] Level 5:colcon.colcon_core.verb:set package 'f1tenth_gym_ros' build argument 'cmake_target_skip_unavailable' from command line to 'False'
[4.457s] Level 5:colcon.colcon_core.verb:set package 'f1tenth_gym_ros' build argument 'cmake_clean_cache' from command line to 'False'
[4.457s] Level 5:colcon.colcon_core.verb:set package 'f1tenth_gym_ros' build argument 'cmake_clean_first' from command line to 'False'
[4.457s] Level 5:colcon.colcon_core.verb:set package 'f1tenth_gym_ros' build argument 'cmake_force_configure' from command line to 'False'
[4.457s] Level 5:colcon.colcon_core.verb:set package 'f1tenth_gym_ros' build argument 'ament_cmake_args' from command line to 'None'
[4.457s] Level 5:colcon.colcon_core.verb:set package 'f1tenth_gym_ros' build argument 'catkin_cmake_args' from command line to 'None'
[4.457s] Level 5:colcon.colcon_core.verb:set package 'f1tenth_gym_ros' build argument 'catkin_skip_building_tests' from command line to 'False'
[4.457s] DEBUG:colcon.colcon_core.verb:Building package 'f1tenth_gym_ros' with the following arguments: {'ament_cmake_args': None, 'build_base': '/home/hammaad/sim_ws/build/f1tenth_gym_ros', 'catkin_cmake_args': None, 'catkin_skip_building_tests': False, 'cmake_args': None, 'cmake_clean_cache': False, 'cmake_clean_first': False, 'cmake_force_configure': False, 'cmake_target': None, 'cmake_target_skip_unavailable': False, 'install_base': '/home/hammaad/sim_ws/install/f1tenth_gym_ros', 'merge_install': False, 'path': '/home/hammaad/sim_ws/src/f1tenth_gym_ros', 'symlink_install': False, 'test_result_base': None}
[4.459s] Level 5:colcon.colcon_core.verb:set package 'new_controller' build argument 'cmake_args' from command line to 'None'
[4.459s] Level 5:colcon.colcon_core.verb:set package 'new_controller' build argument 'cmake_target' from command line to 'None'
[4.460s] Level 5:colcon.colcon_core.verb:set package 'new_controller' build argument 'cmake_target_skip_unavailable' from command line to 'False'
[4.460s] Level 5:colcon.colcon_core.verb:set package 'new_controller' build argument 'cmake_clean_cache' from command line to 'False'
[4.460s] Level 5:colcon.colcon_core.verb:set package 'new_controller' build argument 'cmake_clean_first' from command line to 'False'
[4.460s] Level 5:colcon.colcon_core.verb:set package 'new_controller' build argument 'cmake_force_configure' from command line to 'False'
[4.460s] Level 5:colcon.colcon_core.verb:set package 'new_controller' build argument 'ament_cmake_args' from command line to 'None'
[4.460s] Level 5:colcon.colcon_core.verb:set package 'new_controller' build argument 'catkin_cmake_args' from command line to 'None'
[4.460s] Level 5:colcon.colcon_core.verb:set package 'new_controller' build argument 'catkin_skip_building_tests' from command line to 'False'
[4.460s] DEBUG:colcon.colcon_core.verb:Building package 'new_controller' with the following arguments: {'ament_cmake_args': None, 'build_base': '/home/hammaad/sim_ws/build/new_controller', 'catkin_cmake_args': None, 'catkin_skip_building_tests': False, 'cmake_args': None, 'cmake_clean_cache': False, 'cmake_clean_first': False, 'cmake_force_configure': False, 'cmake_target': None, 'cmake_target_skip_unavailable': False, 'install_base': '/home/hammaad/sim_ws/install/new_controller', 'merge_install': False, 'path': '/home/hammaad/sim_ws/src/new_controller', 'symlink_install': False, 'test_result_base': None}
[4.462s] Level 5:colcon.colcon_core.verb:set package 'sac_agent_pkg' build argument 'cmake_args' from command line to 'None'
[4.462s] Level 5:colcon.colcon_core.verb:set package 'sac_agent_pkg' build argument 'cmake_target' from command line to 'None'
[4.462s] Level 5:colcon.colcon_core.verb:set package 'sac_agent_pkg' build argument 'cmake_target_skip_unavailable' from command line to 'False'
[4.462s] Level 5:colcon.colcon_core.verb:set package 'sac_agent_pkg' build argument 'cmake_clean_cache' from command line to 'False'
[4.462s] Level 5:colcon.colcon_core.verb:set package 'sac_agent_pkg' build argument 'cmake_clean_first' from command line to 'False'
[4.462s] Level 5:colcon.colcon_core.verb:set package 'sac_agent_pkg' build argument 'cmake_force_configure' from command line to 'False'
[4.462s] Level 5:colcon.colcon_core.verb:set package 'sac_agent_pkg' build argument 'ament_cmake_args' from command line to 'None'
[4.462s] Level 5:colcon.colcon_core.verb:set package 'sac_agent_pkg' build argument 'catkin_cmake_args' from command line to 'None'
[4.462s] Level 5:colcon.colcon_core.verb:set package 'sac_agent_pkg' build argument 'catkin_skip_building_tests' from command line to 'False'
[4.462s] DEBUG:colcon.colcon_core.verb:Building package 'sac_agent_pkg' with the following arguments: {'ament_cmake_args': None, 'build_base': '/home/hammaad/sim_ws/build/sac_agent_pkg', 'catkin_cmake_args': None, 'catkin_skip_building_tests': False, 'cmake_args': None, 'cmake_clean_cache': False, 'cmake_clean_first': False, 'cmake_force_configure': False, 'cmake_target': None, 'cmake_target_skip_unavailable': False, 'install_base': '/home/hammaad/sim_ws/install/sac_agent_pkg', 'merge_install': False, 'path': '/home/hammaad/sim_ws/src/sac_agent_pkg', 'symlink_install': False, 'test_result_base': None}
[4.463s] INFO:colcon.colcon_core.executor:Executing jobs using 'parallel' executor
[4.470s] DEBUG:colcon.colcon_parallel_executor.executor.parallel:run_until_complete
[4.471s] INFO:colcon.colcon_ros.task.ament_python.build:Building ROS package in '/home/hammaad/sim_ws/src/f1tenth_gym_ros' with build type 'ament_python'
[4.471s] Level 1:colcon.colcon_core.shell:create_environment_hook('f1tenth_gym_ros', 'ament_prefix_path')
[4.577s] INFO:colcon.colcon_core.plugin_system:Skipping extension 'colcon_core.shell.bat': Not used on non-Windows systems
[4.577s] INFO:colcon.colcon_core.shell:Creating environment hook '/home/hammaad/sim_ws/install/f1tenth_gym_ros/share/f1tenth_gym_ros/hook/ament_prefix_path.ps1'
[4.591s] INFO:colcon.colcon_core.shell:Creating environment descriptor '/home/hammaad/sim_ws/install/f1tenth_gym_ros/share/f1tenth_gym_ros/hook/ament_prefix_path.dsv'
[4.605s] INFO:colcon.colcon_core.shell:Creating environment hook '/home/hammaad/sim_ws/install/f1tenth_gym_ros/share/f1tenth_gym_ros/hook/ament_prefix_path.sh'
[4.610s] INFO:colcon.colcon_core.shell:Skip shell extension 'powershell' for command environment: Not usable outside of PowerShell
[4.610s] DEBUG:colcon.colcon_core.shell:Skip shell extension 'dsv' for command environment
[4.658s] INFO:colcon.colcon_ros.task.ament_python.build:Building ROS package in '/home/hammaad/sim_ws/src/new_controller' with build type 'ament_python'
[4.659s] Level 1:colcon.colcon_core.shell:create_environment_hook('new_controller', 'ament_prefix_path')
[4.661s] INFO:colcon.colcon_core.shell:Creating environment hook '/home/hammaad/sim_ws/install/new_controller/share/new_controller/hook/ament_prefix_path.ps1'
[4.707s] INFO:colcon.colcon_core.shell:Creating environment descriptor '/home/hammaad/sim_ws/install/new_controller/share/new_controller/hook/ament_prefix_path.dsv'
[4.708s] INFO:colcon.colcon_core.shell:Creating environment hook '/home/hammaad/sim_ws/install/new_controller/share/new_controller/hook/ament_prefix_path.sh'
[4.711s] INFO:colcon.colcon_core.shell:Skip shell extension 'powershell' for command environment: Not usable outside of PowerShell
[4.711s] DEBUG:colcon.colcon_core.shell:Skip shell extension 'dsv' for command environment
[4.759s] INFO:colcon.colcon_ros.task.ament_python.build:Building ROS package in '/home/hammaad/sim_ws/src/sac_agent_pkg' with build type 'ament_python'
[4.760s] Level 1:colcon.colcon_core.shell:create_environment_hook('sac_agent_pkg', 'ament_prefix_path')
[4.764s] INFO:colcon.colcon_core.shell:Creating environment hook '/home/hammaad/sim_ws/install/sac_agent_pkg/share/sac_agent_pkg/hook/ament_prefix_path.ps1'
[4.767s] INFO:colcon.colcon_core.shell:Creating environment descriptor '/home/hammaad/sim_ws/install/sac_agent_pkg/share/sac_agent_pkg/hook/ament_prefix_path.dsv'
[4.767s] INFO:colcon.colcon_core.shell:Creating environment hook '/home/hammaad/sim_ws/install/sac_agent_pkg/share/sac_agent_pkg/hook/ament_prefix_path.sh'
[4.771s] INFO:colcon.colcon_core.shell:Skip shell extension 'powershell' for command environment: Not usable outside of PowerShell
[4.771s] DEBUG:colcon.colcon_core.shell:Skip shell extension 'dsv' for command environment
[5.212s] INFO:colcon.colcon_core.task.python.build:Building Python package in '/home/hammaad/sim_ws/src/f1tenth_gym_ros'
[5.217s] INFO:colcon.colcon_core.shell:Skip shell extension 'powershell' for command environment: Not usable outside of PowerShell
[5.217s] DEBUG:colcon.colcon_core.shell:Skip shell extension 'dsv' for command environment
[5.615s] INFO:colcon.colcon_core.task.python.build:Building Python package in '/home/hammaad/sim_ws/src/new_controller'
[5.618s] INFO:colcon.colcon_core.shell:Skip shell extension 'powershell' for command environment: Not usable outside of PowerShell
[5.618s] DEBUG:colcon.colcon_core.shell:Skip shell extension 'dsv' for command environment
[6.045s] INFO:colcon.colcon_core.task.python.build:Building Python package in '/home/hammaad/sim_ws/src/sac_agent_pkg'
[6.048s] INFO:colcon.colcon_core.shell:Skip shell extension 'powershell' for command environment: Not usable outside of PowerShell
[6.048s] DEBUG:colcon.colcon_core.shell:Skip shell extension 'dsv' for command environment
[9.965s] DEBUG:colcon.colcon_core.event_handler.log_command:Invoking command in '/home/hammaad/sim_ws/build/sac_agent_pkg': PYTHONPATH=/home/hammaad/sim_ws/build/sac_agent_pkg/prefix_override:/home/hammaad/sim_ws/install/sac_agent_pkg/lib/python3.8/site-packages:${PYTHONPATH} /usr/bin/python3 setup.py develop --uninstall --editable --build-directory /home/hammaad/sim_ws/build/sac_agent_pkg/build
[10.076s] DEBUG:colcon.colcon_core.event_handler.log_command:Invoking command in '/home/hammaad/sim_ws/build/new_controller': PYTHONPATH=/home/hammaad/sim_ws/build/new_controller/prefix_override:/home/hammaad/sim_ws/install/new_controller/lib/python3.8/site-packages:${PYTHONPATH} /usr/bin/python3 setup.py develop --uninstall --editable --build-directory /home/hammaad/sim_ws/build/new_controller/build
[10.082s] DEBUG:colcon.colcon_core.event_handler.log_command:Invoking command in '/home/hammaad/sim_ws/build/f1tenth_gym_ros': PYTHONPATH=/home/hammaad/sim_ws/build/f1tenth_gym_ros/prefix_override:/home/hammaad/sim_ws/install/f1tenth_gym_ros/lib/python3.8/site-packages:${PYTHONPATH} /usr/bin/python3 setup.py develop --uninstall --editable --build-directory /home/hammaad/sim_ws/build/f1tenth_gym_ros/build
[10.881s] DEBUG:colcon.colcon_core.event_handler.log_command:Invoked command in '/home/hammaad/sim_ws/build/f1tenth_gym_ros' returned '0': PYTHONPATH=/home/hammaad/sim_ws/build/f1tenth_gym_ros/prefix_override:/home/hammaad/sim_ws/install/f1tenth_gym_ros/lib/python3.8/site-packages:${PYTHONPATH} /usr/bin/python3 setup.py develop --uninstall --editable --build-directory /home/hammaad/sim_ws/build/f1tenth_gym_ros/build
[10.882s] DEBUG:colcon.colcon_core.event_handler.log_command:Invoking command in '/home/hammaad/sim_ws/src/f1tenth_gym_ros': PYTHONPATH=/home/hammaad/sim_ws/build/f1tenth_gym_ros/prefix_override:/home/hammaad/sim_ws/install/f1tenth_gym_ros/lib/python3.8/site-packages:${PYTHONPATH} /usr/bin/python3 setup.py egg_info --egg-base ../../build/f1tenth_gym_ros build --build-base /home/hammaad/sim_ws/build/f1tenth_gym_ros/build install --record /home/hammaad/sim_ws/build/f1tenth_gym_ros/install.log --install-scripts $base/lib/f1tenth_gym_ros --single-version-externally-managed
[10.888s] DEBUG:colcon.colcon_core.event_handler.log_command:Invoked command in '/home/hammaad/sim_ws/build/new_controller' returned '0': PYTHONPATH=/home/hammaad/sim_ws/build/new_controller/prefix_override:/home/hammaad/sim_ws/install/new_controller/lib/python3.8/site-packages:${PYTHONPATH} /usr/bin/python3 setup.py develop --uninstall --editable --build-directory /home/hammaad/sim_ws/build/new_controller/build
[10.891s] DEBUG:colcon.colcon_core.event_handler.log_command:Invoking command in '/home/hammaad/sim_ws/src/new_controller': PYTHONPATH=/home/hammaad/sim_ws/build/new_controller/prefix_override:/home/hammaad/sim_ws/install/new_controller/lib/python3.8/site-packages:${PYTHONPATH} /usr/bin/python3 setup.py egg_info --egg-base ../../build/new_controller build --build-base /home/hammaad/sim_ws/build/new_controller/build install --record /home/hammaad/sim_ws/build/new_controller/install.log --install-scripts $base/lib/new_controller --single-version-externally-managed
[10.904s] DEBUG:colcon.colcon_core.event_handler.log_command:Invoked command in '/home/hammaad/sim_ws/build/sac_agent_pkg' returned '0': PYTHONPATH=/home/hammaad/sim_ws/build/sac_agent_pkg/prefix_override:/home/hammaad/sim_ws/install/sac_agent_pkg/lib/python3.8/site-packages:${PYTHONPATH} /usr/bin/python3 setup.py develop --uninstall --editable --build-directory /home/hammaad/sim_ws/build/sac_agent_pkg/build
[10.905s] DEBUG:colcon.colcon_core.event_handler.log_command:Invoking command in '/home/hammaad/sim_ws/src/sac_agent_pkg': PYTHONPATH=/home/hammaad/sim_ws/build/sac_agent_pkg/prefix_override:/home/hammaad/sim_ws/install/sac_agent_pkg/lib/python3.8/site-packages:${PYTHONPATH} /usr/bin/python3 setup.py egg_info --egg-base ../../build/sac_agent_pkg build --build-base /home/hammaad/sim_ws/build/sac_agent_pkg/build install --record /home/hammaad/sim_ws/build/sac_agent_pkg/install.log --install-scripts $base/lib/sac_agent_pkg --single-version-externally-managed
[11.817s] DEBUG:colcon.colcon_core.event_handler.log_command:Invoked command in '/home/hammaad/sim_ws/src/new_controller' returned '0': PYTHONPATH=/home/hammaad/sim_ws/build/new_controller/prefix_override:/home/hammaad/sim_ws/install/new_controller/lib/python3.8/site-packages:${PYTHONPATH} /usr/bin/python3 setup.py egg_info --egg-base ../../build/new_controller build --build-base /home/hammaad/sim_ws/build/new_controller/build install --record /home/hammaad/sim_ws/build/new_controller/install.log --install-scripts $base/lib/new_controller --single-version-externally-managed
[12.040s] Level 1:colcon.colcon_core.environment:checking '/home/hammaad/sim_ws/install/new_controller' for CMake module files
[12.041s] Level 1:colcon.colcon_core.environment:checking '/home/hammaad/sim_ws/install/new_controller' for CMake config files
[12.042s] Level 1:colcon.colcon_core.environment:checking '/home/hammaad/sim_ws/install/new_controller/lib'
[12.042s] Level 1:colcon.colcon_core.environment:checking '/home/hammaad/sim_ws/install/new_controller/bin'
[12.042s] Level 1:colcon.colcon_core.environment:checking '/home/hammaad/sim_ws/install/new_controller/lib/pkgconfig/new_controller.pc'
[12.042s] Level 1:colcon.colcon_core.environment:checking '/home/hammaad/sim_ws/install/new_controller/lib/python3.8/site-packages'
[12.042s] Level 1:colcon.colcon_core.shell:create_environment_hook('new_controller', 'pythonpath')
[12.045s] INFO:colcon.colcon_core.shell:Creating environment hook '/home/hammaad/sim_ws/install/new_controller/share/new_controller/hook/pythonpath.ps1'
[12.066s] INFO:colcon.colcon_core.shell:Creating environment descriptor '/home/hammaad/sim_ws/install/new_controller/share/new_controller/hook/pythonpath.dsv'
[12.071s] INFO:colcon.colcon_core.shell:Creating environment hook '/home/hammaad/sim_ws/install/new_controller/share/new_controller/hook/pythonpath.sh'
[12.075s] Level 1:colcon.colcon_core.environment:checking '/home/hammaad/sim_ws/install/new_controller/bin'
[12.075s] Level 1:colcon.colcon_core.environment:create_environment_scripts_only(new_controller)
[12.079s] INFO:colcon.colcon_core.shell:Creating package script '/home/hammaad/sim_ws/install/new_controller/share/new_controller/package.ps1'
[12.123s] INFO:colcon.colcon_core.shell:Creating package descriptor '/home/hammaad/sim_ws/install/new_controller/share/new_controller/package.dsv'
[12.132s] INFO:colcon.colcon_core.shell:Creating package script '/home/hammaad/sim_ws/install/new_controller/share/new_controller/package.sh'
[12.160s] INFO:colcon.colcon_core.shell:Creating package script '/home/hammaad/sim_ws/install/new_controller/share/new_controller/package.bash'
[12.163s] INFO:colcon.colcon_core.shell:Creating package script '/home/hammaad/sim_ws/install/new_controller/share/new_controller/package.zsh'
[12.166s] Level 1:colcon.colcon_core.environment:create_file_with_runtime_dependencies(/home/hammaad/sim_ws/install/new_controller/share/colcon-core/packages/new_controller)
[12.172s] Level 1:colcon.colcon_core.environment:checking '/home/hammaad/sim_ws/install/f1tenth_gym_ros' for CMake module files
[12.173s] DEBUG:colcon.colcon_core.event_handler.log_command:Invoked command in '/home/hammaad/sim_ws/src/f1tenth_gym_ros' returned '0': PYTHONPATH=/home/hammaad/sim_ws/build/f1tenth_gym_ros/prefix_override:/home/hammaad/sim_ws/install/f1tenth_gym_ros/lib/python3.8/site-packages:${PYTHONPATH} /usr/bin/python3 setup.py egg_info --egg-base ../../build/f1tenth_gym_ros build --build-base /home/hammaad/sim_ws/build/f1tenth_gym_ros/build install --record /home/hammaad/sim_ws/build/f1tenth_gym_ros/install.log --install-scripts $base/lib/f1tenth_gym_ros --single-version-externally-managed
[12.174s] Level 1:colcon.colcon_core.environment:checking '/home/hammaad/sim_ws/install/f1tenth_gym_ros' for CMake config files
[12.175s] Level 1:colcon.colcon_core.environment:checking '/home/hammaad/sim_ws/install/f1tenth_gym_ros/lib'
[12.176s] Level 1:colcon.colcon_core.environment:checking '/home/hammaad/sim_ws/install/f1tenth_gym_ros/bin'
[12.176s] Level 1:colcon.colcon_core.environment:checking '/home/hammaad/sim_ws/install/f1tenth_gym_ros/lib/pkgconfig/f1tenth_gym_ros.pc'
[12.176s] Level 1:colcon.colcon_core.environment:checking '/home/hammaad/sim_ws/install/f1tenth_gym_ros/lib/python3.8/site-packages'
[12.176s] Level 1:colcon.colcon_core.shell:create_environment_hook('f1tenth_gym_ros', 'pythonpath')
[12.180s] INFO:colcon.colcon_core.shell:Creating environment hook '/home/hammaad/sim_ws/install/f1tenth_gym_ros/share/f1tenth_gym_ros/hook/pythonpath.ps1'
[12.192s] INFO:colcon.colcon_core.shell:Creating environment descriptor '/home/hammaad/sim_ws/install/f1tenth_gym_ros/share/f1tenth_gym_ros/hook/pythonpath.dsv'
[12.193s] INFO:colcon.colcon_core.shell:Creating environment hook '/home/hammaad/sim_ws/install/f1tenth_gym_ros/share/f1tenth_gym_ros/hook/pythonpath.sh'
[12.196s] Level 1:colcon.colcon_core.environment:checking '/home/hammaad/sim_ws/install/f1tenth_gym_ros/bin'
[12.196s] Level 1:colcon.colcon_core.environment:create_environment_scripts_only(f1tenth_gym_ros)
[12.199s] INFO:colcon.colcon_core.shell:Creating package script '/home/hammaad/sim_ws/install/f1tenth_gym_ros/share/f1tenth_gym_ros/package.ps1'
[12.211s] INFO:colcon.colcon_core.shell:Creating package descriptor '/home/hammaad/sim_ws/install/f1tenth_gym_ros/share/f1tenth_gym_ros/package.dsv'
[12.219s] INFO:colcon.colcon_core.shell:Creating package script '/home/hammaad/sim_ws/install/f1tenth_gym_ros/share/f1tenth_gym_ros/package.sh'
[12.221s] INFO:colcon.colcon_core.shell:Creating package script '/home/hammaad/sim_ws/install/f1tenth_gym_ros/share/f1tenth_gym_ros/package.bash'
[12.224s] INFO:colcon.colcon_core.shell:Creating package script '/home/hammaad/sim_ws/install/f1tenth_gym_ros/share/f1tenth_gym_ros/package.zsh'
[12.224s] Level 1:colcon.colcon_core.environment:create_file_with_runtime_dependencies(/home/hammaad/sim_ws/install/f1tenth_gym_ros/share/colcon-core/packages/f1tenth_gym_ros)
[12.229s] Level 1:colcon.colcon_core.environment:checking '/home/hammaad/sim_ws/install/sac_agent_pkg' for CMake module files
[12.230s] Level 1:colcon.colcon_core.environment:checking '/home/hammaad/sim_ws/install/sac_agent_pkg' for CMake config files
[12.237s] DEBUG:colcon.colcon_core.event_handler.log_command:Invoked command in '/home/hammaad/sim_ws/src/sac_agent_pkg' returned '0': PYTHONPATH=/home/hammaad/sim_ws/build/sac_agent_pkg/prefix_override:/home/hammaad/sim_ws/install/sac_agent_pkg/lib/python3.8/site-packages:${PYTHONPATH} /usr/bin/python3 setup.py egg_info --egg-base ../../build/sac_agent_pkg build --build-base /home/hammaad/sim_ws/build/sac_agent_pkg/build install --record /home/hammaad/sim_ws/build/sac_agent_pkg/install.log --install-scripts $base/lib/sac_agent_pkg --single-version-externally-managed
[12.239s] Level 1:colcon.colcon_core.environment:checking '/home/hammaad/sim_ws/install/sac_agent_pkg/lib'
[12.240s] Level 1:colcon.colcon_core.environment:checking '/home/hammaad/sim_ws/install/sac_agent_pkg/bin'
[12.240s] Level 1:colcon.colcon_core.environment:checking '/home/hammaad/sim_ws/install/sac_agent_pkg/lib/pkgconfig/sac_agent_pkg.pc'
[12.240s] Level 1:colcon.colcon_core.environment:checking '/home/hammaad/sim_ws/install/sac_agent_pkg/lib/python3.8/site-packages'
[12.240s] Level 1:colcon.colcon_core.shell:create_environment_hook('sac_agent_pkg', 'pythonpath')
[12.243s] INFO:colcon.colcon_core.shell:Creating environment hook '/home/hammaad/sim_ws/install/sac_agent_pkg/share/sac_agent_pkg/hook/pythonpath.ps1'
[12.245s] INFO:colcon.colcon_core.shell:Creating environment descriptor '/home/hammaad/sim_ws/install/sac_agent_pkg/share/sac_agent_pkg/hook/pythonpath.dsv'
[12.254s] INFO:colcon.colcon_core.shell:Creating environment hook '/home/hammaad/sim_ws/install/sac_agent_pkg/share/sac_agent_pkg/hook/pythonpath.sh'
[12.257s] Level 1:colcon.colcon_core.environment:checking '/home/hammaad/sim_ws/install/sac_agent_pkg/bin'
[12.257s] Level 1:colcon.colcon_core.environment:create_environment_scripts_only(sac_agent_pkg)
[12.260s] INFO:colcon.colcon_core.shell:Creating package script '/home/hammaad/sim_ws/install/sac_agent_pkg/share/sac_agent_pkg/package.ps1'
[12.261s] INFO:colcon.colcon_core.shell:Creating package descriptor '/home/hammaad/sim_ws/install/sac_agent_pkg/share/sac_agent_pkg/package.dsv'
[12.262s] INFO:colcon.colcon_core.shell:Creating package script '/home/hammaad/sim_ws/install/sac_agent_pkg/share/sac_agent_pkg/package.sh'
[12.263s] INFO:colcon.colcon_core.shell:Creating package script '/home/hammaad/sim_ws/install/sac_agent_pkg/share/sac_agent_pkg/package.bash'
[12.263s] INFO:colcon.colcon_core.shell:Creating package script '/home/hammaad/sim_ws/install/sac_agent_pkg/share/sac_agent_pkg/package.zsh'
[12.264s] Level 1:colcon.colcon_core.environment:create_file_with_runtime_dependencies(/home/hammaad/sim_ws/install/sac_agent_pkg/share/colcon-core/packages/sac_agent_pkg)
[12.264s] DEBUG:colcon.colcon_parallel_executor.executor.parallel:closing loop
[12.265s] DEBUG:colcon.colcon_parallel_executor.executor.parallel:loop closed
[12.265s] DEBUG:colcon.colcon_parallel_executor.executor.parallel:run_until_complete finished with '0'
[12.265s] DEBUG:colcon.colcon_core.event_reactor:joining thread
[12.335s] INFO:colcon.colcon_core.plugin_system:Skipping extension 'colcon_notification.desktop_notification.terminal_notifier': Not used on non-Darwin systems
[12.335s] INFO:colcon.colcon_core.plugin_system:Skipping extension 'colcon_notification.desktop_notification.win32': Not used on non-Windows systems
[12.335s] INFO:colcon.colcon_notification.desktop_notification:Sending desktop notification using 'notify2'
[12.660s] DEBUG:colcon.colcon_core.event_reactor:joined thread
[12.663s] INFO:colcon.colcon_core.shell:Creating prefix script '/home/hammaad/sim_ws/install/local_setup.ps1'
[12.670s] INFO:colcon.colcon_core.shell:Creating prefix util module '/home/hammaad/sim_ws/install/_local_setup_util_ps1.py'
[12.725s] INFO:colcon.colcon_core.shell:Creating prefix chain script '/home/hammaad/sim_ws/install/setup.ps1'
[12.767s] INFO:colcon.colcon_core.shell:Creating prefix script '/home/hammaad/sim_ws/install/local_setup.sh'
[12.778s] INFO:colcon.colcon_core.shell:Creating prefix util module '/home/hammaad/sim_ws/install/_local_setup_util_sh.py'
[12.779s] INFO:colcon.colcon_core.shell:Creating prefix chain script '/home/hammaad/sim_ws/install/setup.sh'
[12.789s] INFO:colcon.colcon_core.shell:Creating prefix script '/home/hammaad/sim_ws/install/local_setup.bash'
[12.802s] INFO:colcon.colcon_core.shell:Creating prefix chain script '/home/hammaad/sim_ws/install/setup.bash'
[12.844s] INFO:colcon.colcon_core.shell:Creating prefix script '/home/hammaad/sim_ws/install/local_setup.zsh'
[12.879s] INFO:colcon.colcon_core.shell:Creating prefix chain script '/home/hammaad/sim_ws/install/setup.zsh'
