[0.958s] Invoking command in '/home/hammaad/sim_ws/build/new_controller': PYTHONPATH=/home/hammaad/sim_ws/build/new_controller/prefix_override:/home/hammaad/sim_ws/install/new_controller/lib/python3.8/site-packages:${PYTHONPATH} /usr/bin/python3 setup.py develop --uninstall --editable --build-directory /home/hammaad/sim_ws/build/new_controller/build
[1.165s] running develop
[1.335s] Invoked command in '/home/hammaad/sim_ws/build/new_controller' returned '0': PYTHONPATH=/home/hammaad/sim_ws/build/new_controller/prefix_override:/home/hammaad/sim_ws/install/new_controller/lib/python3.8/site-packages:${PYTHONPATH} /usr/bin/python3 setup.py develop --uninstall --editable --build-directory /home/hammaad/sim_ws/build/new_controller/build
[1.336s] Invoking command in '/home/hammaad/sim_ws/src/new_controller': PYTHONPATH=/home/hammaad/sim_ws/build/new_controller/prefix_override:/home/hammaad/sim_ws/install/new_controller/lib/python3.8/site-packages:${PYTHONPATH} /usr/bin/python3 setup.py egg_info --egg-base ../../build/new_controller build --build-base /home/hammaad/sim_ws/build/new_controller/build install --record /home/hammaad/sim_ws/build/new_controller/install.log --install-scripts $base/lib/new_controller --single-version-externally-managed
[1.562s] running egg_info
[1.563s] writing ../../build/new_controller/new_controller.egg-info/PKG-INFO
[1.564s] writing dependency_links to ../../build/new_controller/new_controller.egg-info/dependency_links.txt
[1.564s] writing entry points to ../../build/new_controller/new_controller.egg-info/entry_points.txt
[1.564s] writing requirements to ../../build/new_controller/new_controller.egg-info/requires.txt
[1.564s] writing top-level names to ../../build/new_controller/new_controller.egg-info/top_level.txt
[1.598s] reading manifest file '../../build/new_controller/new_controller.egg-info/SOURCES.txt'
[1.599s] writing manifest file '../../build/new_controller/new_controller.egg-info/SOURCES.txt'
[1.599s] running build
[1.599s] running build_py
[1.600s] running install
[1.601s] running install_lib
[1.602s] running install_data
[1.603s] running install_egg_info
[1.605s] removing '/home/hammaad/sim_ws/install/new_controller/lib/python3.8/site-packages/new_controller-0.0.0-py3.8.egg-info' (and everything under it)
[1.605s] Copying ../../build/new_controller/new_controller.egg-info to /home/hammaad/sim_ws/install/new_controller/lib/python3.8/site-packages/new_controller-0.0.0-py3.8.egg-info
[1.606s] running install_scripts
[1.626s] writing list of installed files to '/home/hammaad/sim_ws/build/new_controller/install.log'
[1.669s] Invoked command in '/home/hammaad/sim_ws/src/new_controller' returned '0': PYTHONPATH=/home/hammaad/sim_ws/build/new_controller/prefix_override:/home/hammaad/sim_ws/install/new_controller/lib/python3.8/site-packages:${PYTHONPATH} /usr/bin/python3 setup.py egg_info --egg-base ../../build/new_controller build --build-base /home/hammaad/sim_ws/build/new_controller/build install --record /home/hammaad/sim_ws/build/new_controller/install.log --install-scripts $base/lib/new_controller --single-version-externally-managed
