[2.081s] Invoking command in '/home/hammaad/sim_ws/build/new_controller': PYTHONPATH=/home/hammaad/sim_ws/build/new_controller/prefix_override:/home/hammaad/sim_ws/install/new_controller/lib/python3.8/site-packages:${PYTHONPATH} /usr/bin/python3 setup.py develop --uninstall --editable --build-directory /home/hammaad/sim_ws/build/new_controller/build
[2.571s] running develop
[2.938s] Invoked command in '/home/hammaad/sim_ws/build/new_controller' returned '0': PYTHONPATH=/home/hammaad/sim_ws/build/new_controller/prefix_override:/home/hammaad/sim_ws/install/new_controller/lib/python3.8/site-packages:${PYTHONPATH} /usr/bin/python3 setup.py develop --uninstall --editable --build-directory /home/hammaad/sim_ws/build/new_controller/build
[2.939s] Invoking command in '/home/hammaad/sim_ws/src/new_controller': PYTHONPATH=/home/hammaad/sim_ws/build/new_controller/prefix_override:/home/hammaad/sim_ws/install/new_controller/lib/python3.8/site-packages:${PYTHONPATH} /usr/bin/python3 setup.py egg_info --egg-base ../../build/new_controller build --build-base /home/hammaad/sim_ws/build/new_controller/build install --record /home/hammaad/sim_ws/build/new_controller/install.log --install-scripts $base/lib/new_controller --single-version-externally-managed
[3.420s] running egg_info
[3.421s] writing ../../build/new_controller/new_controller.egg-info/PKG-INFO
[3.421s] writing dependency_links to ../../build/new_controller/new_controller.egg-info/dependency_links.txt
[3.424s] writing entry points to ../../build/new_controller/new_controller.egg-info/entry_points.txt
[3.425s] writing requirements to ../../build/new_controller/new_controller.egg-info/requires.txt
[3.430s] writing top-level names to ../../build/new_controller/new_controller.egg-info/top_level.txt
[3.516s] reading manifest file '../../build/new_controller/new_controller.egg-info/SOURCES.txt'
[3.532s] writing manifest file '../../build/new_controller/new_controller.egg-info/SOURCES.txt'
[3.533s] running build
[3.533s] running build_py
[3.533s] running install
[3.534s] running install_lib
[3.537s] running install_data
[3.537s] running install_egg_info
[3.546s] removing '/home/hammaad/sim_ws/install/new_controller/lib/python3.8/site-packages/new_controller-0.0.0-py3.8.egg-info' (and everything under it)
[3.547s] Copying ../../build/new_controller/new_controller.egg-info to /home/hammaad/sim_ws/install/new_controller/lib/python3.8/site-packages/new_controller-0.0.0-py3.8.egg-info
[3.548s] running install_scripts
[3.607s] writing list of installed files to '/home/hammaad/sim_ws/build/new_controller/install.log'
[3.663s] Invoked command in '/home/hammaad/sim_ws/src/new_controller' returned '0': PYTHONPATH=/home/hammaad/sim_ws/build/new_controller/prefix_override:/home/hammaad/sim_ws/install/new_controller/lib/python3.8/site-packages:${PYTHONPATH} /usr/bin/python3 setup.py egg_info --egg-base ../../build/new_controller build --build-base /home/hammaad/sim_ws/build/new_controller/build install --record /home/hammaad/sim_ws/build/new_controller/install.log --install-scripts $base/lib/new_controller --single-version-externally-managed
