[0.254s] DEBUG:colcon:Command line arguments: ['/usr/bin/colcon', 'build']
[0.254s] DEBUG:colcon:Parsed command line arguments: Namespace(allow_overriding=[], ament_cmake_args=None, base_paths=['.'], build_base='build', catkin_cmake_args=None, catkin_skip_building_tests=False, cmake_args=None, cmake_clean_cache=False, cmake_clean_first=False, cmake_force_configure=False, cmake_target=None, cmake_target_skip_unavailable=False, continue_on_error=False, event_handlers=None, executor='parallel', ignore_user_meta=False, install_base='install', log_base=None, log_level=None, main=<bound method BuildVerb.main of <colcon_core.verb.build.BuildVerb object at 0x7f14790c0370>>, merge_install=False, metas=['./colcon.meta'], packages_above=None, packages_above_and_dependencies=None, packages_above_depth=None, packages_end=None, packages_ignore=None, packages_ignore_regex=None, packages_select=None, packages_select_build_failed=False, packages_select_by_dep=None, packages_select_regex=None, packages_select_test_failures=False, packages_skip=None, packages_skip_build_finished=False, packages_skip_by_dep=None, packages_skip_regex=None, packages_skip_test_passed=False, packages_skip_up_to=None, packages_start=None, packages_up_to=None, packages_up_to_regex=None, parallel_workers=6, paths=None, symlink_install=False, test_result_base=None, verb_extension=<colcon_core.verb.build.BuildVerb object at 0x7f14790c0370>, verb_name='build', verb_parser=<colcon_defaults.argument_parser.defaults.DefaultArgumentsDecorator object at 0x7f14790c08b0>)
[0.275s] Level 1:colcon.colcon_core.package_discovery:discover_packages(colcon_meta) check parameters
[0.275s] Level 1:colcon.colcon_core.package_discovery:discover_packages(recursive) check parameters
[0.275s] Level 1:colcon.colcon_core.package_discovery:discover_packages(ignore) check parameters
[0.275s] Level 1:colcon.colcon_core.package_discovery:discover_packages(path) check parameters
[0.275s] Level 1:colcon.colcon_core.package_discovery:discover_packages(colcon_meta) discover
[0.276s] Level 1:colcon.colcon_core.package_discovery:discover_packages(recursive) discover
[0.276s] INFO:colcon.colcon_core.package_discovery:Crawling recursively for packages in '/home/hammaad/sim_ws'
[0.276s] Level 1:colcon.colcon_core.package_identification:_identify(.) by extensions ['ignore', 'ignore_ament_install']
[0.276s] Level 1:colcon.colcon_core.package_identification:_identify(.) by extension 'ignore'
[0.276s] Level 1:colcon.colcon_core.package_identification:_identify(.) by extension 'ignore_ament_install'
[0.276s] Level 1:colcon.colcon_core.package_identification:_identify(.) by extensions ['colcon_pkg']
[0.276s] Level 1:colcon.colcon_core.package_identification:_identify(.) by extension 'colcon_pkg'
[0.276s] Level 1:colcon.colcon_core.package_identification:_identify(.) by extensions ['colcon_meta']
[0.276s] Level 1:colcon.colcon_core.package_identification:_identify(.) by extension 'colcon_meta'
[0.276s] Level 1:colcon.colcon_core.package_identification:_identify(.) by extensions ['ros']
[0.276s] Level 1:colcon.colcon_core.package_identification:_identify(.) by extension 'ros'
[0.291s] Level 1:colcon.colcon_core.package_identification:_identify(.) by extensions ['cmake', 'python']
[0.291s] Level 1:colcon.colcon_core.package_identification:_identify(.) by extension 'cmake'
[0.291s] Level 1:colcon.colcon_core.package_identification:_identify(.) by extension 'python'
[0.291s] Level 1:colcon.colcon_core.package_identification:_identify(.) by extensions ['python_setup_py']
[0.291s] Level 1:colcon.colcon_core.package_identification:_identify(.) by extension 'python_setup_py'
[0.291s] Level 1:colcon.colcon_core.package_identification:_identify(PLOTS) by extensions ['ignore', 'ignore_ament_install']
[0.291s] Level 1:colcon.colcon_core.package_identification:_identify(PLOTS) by extension 'ignore'
[0.292s] Level 1:colcon.colcon_core.package_identification:_identify(PLOTS) by extension 'ignore_ament_install'
[0.292s] Level 1:colcon.colcon_core.package_identification:_identify(PLOTS) by extensions ['colcon_pkg']
[0.292s] Level 1:colcon.colcon_core.package_identification:_identify(PLOTS) by extension 'colcon_pkg'
[0.292s] Level 1:colcon.colcon_core.package_identification:_identify(PLOTS) by extensions ['colcon_meta']
[0.292s] Level 1:colcon.colcon_core.package_identification:_identify(PLOTS) by extension 'colcon_meta'
[0.292s] Level 1:colcon.colcon_core.package_identification:_identify(PLOTS) by extensions ['ros']
[0.292s] Level 1:colcon.colcon_core.package_identification:_identify(PLOTS) by extension 'ros'
[0.292s] Level 1:colcon.colcon_core.package_identification:_identify(PLOTS) by extensions ['cmake', 'python']
[0.292s] Level 1:colcon.colcon_core.package_identification:_identify(PLOTS) by extension 'cmake'
[0.292s] Level 1:colcon.colcon_core.package_identification:_identify(PLOTS) by extension 'python'
[0.292s] Level 1:colcon.colcon_core.package_identification:_identify(PLOTS) by extensions ['python_setup_py']
[0.292s] Level 1:colcon.colcon_core.package_identification:_identify(PLOTS) by extension 'python_setup_py'
[0.292s] Level 1:colcon.colcon_core.package_identification:_identify(PLOTS/MAX_SPEED_3) by extensions ['ignore', 'ignore_ament_install']
[0.292s] Level 1:colcon.colcon_core.package_identification:_identify(PLOTS/MAX_SPEED_3) by extension 'ignore'
[0.292s] Level 1:colcon.colcon_core.package_identification:_identify(PLOTS/MAX_SPEED_3) by extension 'ignore_ament_install'
[0.292s] Level 1:colcon.colcon_core.package_identification:_identify(PLOTS/MAX_SPEED_3) by extensions ['colcon_pkg']
[0.292s] Level 1:colcon.colcon_core.package_identification:_identify(PLOTS/MAX_SPEED_3) by extension 'colcon_pkg'
[0.292s] Level 1:colcon.colcon_core.package_identification:_identify(PLOTS/MAX_SPEED_3) by extensions ['colcon_meta']
[0.292s] Level 1:colcon.colcon_core.package_identification:_identify(PLOTS/MAX_SPEED_3) by extension 'colcon_meta'
[0.292s] Level 1:colcon.colcon_core.package_identification:_identify(PLOTS/MAX_SPEED_3) by extensions ['ros']
[0.292s] Level 1:colcon.colcon_core.package_identification:_identify(PLOTS/MAX_SPEED_3) by extension 'ros'
[0.292s] Level 1:colcon.colcon_core.package_identification:_identify(PLOTS/MAX_SPEED_3) by extensions ['cmake', 'python']
[0.292s] Level 1:colcon.colcon_core.package_identification:_identify(PLOTS/MAX_SPEED_3) by extension 'cmake'
[0.292s] Level 1:colcon.colcon_core.package_identification:_identify(PLOTS/MAX_SPEED_3) by extension 'python'
[0.292s] Level 1:colcon.colcon_core.package_identification:_identify(PLOTS/MAX_SPEED_3) by extensions ['python_setup_py']
[0.292s] Level 1:colcon.colcon_core.package_identification:_identify(PLOTS/MAX_SPEED_3) by extension 'python_setup_py'
[0.293s] Level 1:colcon.colcon_core.package_identification:_identify(PLOTS/MAX_SPEED_3/Std = 0.01) by extensions ['ignore', 'ignore_ament_install']
[0.293s] Level 1:colcon.colcon_core.package_identification:_identify(PLOTS/MAX_SPEED_3/Std = 0.01) by extension 'ignore'
[0.293s] Level 1:colcon.colcon_core.package_identification:_identify(PLOTS/MAX_SPEED_3/Std = 0.01) by extension 'ignore_ament_install'
[0.293s] Level 1:colcon.colcon_core.package_identification:_identify(PLOTS/MAX_SPEED_3/Std = 0.01) by extensions ['colcon_pkg']
[0.293s] Level 1:colcon.colcon_core.package_identification:_identify(PLOTS/MAX_SPEED_3/Std = 0.01) by extension 'colcon_pkg'
[0.293s] Level 1:colcon.colcon_core.package_identification:_identify(PLOTS/MAX_SPEED_3/Std = 0.01) by extensions ['colcon_meta']
[0.293s] Level 1:colcon.colcon_core.package_identification:_identify(PLOTS/MAX_SPEED_3/Std = 0.01) by extension 'colcon_meta'
[0.293s] Level 1:colcon.colcon_core.package_identification:_identify(PLOTS/MAX_SPEED_3/Std = 0.01) by extensions ['ros']
[0.293s] Level 1:colcon.colcon_core.package_identification:_identify(PLOTS/MAX_SPEED_3/Std = 0.01) by extension 'ros'
[0.293s] Level 1:colcon.colcon_core.package_identification:_identify(PLOTS/MAX_SPEED_3/Std = 0.01) by extensions ['cmake', 'python']
[0.293s] Level 1:colcon.colcon_core.package_identification:_identify(PLOTS/MAX_SPEED_3/Std = 0.01) by extension 'cmake'
[0.293s] Level 1:colcon.colcon_core.package_identification:_identify(PLOTS/MAX_SPEED_3/Std = 0.01) by extension 'python'
[0.293s] Level 1:colcon.colcon_core.package_identification:_identify(PLOTS/MAX_SPEED_3/Std = 0.01) by extensions ['python_setup_py']
[0.293s] Level 1:colcon.colcon_core.package_identification:_identify(PLOTS/MAX_SPEED_3/Std = 0.01) by extension 'python_setup_py'
[0.293s] Level 1:colcon.colcon_core.package_identification:_identify(PLOTS/MAX_SPEED_3/Std = 0.02) by extensions ['ignore', 'ignore_ament_install']
[0.293s] Level 1:colcon.colcon_core.package_identification:_identify(PLOTS/MAX_SPEED_3/Std = 0.02) by extension 'ignore'
[0.293s] Level 1:colcon.colcon_core.package_identification:_identify(PLOTS/MAX_SPEED_3/Std = 0.02) by extension 'ignore_ament_install'
[0.293s] Level 1:colcon.colcon_core.package_identification:_identify(PLOTS/MAX_SPEED_3/Std = 0.02) by extensions ['colcon_pkg']
[0.293s] Level 1:colcon.colcon_core.package_identification:_identify(PLOTS/MAX_SPEED_3/Std = 0.02) by extension 'colcon_pkg'
[0.293s] Level 1:colcon.colcon_core.package_identification:_identify(PLOTS/MAX_SPEED_3/Std = 0.02) by extensions ['colcon_meta']
[0.293s] Level 1:colcon.colcon_core.package_identification:_identify(PLOTS/MAX_SPEED_3/Std = 0.02) by extension 'colcon_meta'
[0.293s] Level 1:colcon.colcon_core.package_identification:_identify(PLOTS/MAX_SPEED_3/Std = 0.02) by extensions ['ros']
[0.293s] Level 1:colcon.colcon_core.package_identification:_identify(PLOTS/MAX_SPEED_3/Std = 0.02) by extension 'ros'
[0.294s] Level 1:colcon.colcon_core.package_identification:_identify(PLOTS/MAX_SPEED_3/Std = 0.02) by extensions ['cmake', 'python']
[0.294s] Level 1:colcon.colcon_core.package_identification:_identify(PLOTS/MAX_SPEED_3/Std = 0.02) by extension 'cmake'
[0.294s] Level 1:colcon.colcon_core.package_identification:_identify(PLOTS/MAX_SPEED_3/Std = 0.02) by extension 'python'
[0.294s] Level 1:colcon.colcon_core.package_identification:_identify(PLOTS/MAX_SPEED_3/Std = 0.02) by extensions ['python_setup_py']
[0.294s] Level 1:colcon.colcon_core.package_identification:_identify(PLOTS/MAX_SPEED_3/Std = 0.02) by extension 'python_setup_py'
[0.294s] Level 1:colcon.colcon_core.package_identification:_identify(PLOTS/MAX_SPEED_3/Std = 0.05) by extensions ['ignore', 'ignore_ament_install']
[0.294s] Level 1:colcon.colcon_core.package_identification:_identify(PLOTS/MAX_SPEED_3/Std = 0.05) by extension 'ignore'
[0.294s] Level 1:colcon.colcon_core.package_identification:_identify(PLOTS/MAX_SPEED_3/Std = 0.05) by extension 'ignore_ament_install'
[0.294s] Level 1:colcon.colcon_core.package_identification:_identify(PLOTS/MAX_SPEED_3/Std = 0.05) by extensions ['colcon_pkg']
[0.294s] Level 1:colcon.colcon_core.package_identification:_identify(PLOTS/MAX_SPEED_3/Std = 0.05) by extension 'colcon_pkg'
[0.294s] Level 1:colcon.colcon_core.package_identification:_identify(PLOTS/MAX_SPEED_3/Std = 0.05) by extensions ['colcon_meta']
[0.294s] Level 1:colcon.colcon_core.package_identification:_identify(PLOTS/MAX_SPEED_3/Std = 0.05) by extension 'colcon_meta'
[0.294s] Level 1:colcon.colcon_core.package_identification:_identify(PLOTS/MAX_SPEED_3/Std = 0.05) by extensions ['ros']
[0.294s] Level 1:colcon.colcon_core.package_identification:_identify(PLOTS/MAX_SPEED_3/Std = 0.05) by extension 'ros'
[0.294s] Level 1:colcon.colcon_core.package_identification:_identify(PLOTS/MAX_SPEED_3/Std = 0.05) by extensions ['cmake', 'python']
[0.294s] Level 1:colcon.colcon_core.package_identification:_identify(PLOTS/MAX_SPEED_3/Std = 0.05) by extension 'cmake'
[0.294s] Level 1:colcon.colcon_core.package_identification:_identify(PLOTS/MAX_SPEED_3/Std = 0.05) by extension 'python'
[0.294s] Level 1:colcon.colcon_core.package_identification:_identify(PLOTS/MAX_SPEED_3/Std = 0.05) by extensions ['python_setup_py']
[0.294s] Level 1:colcon.colcon_core.package_identification:_identify(PLOTS/MAX_SPEED_3/Std = 0.05) by extension 'python_setup_py'
[0.294s] Level 1:colcon.colcon_core.package_identification:_identify(PLOTS/MAX_SPEED_3/Std = 0.1) by extensions ['ignore', 'ignore_ament_install']
[0.294s] Level 1:colcon.colcon_core.package_identification:_identify(PLOTS/MAX_SPEED_3/Std = 0.1) by extension 'ignore'
[0.294s] Level 1:colcon.colcon_core.package_identification:_identify(PLOTS/MAX_SPEED_3/Std = 0.1) by extension 'ignore_ament_install'
[0.295s] Level 1:colcon.colcon_core.package_identification:_identify(PLOTS/MAX_SPEED_3/Std = 0.1) by extensions ['colcon_pkg']
[0.295s] Level 1:colcon.colcon_core.package_identification:_identify(PLOTS/MAX_SPEED_3/Std = 0.1) by extension 'colcon_pkg'
[0.295s] Level 1:colcon.colcon_core.package_identification:_identify(PLOTS/MAX_SPEED_3/Std = 0.1) by extensions ['colcon_meta']
[0.295s] Level 1:colcon.colcon_core.package_identification:_identify(PLOTS/MAX_SPEED_3/Std = 0.1) by extension 'colcon_meta'
[0.295s] Level 1:colcon.colcon_core.package_identification:_identify(PLOTS/MAX_SPEED_3/Std = 0.1) by extensions ['ros']
[0.295s] Level 1:colcon.colcon_core.package_identification:_identify(PLOTS/MAX_SPEED_3/Std = 0.1) by extension 'ros'
[0.295s] Level 1:colcon.colcon_core.package_identification:_identify(PLOTS/MAX_SPEED_3/Std = 0.1) by extensions ['cmake', 'python']
[0.295s] Level 1:colcon.colcon_core.package_identification:_identify(PLOTS/MAX_SPEED_3/Std = 0.1) by extension 'cmake'
[0.295s] Level 1:colcon.colcon_core.package_identification:_identify(PLOTS/MAX_SPEED_3/Std = 0.1) by extension 'python'
[0.295s] Level 1:colcon.colcon_core.package_identification:_identify(PLOTS/MAX_SPEED_3/Std = 0.1) by extensions ['python_setup_py']
[0.295s] Level 1:colcon.colcon_core.package_identification:_identify(PLOTS/MAX_SPEED_3/Std = 0.1) by extension 'python_setup_py'
[0.295s] Level 1:colcon.colcon_core.package_identification:_identify(build) by extensions ['ignore', 'ignore_ament_install']
[0.295s] Level 1:colcon.colcon_core.package_identification:_identify(build) by extension 'ignore'
[0.295s] Level 1:colcon.colcon_core.package_identification:_identify(build) ignored
[0.295s] Level 1:colcon.colcon_core.package_identification:_identify(install) by extensions ['ignore', 'ignore_ament_install']
[0.295s] Level 1:colcon.colcon_core.package_identification:_identify(install) by extension 'ignore'
[0.295s] Level 1:colcon.colcon_core.package_identification:_identify(install) ignored
[0.295s] Level 1:colcon.colcon_core.package_identification:_identify(log) by extensions ['ignore', 'ignore_ament_install']
[0.295s] Level 1:colcon.colcon_core.package_identification:_identify(log) by extension 'ignore'
[0.296s] Level 1:colcon.colcon_core.package_identification:_identify(log) ignored
[0.296s] Level 1:colcon.colcon_core.package_identification:_identify(src) by extensions ['ignore', 'ignore_ament_install']
[0.296s] Level 1:colcon.colcon_core.package_identification:_identify(src) by extension 'ignore'
[0.296s] Level 1:colcon.colcon_core.package_identification:_identify(src) by extension 'ignore_ament_install'
[0.296s] Level 1:colcon.colcon_core.package_identification:_identify(src) by extensions ['colcon_pkg']
[0.296s] Level 1:colcon.colcon_core.package_identification:_identify(src) by extension 'colcon_pkg'
[0.296s] Level 1:colcon.colcon_core.package_identification:_identify(src) by extensions ['colcon_meta']
[0.296s] Level 1:colcon.colcon_core.package_identification:_identify(src) by extension 'colcon_meta'
[0.296s] Level 1:colcon.colcon_core.package_identification:_identify(src) by extensions ['ros']
[0.296s] Level 1:colcon.colcon_core.package_identification:_identify(src) by extension 'ros'
[0.296s] Level 1:colcon.colcon_core.package_identification:_identify(src) by extensions ['cmake', 'python']
[0.296s] Level 1:colcon.colcon_core.package_identification:_identify(src) by extension 'cmake'
[0.296s] Level 1:colcon.colcon_core.package_identification:_identify(src) by extension 'python'
[0.296s] Level 1:colcon.colcon_core.package_identification:_identify(src) by extensions ['python_setup_py']
[0.296s] Level 1:colcon.colcon_core.package_identification:_identify(src) by extension 'python_setup_py'
[0.296s] Level 1:colcon.colcon_core.package_identification:_identify(src/f1tenth_gym_ros) by extensions ['ignore', 'ignore_ament_install']
[0.296s] Level 1:colcon.colcon_core.package_identification:_identify(src/f1tenth_gym_ros) by extension 'ignore'
[0.296s] Level 1:colcon.colcon_core.package_identification:_identify(src/f1tenth_gym_ros) by extension 'ignore_ament_install'
[0.296s] Level 1:colcon.colcon_core.package_identification:_identify(src/f1tenth_gym_ros) by extensions ['colcon_pkg']
[0.296s] Level 1:colcon.colcon_core.package_identification:_identify(src/f1tenth_gym_ros) by extension 'colcon_pkg'
[0.296s] Level 1:colcon.colcon_core.package_identification:_identify(src/f1tenth_gym_ros) by extensions ['colcon_meta']
[0.296s] Level 1:colcon.colcon_core.package_identification:_identify(src/f1tenth_gym_ros) by extension 'colcon_meta'
[0.296s] Level 1:colcon.colcon_core.package_identification:_identify(src/f1tenth_gym_ros) by extensions ['ros']
[0.296s] Level 1:colcon.colcon_core.package_identification:_identify(src/f1tenth_gym_ros) by extension 'ros'
[0.298s] DEBUG:colcon.colcon_core.package_identification:Package 'src/f1tenth_gym_ros' with type 'ros.ament_python' and name 'f1tenth_gym_ros'
[0.298s] Level 1:colcon.colcon_core.package_identification:_identify(src/new_controller) by extensions ['ignore', 'ignore_ament_install']
[0.299s] Level 1:colcon.colcon_core.package_identification:_identify(src/new_controller) by extension 'ignore'
[0.299s] Level 1:colcon.colcon_core.package_identification:_identify(src/new_controller) by extension 'ignore_ament_install'
[0.299s] Level 1:colcon.colcon_core.package_identification:_identify(src/new_controller) by extensions ['colcon_pkg']
[0.299s] Level 1:colcon.colcon_core.package_identification:_identify(src/new_controller) by extension 'colcon_pkg'
[0.299s] Level 1:colcon.colcon_core.package_identification:_identify(src/new_controller) by extensions ['colcon_meta']
[0.299s] Level 1:colcon.colcon_core.package_identification:_identify(src/new_controller) by extension 'colcon_meta'
[0.299s] Level 1:colcon.colcon_core.package_identification:_identify(src/new_controller) by extensions ['ros']
[0.299s] Level 1:colcon.colcon_core.package_identification:_identify(src/new_controller) by extension 'ros'
[0.299s] DEBUG:colcon.colcon_core.package_identification:Package 'src/new_controller' with type 'ros.ament_python' and name 'new_controller'
[0.299s] Level 1:colcon.colcon_core.package_identification:_identify(src/sac_agent_pkg) by extensions ['ignore', 'ignore_ament_install']
[0.300s] Level 1:colcon.colcon_core.package_identification:_identify(src/sac_agent_pkg) by extension 'ignore'
[0.300s] Level 1:colcon.colcon_core.package_identification:_identify(src/sac_agent_pkg) by extension 'ignore_ament_install'
[0.300s] Level 1:colcon.colcon_core.package_identification:_identify(src/sac_agent_pkg) by extensions ['colcon_pkg']
[0.300s] Level 1:colcon.colcon_core.package_identification:_identify(src/sac_agent_pkg) by extension 'colcon_pkg'
[0.300s] Level 1:colcon.colcon_core.package_identification:_identify(src/sac_agent_pkg) by extensions ['colcon_meta']
[0.300s] Level 1:colcon.colcon_core.package_identification:_identify(src/sac_agent_pkg) by extension 'colcon_meta'
[0.300s] Level 1:colcon.colcon_core.package_identification:_identify(src/sac_agent_pkg) by extensions ['ros']
[0.300s] Level 1:colcon.colcon_core.package_identification:_identify(src/sac_agent_pkg) by extension 'ros'
[0.300s] DEBUG:colcon.colcon_core.package_identification:Package 'src/sac_agent_pkg' with type 'ros.ament_python' and name 'sac_agent_pkg'
[0.300s] Level 1:colcon.colcon_core.package_discovery:discover_packages(recursive) using defaults
[0.300s] Level 1:colcon.colcon_core.package_discovery:discover_packages(ignore) discover
[0.300s] Level 1:colcon.colcon_core.package_discovery:discover_packages(ignore) using defaults
[0.300s] Level 1:colcon.colcon_core.package_discovery:discover_packages(path) discover
[0.300s] Level 1:colcon.colcon_core.package_discovery:discover_packages(path) using defaults
[0.316s] Level 1:colcon.colcon_core.package_discovery:discover_packages(prefix_path) check parameters
[0.316s] Level 1:colcon.colcon_core.package_discovery:discover_packages(prefix_path) discover
[0.318s] DEBUG:colcon.colcon_installed_package_information.package_discovery:Found 4 installed packages in /home/hammaad/sim_ws/install
[0.320s] DEBUG:colcon.colcon_installed_package_information.package_discovery:Found 265 installed packages in /opt/ros/foxy
[0.321s] Level 1:colcon.colcon_core.package_discovery:discover_packages(prefix_path) using defaults
[0.376s] Level 5:colcon.colcon_core.verb:set package 'f1tenth_gym_ros' build argument 'cmake_args' from command line to 'None'
[0.376s] Level 5:colcon.colcon_core.verb:set package 'f1tenth_gym_ros' build argument 'cmake_target' from command line to 'None'
[0.376s] Level 5:colcon.colcon_core.verb:set package 'f1tenth_gym_ros' build argument 'cmake_target_skip_unavailable' from command line to 'False'
[0.376s] Level 5:colcon.colcon_core.verb:set package 'f1tenth_gym_ros' build argument 'cmake_clean_cache' from command line to 'False'
[0.376s] Level 5:colcon.colcon_core.verb:set package 'f1tenth_gym_ros' build argument 'cmake_clean_first' from command line to 'False'
[0.376s] Level 5:colcon.colcon_core.verb:set package 'f1tenth_gym_ros' build argument 'cmake_force_configure' from command line to 'False'
[0.376s] Level 5:colcon.colcon_core.verb:set package 'f1tenth_gym_ros' build argument 'ament_cmake_args' from command line to 'None'
[0.376s] Level 5:colcon.colcon_core.verb:set package 'f1tenth_gym_ros' build argument 'catkin_cmake_args' from command line to 'None'
[0.377s] Level 5:colcon.colcon_core.verb:set package 'f1tenth_gym_ros' build argument 'catkin_skip_building_tests' from command line to 'False'
[0.377s] DEBUG:colcon.colcon_core.verb:Building package 'f1tenth_gym_ros' with the following arguments: {'ament_cmake_args': None, 'build_base': '/home/hammaad/sim_ws/build/f1tenth_gym_ros', 'catkin_cmake_args': None, 'catkin_skip_building_tests': False, 'cmake_args': None, 'cmake_clean_cache': False, 'cmake_clean_first': False, 'cmake_force_configure': False, 'cmake_target': None, 'cmake_target_skip_unavailable': False, 'install_base': '/home/hammaad/sim_ws/install/f1tenth_gym_ros', 'merge_install': False, 'path': '/home/hammaad/sim_ws/src/f1tenth_gym_ros', 'symlink_install': False, 'test_result_base': None}
[0.377s] Level 5:colcon.colcon_core.verb:set package 'new_controller' build argument 'cmake_args' from command line to 'None'
[0.377s] Level 5:colcon.colcon_core.verb:set package 'new_controller' build argument 'cmake_target' from command line to 'None'
[0.377s] Level 5:colcon.colcon_core.verb:set package 'new_controller' build argument 'cmake_target_skip_unavailable' from command line to 'False'
[0.377s] Level 5:colcon.colcon_core.verb:set package 'new_controller' build argument 'cmake_clean_cache' from command line to 'False'
[0.377s] Level 5:colcon.colcon_core.verb:set package 'new_controller' build argument 'cmake_clean_first' from command line to 'False'
[0.377s] Level 5:colcon.colcon_core.verb:set package 'new_controller' build argument 'cmake_force_configure' from command line to 'False'
[0.377s] Level 5:colcon.colcon_core.verb:set package 'new_controller' build argument 'ament_cmake_args' from command line to 'None'
[0.377s] Level 5:colcon.colcon_core.verb:set package 'new_controller' build argument 'catkin_cmake_args' from command line to 'None'
[0.378s] Level 5:colcon.colcon_core.verb:set package 'new_controller' build argument 'catkin_skip_building_tests' from command line to 'False'
[0.378s] DEBUG:colcon.colcon_core.verb:Building package 'new_controller' with the following arguments: {'ament_cmake_args': None, 'build_base': '/home/hammaad/sim_ws/build/new_controller', 'catkin_cmake_args': None, 'catkin_skip_building_tests': False, 'cmake_args': None, 'cmake_clean_cache': False, 'cmake_clean_first': False, 'cmake_force_configure': False, 'cmake_target': None, 'cmake_target_skip_unavailable': False, 'install_base': '/home/hammaad/sim_ws/install/new_controller', 'merge_install': False, 'path': '/home/hammaad/sim_ws/src/new_controller', 'symlink_install': False, 'test_result_base': None}
[0.378s] Level 5:colcon.colcon_core.verb:set package 'sac_agent_pkg' build argument 'cmake_args' from command line to 'None'
[0.378s] Level 5:colcon.colcon_core.verb:set package 'sac_agent_pkg' build argument 'cmake_target' from command line to 'None'
[0.378s] Level 5:colcon.colcon_core.verb:set package 'sac_agent_pkg' build argument 'cmake_target_skip_unavailable' from command line to 'False'
[0.378s] Level 5:colcon.colcon_core.verb:set package 'sac_agent_pkg' build argument 'cmake_clean_cache' from command line to 'False'
[0.378s] Level 5:colcon.colcon_core.verb:set package 'sac_agent_pkg' build argument 'cmake_clean_first' from command line to 'False'
[0.378s] Level 5:colcon.colcon_core.verb:set package 'sac_agent_pkg' build argument 'cmake_force_configure' from command line to 'False'
[0.378s] Level 5:colcon.colcon_core.verb:set package 'sac_agent_pkg' build argument 'ament_cmake_args' from command line to 'None'
[0.378s] Level 5:colcon.colcon_core.verb:set package 'sac_agent_pkg' build argument 'catkin_cmake_args' from command line to 'None'
[0.378s] Level 5:colcon.colcon_core.verb:set package 'sac_agent_pkg' build argument 'catkin_skip_building_tests' from command line to 'False'
[0.378s] DEBUG:colcon.colcon_core.verb:Building package 'sac_agent_pkg' with the following arguments: {'ament_cmake_args': None, 'build_base': '/home/hammaad/sim_ws/build/sac_agent_pkg', 'catkin_cmake_args': None, 'catkin_skip_building_tests': False, 'cmake_args': None, 'cmake_clean_cache': False, 'cmake_clean_first': False, 'cmake_force_configure': False, 'cmake_target': None, 'cmake_target_skip_unavailable': False, 'install_base': '/home/hammaad/sim_ws/install/sac_agent_pkg', 'merge_install': False, 'path': '/home/hammaad/sim_ws/src/sac_agent_pkg', 'symlink_install': False, 'test_result_base': None}
[0.379s] INFO:colcon.colcon_core.executor:Executing jobs using 'parallel' executor
[0.382s] DEBUG:colcon.colcon_parallel_executor.executor.parallel:run_until_complete
[0.382s] INFO:colcon.colcon_ros.task.ament_python.build:Building ROS package in '/home/hammaad/sim_ws/src/f1tenth_gym_ros' with build type 'ament_python'
[0.383s] Level 1:colcon.colcon_core.shell:create_environment_hook('f1tenth_gym_ros', 'ament_prefix_path')
[0.386s] INFO:colcon.colcon_core.plugin_system:Skipping extension 'colcon_core.shell.bat': Not used on non-Windows systems
[0.386s] INFO:colcon.colcon_core.shell:Creating environment hook '/home/hammaad/sim_ws/install/f1tenth_gym_ros/share/f1tenth_gym_ros/hook/ament_prefix_path.ps1'
[0.386s] INFO:colcon.colcon_core.shell:Creating environment descriptor '/home/hammaad/sim_ws/install/f1tenth_gym_ros/share/f1tenth_gym_ros/hook/ament_prefix_path.dsv'
[0.387s] INFO:colcon.colcon_core.shell:Creating environment hook '/home/hammaad/sim_ws/install/f1tenth_gym_ros/share/f1tenth_gym_ros/hook/ament_prefix_path.sh'
[0.388s] INFO:colcon.colcon_core.shell:Skip shell extension 'powershell' for command environment: Not usable outside of PowerShell
[0.388s] DEBUG:colcon.colcon_core.shell:Skip shell extension 'dsv' for command environment
[0.393s] INFO:colcon.colcon_ros.task.ament_python.build:Building ROS package in '/home/hammaad/sim_ws/src/new_controller' with build type 'ament_python'
[0.393s] Level 1:colcon.colcon_core.shell:create_environment_hook('new_controller', 'ament_prefix_path')
[0.394s] INFO:colcon.colcon_core.shell:Creating environment hook '/home/hammaad/sim_ws/install/new_controller/share/new_controller/hook/ament_prefix_path.ps1'
[0.395s] INFO:colcon.colcon_core.shell:Creating environment descriptor '/home/hammaad/sim_ws/install/new_controller/share/new_controller/hook/ament_prefix_path.dsv'
[0.396s] INFO:colcon.colcon_core.shell:Creating environment hook '/home/hammaad/sim_ws/install/new_controller/share/new_controller/hook/ament_prefix_path.sh'
[0.397s] INFO:colcon.colcon_core.shell:Skip shell extension 'powershell' for command environment: Not usable outside of PowerShell
[0.397s] DEBUG:colcon.colcon_core.shell:Skip shell extension 'dsv' for command environment
[0.402s] INFO:colcon.colcon_ros.task.ament_python.build:Building ROS package in '/home/hammaad/sim_ws/src/sac_agent_pkg' with build type 'ament_python'
[0.402s] Level 1:colcon.colcon_core.shell:create_environment_hook('sac_agent_pkg', 'ament_prefix_path')
[0.404s] INFO:colcon.colcon_core.shell:Creating environment hook '/home/hammaad/sim_ws/install/sac_agent_pkg/share/sac_agent_pkg/hook/ament_prefix_path.ps1'
[0.405s] INFO:colcon.colcon_core.shell:Creating environment descriptor '/home/hammaad/sim_ws/install/sac_agent_pkg/share/sac_agent_pkg/hook/ament_prefix_path.dsv'
[0.405s] INFO:colcon.colcon_core.shell:Creating environment hook '/home/hammaad/sim_ws/install/sac_agent_pkg/share/sac_agent_pkg/hook/ament_prefix_path.sh'
[0.407s] INFO:colcon.colcon_core.shell:Skip shell extension 'powershell' for command environment: Not usable outside of PowerShell
[0.407s] DEBUG:colcon.colcon_core.shell:Skip shell extension 'dsv' for command environment
[0.608s] INFO:colcon.colcon_core.task.python.build:Building Python package in '/home/hammaad/sim_ws/src/f1tenth_gym_ros'
[0.610s] INFO:colcon.colcon_core.shell:Skip shell extension 'powershell' for command environment: Not usable outside of PowerShell
[0.610s] DEBUG:colcon.colcon_core.shell:Skip shell extension 'dsv' for command environment
[0.800s] INFO:colcon.colcon_core.task.python.build:Building Python package in '/home/hammaad/sim_ws/src/new_controller'
[0.802s] INFO:colcon.colcon_core.shell:Skip shell extension 'powershell' for command environment: Not usable outside of PowerShell
[0.802s] DEBUG:colcon.colcon_core.shell:Skip shell extension 'dsv' for command environment
[0.993s] INFO:colcon.colcon_core.task.python.build:Building Python package in '/home/hammaad/sim_ws/src/sac_agent_pkg'
[0.995s] INFO:colcon.colcon_core.shell:Skip shell extension 'powershell' for command environment: Not usable outside of PowerShell
[0.995s] DEBUG:colcon.colcon_core.shell:Skip shell extension 'dsv' for command environment
[1.344s] DEBUG:colcon.colcon_core.event_handler.log_command:Invoking command in '/home/hammaad/sim_ws/build/new_controller': PYTHONPATH=/home/hammaad/sim_ws/build/new_controller/prefix_override:/home/hammaad/sim_ws/install/new_controller/lib/python3.8/site-packages:${PYTHONPATH} /usr/bin/python3 setup.py develop --uninstall --editable --build-directory /home/hammaad/sim_ws/build/new_controller/build
[1.351s] DEBUG:colcon.colcon_core.event_handler.log_command:Invoking command in '/home/hammaad/sim_ws/build/f1tenth_gym_ros': PYTHONPATH=/home/hammaad/sim_ws/build/f1tenth_gym_ros/prefix_override:/home/hammaad/sim_ws/install/f1tenth_gym_ros/lib/python3.8/site-packages:${PYTHONPATH} /usr/bin/python3 setup.py develop --uninstall --editable --build-directory /home/hammaad/sim_ws/build/f1tenth_gym_ros/build
[1.354s] DEBUG:colcon.colcon_core.event_handler.log_command:Invoking command in '/home/hammaad/sim_ws/build/sac_agent_pkg': PYTHONPATH=/home/hammaad/sim_ws/build/sac_agent_pkg/prefix_override:/home/hammaad/sim_ws/install/sac_agent_pkg/lib/python3.8/site-packages:${PYTHONPATH} /usr/bin/python3 setup.py develop --uninstall --editable --build-directory /home/hammaad/sim_ws/build/sac_agent_pkg/build
[1.697s] DEBUG:colcon.colcon_core.event_handler.log_command:Invoked command in '/home/hammaad/sim_ws/build/new_controller' returned '0': PYTHONPATH=/home/hammaad/sim_ws/build/new_controller/prefix_override:/home/hammaad/sim_ws/install/new_controller/lib/python3.8/site-packages:${PYTHONPATH} /usr/bin/python3 setup.py develop --uninstall --editable --build-directory /home/hammaad/sim_ws/build/new_controller/build
[1.699s] DEBUG:colcon.colcon_core.event_handler.log_command:Invoking command in '/home/hammaad/sim_ws/src/new_controller': PYTHONPATH=/home/hammaad/sim_ws/build/new_controller/prefix_override:/home/hammaad/sim_ws/install/new_controller/lib/python3.8/site-packages:${PYTHONPATH} /usr/bin/python3 setup.py egg_info --egg-base ../../build/new_controller build --build-base /home/hammaad/sim_ws/build/new_controller/build install --record /home/hammaad/sim_ws/build/new_controller/install.log --install-scripts $base/lib/new_controller --single-version-externally-managed
[1.702s] DEBUG:colcon.colcon_core.event_handler.log_command:Invoked command in '/home/hammaad/sim_ws/build/f1tenth_gym_ros' returned '0': PYTHONPATH=/home/hammaad/sim_ws/build/f1tenth_gym_ros/prefix_override:/home/hammaad/sim_ws/install/f1tenth_gym_ros/lib/python3.8/site-packages:${PYTHONPATH} /usr/bin/python3 setup.py develop --uninstall --editable --build-directory /home/hammaad/sim_ws/build/f1tenth_gym_ros/build
[1.703s] DEBUG:colcon.colcon_core.event_handler.log_command:Invoking command in '/home/hammaad/sim_ws/src/f1tenth_gym_ros': PYTHONPATH=/home/hammaad/sim_ws/build/f1tenth_gym_ros/prefix_override:/home/hammaad/sim_ws/install/f1tenth_gym_ros/lib/python3.8/site-packages:${PYTHONPATH} /usr/bin/python3 setup.py egg_info --egg-base ../../build/f1tenth_gym_ros build --build-base /home/hammaad/sim_ws/build/f1tenth_gym_ros/build install --record /home/hammaad/sim_ws/build/f1tenth_gym_ros/install.log --install-scripts $base/lib/f1tenth_gym_ros --single-version-externally-managed
[1.705s] DEBUG:colcon.colcon_core.event_handler.log_command:Invoked command in '/home/hammaad/sim_ws/build/sac_agent_pkg' returned '0': PYTHONPATH=/home/hammaad/sim_ws/build/sac_agent_pkg/prefix_override:/home/hammaad/sim_ws/install/sac_agent_pkg/lib/python3.8/site-packages:${PYTHONPATH} /usr/bin/python3 setup.py develop --uninstall --editable --build-directory /home/hammaad/sim_ws/build/sac_agent_pkg/build
[1.708s] DEBUG:colcon.colcon_core.event_handler.log_command:Invoking command in '/home/hammaad/sim_ws/src/sac_agent_pkg': PYTHONPATH=/home/hammaad/sim_ws/build/sac_agent_pkg/prefix_override:/home/hammaad/sim_ws/install/sac_agent_pkg/lib/python3.8/site-packages:${PYTHONPATH} /usr/bin/python3 setup.py egg_info --egg-base ../../build/sac_agent_pkg build --build-base /home/hammaad/sim_ws/build/sac_agent_pkg/build install --record /home/hammaad/sim_ws/build/sac_agent_pkg/install.log --install-scripts $base/lib/sac_agent_pkg --single-version-externally-managed
[1.961s] DEBUG:colcon.colcon_core.event_handler.log_command:Invoked command in '/home/hammaad/sim_ws/src/new_controller' returned '0': PYTHONPATH=/home/hammaad/sim_ws/build/new_controller/prefix_override:/home/hammaad/sim_ws/install/new_controller/lib/python3.8/site-packages:${PYTHONPATH} /usr/bin/python3 setup.py egg_info --egg-base ../../build/new_controller build --build-base /home/hammaad/sim_ws/build/new_controller/build install --record /home/hammaad/sim_ws/build/new_controller/install.log --install-scripts $base/lib/new_controller --single-version-externally-managed
[1.966s] Level 1:colcon.colcon_core.environment:checking '/home/hammaad/sim_ws/install/new_controller' for CMake module files
[1.966s] Level 1:colcon.colcon_core.environment:checking '/home/hammaad/sim_ws/install/new_controller' for CMake config files
[1.967s] Level 1:colcon.colcon_core.environment:checking '/home/hammaad/sim_ws/install/new_controller/lib'
[1.967s] Level 1:colcon.colcon_core.environment:checking '/home/hammaad/sim_ws/install/new_controller/bin'
[1.967s] Level 1:colcon.colcon_core.environment:checking '/home/hammaad/sim_ws/install/new_controller/lib/pkgconfig/new_controller.pc'
[1.967s] Level 1:colcon.colcon_core.environment:checking '/home/hammaad/sim_ws/install/new_controller/lib/python3.8/site-packages'
[1.967s] Level 1:colcon.colcon_core.shell:create_environment_hook('new_controller', 'pythonpath')
[1.968s] INFO:colcon.colcon_core.shell:Creating environment hook '/home/hammaad/sim_ws/install/new_controller/share/new_controller/hook/pythonpath.ps1'
[1.969s] INFO:colcon.colcon_core.shell:Creating environment descriptor '/home/hammaad/sim_ws/install/new_controller/share/new_controller/hook/pythonpath.dsv'
[1.969s] INFO:colcon.colcon_core.shell:Creating environment hook '/home/hammaad/sim_ws/install/new_controller/share/new_controller/hook/pythonpath.sh'
[1.969s] Level 1:colcon.colcon_core.environment:checking '/home/hammaad/sim_ws/install/new_controller/bin'
[1.969s] Level 1:colcon.colcon_core.environment:create_environment_scripts_only(new_controller)
[1.970s] INFO:colcon.colcon_core.shell:Creating package script '/home/hammaad/sim_ws/install/new_controller/share/new_controller/package.ps1'
[1.971s] INFO:colcon.colcon_core.shell:Creating package descriptor '/home/hammaad/sim_ws/install/new_controller/share/new_controller/package.dsv'
[1.971s] INFO:colcon.colcon_core.shell:Creating package script '/home/hammaad/sim_ws/install/new_controller/share/new_controller/package.sh'
[1.972s] INFO:colcon.colcon_core.shell:Creating package script '/home/hammaad/sim_ws/install/new_controller/share/new_controller/package.bash'
[1.972s] INFO:colcon.colcon_core.shell:Creating package script '/home/hammaad/sim_ws/install/new_controller/share/new_controller/package.zsh'
[1.973s] Level 1:colcon.colcon_core.environment:create_file_with_runtime_dependencies(/home/hammaad/sim_ws/install/new_controller/share/colcon-core/packages/new_controller)
[1.976s] Level 1:colcon.colcon_core.environment:checking '/home/hammaad/sim_ws/install/sac_agent_pkg' for CMake module files
[1.976s] DEBUG:colcon.colcon_core.event_handler.log_command:Invoked command in '/home/hammaad/sim_ws/src/sac_agent_pkg' returned '0': PYTHONPATH=/home/hammaad/sim_ws/build/sac_agent_pkg/prefix_override:/home/hammaad/sim_ws/install/sac_agent_pkg/lib/python3.8/site-packages:${PYTHONPATH} /usr/bin/python3 setup.py egg_info --egg-base ../../build/sac_agent_pkg build --build-base /home/hammaad/sim_ws/build/sac_agent_pkg/build install --record /home/hammaad/sim_ws/build/sac_agent_pkg/install.log --install-scripts $base/lib/sac_agent_pkg --single-version-externally-managed
[1.977s] Level 1:colcon.colcon_core.environment:checking '/home/hammaad/sim_ws/install/sac_agent_pkg' for CMake config files
[1.977s] Level 1:colcon.colcon_core.environment:checking '/home/hammaad/sim_ws/install/sac_agent_pkg/lib'
[1.977s] Level 1:colcon.colcon_core.environment:checking '/home/hammaad/sim_ws/install/sac_agent_pkg/bin'
[1.977s] Level 1:colcon.colcon_core.environment:checking '/home/hammaad/sim_ws/install/sac_agent_pkg/lib/pkgconfig/sac_agent_pkg.pc'
[1.977s] Level 1:colcon.colcon_core.environment:checking '/home/hammaad/sim_ws/install/sac_agent_pkg/lib/python3.8/site-packages'
[1.977s] Level 1:colcon.colcon_core.shell:create_environment_hook('sac_agent_pkg', 'pythonpath')
[1.978s] INFO:colcon.colcon_core.shell:Creating environment hook '/home/hammaad/sim_ws/install/sac_agent_pkg/share/sac_agent_pkg/hook/pythonpath.ps1'
[1.979s] INFO:colcon.colcon_core.shell:Creating environment descriptor '/home/hammaad/sim_ws/install/sac_agent_pkg/share/sac_agent_pkg/hook/pythonpath.dsv'
[1.979s] INFO:colcon.colcon_core.shell:Creating environment hook '/home/hammaad/sim_ws/install/sac_agent_pkg/share/sac_agent_pkg/hook/pythonpath.sh'
[1.979s] Level 1:colcon.colcon_core.environment:checking '/home/hammaad/sim_ws/install/sac_agent_pkg/bin'
[1.979s] Level 1:colcon.colcon_core.environment:create_environment_scripts_only(sac_agent_pkg)
[1.980s] INFO:colcon.colcon_core.shell:Creating package script '/home/hammaad/sim_ws/install/sac_agent_pkg/share/sac_agent_pkg/package.ps1'
[1.981s] INFO:colcon.colcon_core.shell:Creating package descriptor '/home/hammaad/sim_ws/install/sac_agent_pkg/share/sac_agent_pkg/package.dsv'
[1.981s] INFO:colcon.colcon_core.shell:Creating package script '/home/hammaad/sim_ws/install/sac_agent_pkg/share/sac_agent_pkg/package.sh'
[1.981s] INFO:colcon.colcon_core.shell:Creating package script '/home/hammaad/sim_ws/install/sac_agent_pkg/share/sac_agent_pkg/package.bash'
[1.982s] INFO:colcon.colcon_core.shell:Creating package script '/home/hammaad/sim_ws/install/sac_agent_pkg/share/sac_agent_pkg/package.zsh'
[1.982s] Level 1:colcon.colcon_core.environment:create_file_with_runtime_dependencies(/home/hammaad/sim_ws/install/sac_agent_pkg/share/colcon-core/packages/sac_agent_pkg)
[1.983s] Level 1:colcon.colcon_core.environment:checking '/home/hammaad/sim_ws/install/f1tenth_gym_ros' for CMake module files
[1.984s] Level 1:colcon.colcon_core.environment:checking '/home/hammaad/sim_ws/install/f1tenth_gym_ros' for CMake config files
[1.984s] DEBUG:colcon.colcon_core.event_handler.log_command:Invoked command in '/home/hammaad/sim_ws/src/f1tenth_gym_ros' returned '0': PYTHONPATH=/home/hammaad/sim_ws/build/f1tenth_gym_ros/prefix_override:/home/hammaad/sim_ws/install/f1tenth_gym_ros/lib/python3.8/site-packages:${PYTHONPATH} /usr/bin/python3 setup.py egg_info --egg-base ../../build/f1tenth_gym_ros build --build-base /home/hammaad/sim_ws/build/f1tenth_gym_ros/build install --record /home/hammaad/sim_ws/build/f1tenth_gym_ros/install.log --install-scripts $base/lib/f1tenth_gym_ros --single-version-externally-managed
[1.985s] Level 1:colcon.colcon_core.environment:checking '/home/hammaad/sim_ws/install/f1tenth_gym_ros/lib'
[1.985s] Level 1:colcon.colcon_core.environment:checking '/home/hammaad/sim_ws/install/f1tenth_gym_ros/bin'
[1.985s] Level 1:colcon.colcon_core.environment:checking '/home/hammaad/sim_ws/install/f1tenth_gym_ros/lib/pkgconfig/f1tenth_gym_ros.pc'
[1.985s] Level 1:colcon.colcon_core.environment:checking '/home/hammaad/sim_ws/install/f1tenth_gym_ros/lib/python3.8/site-packages'
[1.985s] Level 1:colcon.colcon_core.shell:create_environment_hook('f1tenth_gym_ros', 'pythonpath')
[1.986s] INFO:colcon.colcon_core.shell:Creating environment hook '/home/hammaad/sim_ws/install/f1tenth_gym_ros/share/f1tenth_gym_ros/hook/pythonpath.ps1'
[1.987s] INFO:colcon.colcon_core.shell:Creating environment descriptor '/home/hammaad/sim_ws/install/f1tenth_gym_ros/share/f1tenth_gym_ros/hook/pythonpath.dsv'
[1.987s] INFO:colcon.colcon_core.shell:Creating environment hook '/home/hammaad/sim_ws/install/f1tenth_gym_ros/share/f1tenth_gym_ros/hook/pythonpath.sh'
[1.988s] Level 1:colcon.colcon_core.environment:checking '/home/hammaad/sim_ws/install/f1tenth_gym_ros/bin'
[1.988s] Level 1:colcon.colcon_core.environment:create_environment_scripts_only(f1tenth_gym_ros)
[1.989s] INFO:colcon.colcon_core.shell:Creating package script '/home/hammaad/sim_ws/install/f1tenth_gym_ros/share/f1tenth_gym_ros/package.ps1'
[1.990s] INFO:colcon.colcon_core.shell:Creating package descriptor '/home/hammaad/sim_ws/install/f1tenth_gym_ros/share/f1tenth_gym_ros/package.dsv'
[1.990s] INFO:colcon.colcon_core.shell:Creating package script '/home/hammaad/sim_ws/install/f1tenth_gym_ros/share/f1tenth_gym_ros/package.sh'
[1.990s] INFO:colcon.colcon_core.shell:Creating package script '/home/hammaad/sim_ws/install/f1tenth_gym_ros/share/f1tenth_gym_ros/package.bash'
[1.991s] INFO:colcon.colcon_core.shell:Creating package script '/home/hammaad/sim_ws/install/f1tenth_gym_ros/share/f1tenth_gym_ros/package.zsh'
[1.991s] Level 1:colcon.colcon_core.environment:create_file_with_runtime_dependencies(/home/hammaad/sim_ws/install/f1tenth_gym_ros/share/colcon-core/packages/f1tenth_gym_ros)
[1.991s] DEBUG:colcon.colcon_parallel_executor.executor.parallel:closing loop
[1.991s] DEBUG:colcon.colcon_parallel_executor.executor.parallel:loop closed
[1.991s] DEBUG:colcon.colcon_parallel_executor.executor.parallel:run_until_complete finished with '0'
[1.992s] DEBUG:colcon.colcon_core.event_reactor:joining thread
[1.996s] INFO:colcon.colcon_core.plugin_system:Skipping extension 'colcon_notification.desktop_notification.terminal_notifier': Not used on non-Darwin systems
[1.997s] INFO:colcon.colcon_core.plugin_system:Skipping extension 'colcon_notification.desktop_notification.win32': Not used on non-Windows systems
[1.997s] INFO:colcon.colcon_notification.desktop_notification:Sending desktop notification using 'notify2'
[2.014s] DEBUG:colcon.colcon_core.event_reactor:joined thread
[2.015s] INFO:colcon.colcon_core.shell:Creating prefix script '/home/hammaad/sim_ws/install/local_setup.ps1'
[2.016s] INFO:colcon.colcon_core.shell:Creating prefix util module '/home/hammaad/sim_ws/install/_local_setup_util_ps1.py'
[2.017s] INFO:colcon.colcon_core.shell:Creating prefix chain script '/home/hammaad/sim_ws/install/setup.ps1'
[2.018s] INFO:colcon.colcon_core.shell:Creating prefix script '/home/hammaad/sim_ws/install/local_setup.sh'
[2.019s] INFO:colcon.colcon_core.shell:Creating prefix util module '/home/hammaad/sim_ws/install/_local_setup_util_sh.py'
[2.019s] INFO:colcon.colcon_core.shell:Creating prefix chain script '/home/hammaad/sim_ws/install/setup.sh'
[2.021s] INFO:colcon.colcon_core.shell:Creating prefix script '/home/hammaad/sim_ws/install/local_setup.bash'
[2.021s] INFO:colcon.colcon_core.shell:Creating prefix chain script '/home/hammaad/sim_ws/install/setup.bash'
[2.022s] INFO:colcon.colcon_core.shell:Creating prefix script '/home/hammaad/sim_ws/install/local_setup.zsh'
[2.022s] INFO:colcon.colcon_core.shell:Creating prefix chain script '/home/hammaad/sim_ws/install/setup.zsh'
