[2.113s] Invoking command in '/home/hammaad/sim_ws/build/new_controller': PYTHONPATH=/home/hammaad/sim_ws/build/new_controller/prefix_override:/home/hammaad/sim_ws/install/new_controller/lib/python3.8/site-packages:${PYTHONPATH} /usr/bin/python3 setup.py develop --uninstall --editable --build-directory /home/hammaad/sim_ws/build/new_controller/build
[2.553s] running develop
[2.895s] Invoked command in '/home/hammaad/sim_ws/build/new_controller' returned '0': PYTHONPATH=/home/hammaad/sim_ws/build/new_controller/prefix_override:/home/hammaad/sim_ws/install/new_controller/lib/python3.8/site-packages:${PYTHONPATH} /usr/bin/python3 setup.py develop --uninstall --editable --build-directory /home/hammaad/sim_ws/build/new_controller/build
[2.896s] Invoking command in '/home/hammaad/sim_ws/src/new_controller': PYTHONPATH=/home/hammaad/sim_ws/build/new_controller/prefix_override:/home/hammaad/sim_ws/install/new_controller/lib/python3.8/site-packages:${PYTHONPATH} /usr/bin/python3 setup.py egg_info --egg-base ../../build/new_controller build --build-base /home/hammaad/sim_ws/build/new_controller/build install --record /home/hammaad/sim_ws/build/new_controller/install.log --install-scripts $base/lib/new_controller --single-version-externally-managed
[3.314s] running egg_info
[3.316s] writing ../../build/new_controller/new_controller.egg-info/PKG-INFO
[3.317s] writing dependency_links to ../../build/new_controller/new_controller.egg-info/dependency_links.txt
[3.317s] writing entry points to ../../build/new_controller/new_controller.egg-info/entry_points.txt
[3.318s] writing requirements to ../../build/new_controller/new_controller.egg-info/requires.txt
[3.318s] writing top-level names to ../../build/new_controller/new_controller.egg-info/top_level.txt
[3.403s] reading manifest file '../../build/new_controller/new_controller.egg-info/SOURCES.txt'
[3.404s] writing manifest file '../../build/new_controller/new_controller.egg-info/SOURCES.txt'
[3.405s] running build
[3.405s] running build_py
[3.405s] running install
[3.406s] running install_lib
[3.408s] running install_data
[3.409s] running install_egg_info
[3.411s] removing '/home/hammaad/sim_ws/install/new_controller/lib/python3.8/site-packages/new_controller-0.0.0-py3.8.egg-info' (and everything under it)
[3.412s] Copying ../../build/new_controller/new_controller.egg-info to /home/hammaad/sim_ws/install/new_controller/lib/python3.8/site-packages/new_controller-0.0.0-py3.8.egg-info
[3.413s] running install_scripts
[3.443s] writing list of installed files to '/home/hammaad/sim_ws/build/new_controller/install.log'
[3.487s] Invoked command in '/home/hammaad/sim_ws/src/new_controller' returned '0': PYTHONPATH=/home/hammaad/sim_ws/build/new_controller/prefix_override:/home/hammaad/sim_ws/install/new_controller/lib/python3.8/site-packages:${PYTHONPATH} /usr/bin/python3 setup.py egg_info --egg-base ../../build/new_controller build --build-base /home/hammaad/sim_ws/build/new_controller/build install --record /home/hammaad/sim_ws/build/new_controller/install.log --install-scripts $base/lib/new_controller --single-version-externally-managed
