[0.960s] Invoking command in '/home/hammaad/sim_ws/build/f1tenth_gym_ros': PYTHONPATH=/home/hammaad/sim_ws/build/f1tenth_gym_ros/prefix_override:/home/hammaad/sim_ws/install/f1tenth_gym_ros/lib/python3.8/site-packages:${PYTHONPATH} /usr/bin/python3 setup.py develop --uninstall --editable --build-directory /home/hammaad/sim_ws/build/f1tenth_gym_ros/build
[1.151s] running develop
[1.305s] Invoked command in '/home/hammaad/sim_ws/build/f1tenth_gym_ros' returned '0': PYTHONPATH=/home/hammaad/sim_ws/build/f1tenth_gym_ros/prefix_override:/home/hammaad/sim_ws/install/f1tenth_gym_ros/lib/python3.8/site-packages:${PYTHONPATH} /usr/bin/python3 setup.py develop --uninstall --editable --build-directory /home/hammaad/sim_ws/build/f1tenth_gym_ros/build
[1.307s] Invoking command in '/home/hammaad/sim_ws/src/f1tenth_gym_ros': PYTHONPATH=/home/hammaad/sim_ws/build/f1tenth_gym_ros/prefix_override:/home/hammaad/sim_ws/install/f1tenth_gym_ros/lib/python3.8/site-packages:${PYTHONPATH} /usr/bin/python3 setup.py egg_info --egg-base ../../build/f1tenth_gym_ros build --build-base /home/hammaad/sim_ws/build/f1tenth_gym_ros/build install --record /home/hammaad/sim_ws/build/f1tenth_gym_ros/install.log --install-scripts $base/lib/f1tenth_gym_ros --single-version-externally-managed
[1.486s] running egg_info
[1.487s] writing ../../build/f1tenth_gym_ros/f1tenth_gym_ros.egg-info/PKG-INFO
[1.487s] writing dependency_links to ../../build/f1tenth_gym_ros/f1tenth_gym_ros.egg-info/dependency_links.txt
[1.488s] writing entry points to ../../build/f1tenth_gym_ros/f1tenth_gym_ros.egg-info/entry_points.txt
[1.488s] writing requirements to ../../build/f1tenth_gym_ros/f1tenth_gym_ros.egg-info/requires.txt
[1.488s] writing top-level names to ../../build/f1tenth_gym_ros/f1tenth_gym_ros.egg-info/top_level.txt
[1.515s] reading manifest file '../../build/f1tenth_gym_ros/f1tenth_gym_ros.egg-info/SOURCES.txt'
[1.515s] writing manifest file '../../build/f1tenth_gym_ros/f1tenth_gym_ros.egg-info/SOURCES.txt'
[1.516s] running build
[1.516s] running build_py
[1.516s] running install
[1.516s] running install_lib
[1.518s] running install_data
[1.518s] running install_egg_info
[1.520s] removing '/home/hammaad/sim_ws/install/f1tenth_gym_ros/lib/python3.8/site-packages/f1tenth_gym_ros-0.0.0-py3.8.egg-info' (and everything under it)
[1.520s] Copying ../../build/f1tenth_gym_ros/f1tenth_gym_ros.egg-info to /home/hammaad/sim_ws/install/f1tenth_gym_ros/lib/python3.8/site-packages/f1tenth_gym_ros-0.0.0-py3.8.egg-info
[1.521s] running install_scripts
[1.536s] Installing gym_bridge script to /home/hammaad/sim_ws/install/f1tenth_gym_ros/lib/f1tenth_gym_ros
[1.536s] writing list of installed files to '/home/hammaad/sim_ws/build/f1tenth_gym_ros/install.log'
[1.565s] Invoked command in '/home/hammaad/sim_ws/src/f1tenth_gym_ros' returned '0': PYTHONPATH=/home/hammaad/sim_ws/build/f1tenth_gym_ros/prefix_override:/home/hammaad/sim_ws/install/f1tenth_gym_ros/lib/python3.8/site-packages:${PYTHONPATH} /usr/bin/python3 setup.py egg_info --egg-base ../../build/f1tenth_gym_ros build --build-base /home/hammaad/sim_ws/build/f1tenth_gym_ros/build install --record /home/hammaad/sim_ws/build/f1tenth_gym_ros/install.log --install-scripts $base/lib/f1tenth_gym_ros --single-version-externally-managed
