[0.937s] Invoking command in '/home/hammaad/sim_ws/build/new_controller': PYTHONPATH=/home/hammaad/sim_ws/build/new_controller/prefix_override:/home/hammaad/sim_ws/install/new_controller/lib/python3.8/site-packages:${PYTHONPATH} /usr/bin/python3 setup.py develop --uninstall --editable --build-directory /home/hammaad/sim_ws/build/new_controller/build
[1.137s] running develop
[1.293s] Invoked command in '/home/hammaad/sim_ws/build/new_controller' returned '0': PYTHONPATH=/home/hammaad/sim_ws/build/new_controller/prefix_override:/home/hammaad/sim_ws/install/new_controller/lib/python3.8/site-packages:${PYTHONPATH} /usr/bin/python3 setup.py develop --uninstall --editable --build-directory /home/hammaad/sim_ws/build/new_controller/build
[1.296s] Invoking command in '/home/hammaad/sim_ws/src/new_controller': PYTHONPATH=/home/hammaad/sim_ws/build/new_controller/prefix_override:/home/hammaad/sim_ws/install/new_controller/lib/python3.8/site-packages:${PYTHONPATH} /usr/bin/python3 setup.py egg_info --egg-base ../../build/new_controller build --build-base /home/hammaad/sim_ws/build/new_controller/build install --record /home/hammaad/sim_ws/build/new_controller/install.log --install-scripts $base/lib/new_controller --single-version-externally-managed
[1.476s] running egg_info
[1.476s] writing ../../build/new_controller/new_controller.egg-info/PKG-INFO
[1.477s] writing dependency_links to ../../build/new_controller/new_controller.egg-info/dependency_links.txt
[1.477s] writing entry points to ../../build/new_controller/new_controller.egg-info/entry_points.txt
[1.477s] writing requirements to ../../build/new_controller/new_controller.egg-info/requires.txt
[1.477s] writing top-level names to ../../build/new_controller/new_controller.egg-info/top_level.txt
[1.504s] reading manifest file '../../build/new_controller/new_controller.egg-info/SOURCES.txt'
[1.505s] writing manifest file '../../build/new_controller/new_controller.egg-info/SOURCES.txt'
[1.505s] running build
[1.505s] running build_py
[1.505s] running install
[1.506s] running install_lib
[1.507s] running install_data
[1.507s] running install_egg_info
[1.509s] removing '/home/hammaad/sim_ws/install/new_controller/lib/python3.8/site-packages/new_controller-0.0.0-py3.8.egg-info' (and everything under it)
[1.509s] Copying ../../build/new_controller/new_controller.egg-info to /home/hammaad/sim_ws/install/new_controller/lib/python3.8/site-packages/new_controller-0.0.0-py3.8.egg-info
[1.510s] running install_scripts
[1.524s] writing list of installed files to '/home/hammaad/sim_ws/build/new_controller/install.log'
[1.564s] Invoked command in '/home/hammaad/sim_ws/src/new_controller' returned '0': PYTHONPATH=/home/hammaad/sim_ws/build/new_controller/prefix_override:/home/hammaad/sim_ws/install/new_controller/lib/python3.8/site-packages:${PYTHONPATH} /usr/bin/python3 setup.py egg_info --egg-base ../../build/new_controller build --build-base /home/hammaad/sim_ws/build/new_controller/build install --record /home/hammaad/sim_ws/build/new_controller/install.log --install-scripts $base/lib/new_controller --single-version-externally-managed
