[1.936s] DEBUG:colcon:Command line arguments: ['/usr/bin/colcon', 'build']
[1.937s] DEBUG:colcon:Parsed command line arguments: Namespace(allow_overriding=[], ament_cmake_args=None, base_paths=['.'], build_base='build', catkin_cmake_args=None, catkin_skip_building_tests=False, cmake_args=None, cmake_clean_cache=False, cmake_clean_first=False, cmake_force_configure=False, cmake_target=None, cmake_target_skip_unavailable=False, continue_on_error=False, event_handlers=None, executor='parallel', ignore_user_meta=False, install_base='install', log_base=None, log_level=None, main=<bound method BuildVerb.main of <colcon_core.verb.build.BuildVerb object at 0x7fc800c06c40>>, merge_install=False, metas=['./colcon.meta'], packages_above=None, packages_above_and_dependencies=None, packages_above_depth=None, packages_end=None, packages_ignore=None, packages_ignore_regex=None, packages_select=None, packages_select_build_failed=False, packages_select_by_dep=None, packages_select_regex=None, packages_select_test_failures=False, packages_skip=None, packages_skip_build_finished=False, packages_skip_by_dep=None, packages_skip_regex=None, packages_skip_test_passed=False, packages_skip_up_to=None, packages_start=None, packages_up_to=None, packages_up_to_regex=None, parallel_workers=4, paths=None, symlink_install=False, test_result_base=None, verb_extension=<colcon_core.verb.build.BuildVerb object at 0x7fc800c06c40>, verb_name='build', verb_parser=<colcon_defaults.argument_parser.defaults.DefaultArgumentsDecorator object at 0x7fc800c121f0>)
[2.122s] Level 1:colcon.colcon_core.package_discovery:discover_packages(colcon_meta) check parameters
[2.122s] Level 1:colcon.colcon_core.package_discovery:discover_packages(recursive) check parameters
[2.122s] Level 1:colcon.colcon_core.package_discovery:discover_packages(ignore) check parameters
[2.122s] Level 1:colcon.colcon_core.package_discovery:discover_packages(path) check parameters
[2.122s] Level 1:colcon.colcon_core.package_discovery:discover_packages(colcon_meta) discover
[2.122s] Level 1:colcon.colcon_core.package_discovery:discover_packages(recursive) discover
[2.122s] INFO:colcon.colcon_core.package_discovery:Crawling recursively for packages in '/home/hammaad/sim_ws'
[2.123s] Level 1:colcon.colcon_core.package_identification:_identify(.) by extensions ['ignore', 'ignore_ament_install']
[2.123s] Level 1:colcon.colcon_core.package_identification:_identify(.) by extension 'ignore'
[2.123s] Level 1:colcon.colcon_core.package_identification:_identify(.) by extension 'ignore_ament_install'
[2.123s] Level 1:colcon.colcon_core.package_identification:_identify(.) by extensions ['colcon_pkg']
[2.123s] Level 1:colcon.colcon_core.package_identification:_identify(.) by extension 'colcon_pkg'
[2.123s] Level 1:colcon.colcon_core.package_identification:_identify(.) by extensions ['colcon_meta']
[2.123s] Level 1:colcon.colcon_core.package_identification:_identify(.) by extension 'colcon_meta'
[2.123s] Level 1:colcon.colcon_core.package_identification:_identify(.) by extensions ['ros']
[2.123s] Level 1:colcon.colcon_core.package_identification:_identify(.) by extension 'ros'
[2.252s] Level 1:colcon.colcon_core.package_identification:_identify(.) by extensions ['cmake', 'python']
[2.252s] Level 1:colcon.colcon_core.package_identification:_identify(.) by extension 'cmake'
[2.252s] Level 1:colcon.colcon_core.package_identification:_identify(.) by extension 'python'
[2.252s] Level 1:colcon.colcon_core.package_identification:_identify(.) by extensions ['python_setup_py']
[2.252s] Level 1:colcon.colcon_core.package_identification:_identify(.) by extension 'python_setup_py'
[2.252s] Level 1:colcon.colcon_core.package_identification:_identify(build) by extensions ['ignore', 'ignore_ament_install']
[2.252s] Level 1:colcon.colcon_core.package_identification:_identify(build) by extension 'ignore'
[2.252s] Level 1:colcon.colcon_core.package_identification:_identify(build) ignored
[2.253s] Level 1:colcon.colcon_core.package_identification:_identify(install) by extensions ['ignore', 'ignore_ament_install']
[2.253s] Level 1:colcon.colcon_core.package_identification:_identify(install) by extension 'ignore'
[2.253s] Level 1:colcon.colcon_core.package_identification:_identify(install) ignored
[2.253s] Level 1:colcon.colcon_core.package_identification:_identify(log) by extensions ['ignore', 'ignore_ament_install']
[2.253s] Level 1:colcon.colcon_core.package_identification:_identify(log) by extension 'ignore'
[2.253s] Level 1:colcon.colcon_core.package_identification:_identify(log) ignored
[2.253s] Level 1:colcon.colcon_core.package_identification:_identify(src) by extensions ['ignore', 'ignore_ament_install']
[2.253s] Level 1:colcon.colcon_core.package_identification:_identify(src) by extension 'ignore'
[2.254s] Level 1:colcon.colcon_core.package_identification:_identify(src) by extension 'ignore_ament_install'
[2.254s] Level 1:colcon.colcon_core.package_identification:_identify(src) by extensions ['colcon_pkg']
[2.254s] Level 1:colcon.colcon_core.package_identification:_identify(src) by extension 'colcon_pkg'
[2.254s] Level 1:colcon.colcon_core.package_identification:_identify(src) by extensions ['colcon_meta']
[2.254s] Level 1:colcon.colcon_core.package_identification:_identify(src) by extension 'colcon_meta'
[2.254s] Level 1:colcon.colcon_core.package_identification:_identify(src) by extensions ['ros']
[2.254s] Level 1:colcon.colcon_core.package_identification:_identify(src) by extension 'ros'
[2.254s] Level 1:colcon.colcon_core.package_identification:_identify(src) by extensions ['cmake', 'python']
[2.254s] Level 1:colcon.colcon_core.package_identification:_identify(src) by extension 'cmake'
[2.254s] Level 1:colcon.colcon_core.package_identification:_identify(src) by extension 'python'
[2.254s] Level 1:colcon.colcon_core.package_identification:_identify(src) by extensions ['python_setup_py']
[2.254s] Level 1:colcon.colcon_core.package_identification:_identify(src) by extension 'python_setup_py'
[2.279s] Level 1:colcon.colcon_core.package_identification:_identify(src/f1tenth_gym_ros) by extensions ['ignore', 'ignore_ament_install']
[2.279s] Level 1:colcon.colcon_core.package_identification:_identify(src/f1tenth_gym_ros) by extension 'ignore'
[2.280s] Level 1:colcon.colcon_core.package_identification:_identify(src/f1tenth_gym_ros) by extension 'ignore_ament_install'
[2.280s] Level 1:colcon.colcon_core.package_identification:_identify(src/f1tenth_gym_ros) by extensions ['colcon_pkg']
[2.280s] Level 1:colcon.colcon_core.package_identification:_identify(src/f1tenth_gym_ros) by extension 'colcon_pkg'
[2.280s] Level 1:colcon.colcon_core.package_identification:_identify(src/f1tenth_gym_ros) by extensions ['colcon_meta']
[2.280s] Level 1:colcon.colcon_core.package_identification:_identify(src/f1tenth_gym_ros) by extension 'colcon_meta'
[2.280s] Level 1:colcon.colcon_core.package_identification:_identify(src/f1tenth_gym_ros) by extensions ['ros']
[2.280s] Level 1:colcon.colcon_core.package_identification:_identify(src/f1tenth_gym_ros) by extension 'ros'
[2.316s] DEBUG:colcon.colcon_core.package_identification:Package 'src/f1tenth_gym_ros' with type 'ros.ament_python' and name 'f1tenth_gym_ros'
[2.326s] Level 1:colcon.colcon_core.package_identification:_identify(src/new_controller) by extensions ['ignore', 'ignore_ament_install']
[2.326s] Level 1:colcon.colcon_core.package_identification:_identify(src/new_controller) by extension 'ignore'
[2.326s] Level 1:colcon.colcon_core.package_identification:_identify(src/new_controller) by extension 'ignore_ament_install'
[2.326s] Level 1:colcon.colcon_core.package_identification:_identify(src/new_controller) by extensions ['colcon_pkg']
[2.326s] Level 1:colcon.colcon_core.package_identification:_identify(src/new_controller) by extension 'colcon_pkg'
[2.326s] Level 1:colcon.colcon_core.package_identification:_identify(src/new_controller) by extensions ['colcon_meta']
[2.326s] Level 1:colcon.colcon_core.package_identification:_identify(src/new_controller) by extension 'colcon_meta'
[2.326s] Level 1:colcon.colcon_core.package_identification:_identify(src/new_controller) by extensions ['ros']
[2.326s] Level 1:colcon.colcon_core.package_identification:_identify(src/new_controller) by extension 'ros'
[2.338s] DEBUG:colcon.colcon_core.package_identification:Package 'src/new_controller' with type 'ros.ament_python' and name 'new_controller'
[2.338s] Level 1:colcon.colcon_core.package_identification:_identify(src/sac_agent_pkg) by extensions ['ignore', 'ignore_ament_install']
[2.338s] Level 1:colcon.colcon_core.package_identification:_identify(src/sac_agent_pkg) by extension 'ignore'
[2.338s] Level 1:colcon.colcon_core.package_identification:_identify(src/sac_agent_pkg) by extension 'ignore_ament_install'
[2.338s] Level 1:colcon.colcon_core.package_identification:_identify(src/sac_agent_pkg) by extensions ['colcon_pkg']
[2.338s] Level 1:colcon.colcon_core.package_identification:_identify(src/sac_agent_pkg) by extension 'colcon_pkg'
[2.338s] Level 1:colcon.colcon_core.package_identification:_identify(src/sac_agent_pkg) by extensions ['colcon_meta']
[2.338s] Level 1:colcon.colcon_core.package_identification:_identify(src/sac_agent_pkg) by extension 'colcon_meta'
[2.338s] Level 1:colcon.colcon_core.package_identification:_identify(src/sac_agent_pkg) by extensions ['ros']
[2.338s] Level 1:colcon.colcon_core.package_identification:_identify(src/sac_agent_pkg) by extension 'ros'
[2.358s] DEBUG:colcon.colcon_core.package_identification:Package 'src/sac_agent_pkg' with type 'ros.ament_python' and name 'sac_agent_pkg'
[2.358s] Level 1:colcon.colcon_core.package_discovery:discover_packages(recursive) using defaults
[2.358s] Level 1:colcon.colcon_core.package_discovery:discover_packages(ignore) discover
[2.358s] Level 1:colcon.colcon_core.package_discovery:discover_packages(ignore) using defaults
[2.358s] Level 1:colcon.colcon_core.package_discovery:discover_packages(path) discover
[2.359s] Level 1:colcon.colcon_core.package_discovery:discover_packages(path) using defaults
[2.423s] Level 1:colcon.colcon_core.package_discovery:discover_packages(prefix_path) check parameters
[2.423s] Level 1:colcon.colcon_core.package_discovery:discover_packages(prefix_path) discover
[2.492s] DEBUG:colcon.colcon_installed_package_information.package_discovery:Found 4 installed packages in /home/hammaad/sim_ws/install
[2.524s] DEBUG:colcon.colcon_installed_package_information.package_discovery:Found 265 installed packages in /opt/ros/foxy
[2.526s] Level 1:colcon.colcon_core.package_discovery:discover_packages(prefix_path) using defaults
[4.810s] Level 5:colcon.colcon_core.verb:set package 'f1tenth_gym_ros' build argument 'cmake_args' from command line to 'None'
[4.810s] Level 5:colcon.colcon_core.verb:set package 'f1tenth_gym_ros' build argument 'cmake_target' from command line to 'None'
[4.810s] Level 5:colcon.colcon_core.verb:set package 'f1tenth_gym_ros' build argument 'cmake_target_skip_unavailable' from command line to 'False'
[4.810s] Level 5:colcon.colcon_core.verb:set package 'f1tenth_gym_ros' build argument 'cmake_clean_cache' from command line to 'False'
[4.811s] Level 5:colcon.colcon_core.verb:set package 'f1tenth_gym_ros' build argument 'cmake_clean_first' from command line to 'False'
[4.811s] Level 5:colcon.colcon_core.verb:set package 'f1tenth_gym_ros' build argument 'cmake_force_configure' from command line to 'False'
[4.811s] Level 5:colcon.colcon_core.verb:set package 'f1tenth_gym_ros' build argument 'ament_cmake_args' from command line to 'None'
[4.811s] Level 5:colcon.colcon_core.verb:set package 'f1tenth_gym_ros' build argument 'catkin_cmake_args' from command line to 'None'
[4.811s] Level 5:colcon.colcon_core.verb:set package 'f1tenth_gym_ros' build argument 'catkin_skip_building_tests' from command line to 'False'
[4.811s] DEBUG:colcon.colcon_core.verb:Building package 'f1tenth_gym_ros' with the following arguments: {'ament_cmake_args': None, 'build_base': '/home/hammaad/sim_ws/build/f1tenth_gym_ros', 'catkin_cmake_args': None, 'catkin_skip_building_tests': False, 'cmake_args': None, 'cmake_clean_cache': False, 'cmake_clean_first': False, 'cmake_force_configure': False, 'cmake_target': None, 'cmake_target_skip_unavailable': False, 'install_base': '/home/hammaad/sim_ws/install/f1tenth_gym_ros', 'merge_install': False, 'path': '/home/hammaad/sim_ws/src/f1tenth_gym_ros', 'symlink_install': False, 'test_result_base': None}
[4.812s] Level 5:colcon.colcon_core.verb:set package 'new_controller' build argument 'cmake_args' from command line to 'None'
[4.812s] Level 5:colcon.colcon_core.verb:set package 'new_controller' build argument 'cmake_target' from command line to 'None'
[4.812s] Level 5:colcon.colcon_core.verb:set package 'new_controller' build argument 'cmake_target_skip_unavailable' from command line to 'False'
[4.812s] Level 5:colcon.colcon_core.verb:set package 'new_controller' build argument 'cmake_clean_cache' from command line to 'False'
[4.812s] Level 5:colcon.colcon_core.verb:set package 'new_controller' build argument 'cmake_clean_first' from command line to 'False'
[4.813s] Level 5:colcon.colcon_core.verb:set package 'new_controller' build argument 'cmake_force_configure' from command line to 'False'
[4.813s] Level 5:colcon.colcon_core.verb:set package 'new_controller' build argument 'ament_cmake_args' from command line to 'None'
[4.813s] Level 5:colcon.colcon_core.verb:set package 'new_controller' build argument 'catkin_cmake_args' from command line to 'None'
[4.813s] Level 5:colcon.colcon_core.verb:set package 'new_controller' build argument 'catkin_skip_building_tests' from command line to 'False'
[4.813s] DEBUG:colcon.colcon_core.verb:Building package 'new_controller' with the following arguments: {'ament_cmake_args': None, 'build_base': '/home/hammaad/sim_ws/build/new_controller', 'catkin_cmake_args': None, 'catkin_skip_building_tests': False, 'cmake_args': None, 'cmake_clean_cache': False, 'cmake_clean_first': False, 'cmake_force_configure': False, 'cmake_target': None, 'cmake_target_skip_unavailable': False, 'install_base': '/home/hammaad/sim_ws/install/new_controller', 'merge_install': False, 'path': '/home/hammaad/sim_ws/src/new_controller', 'symlink_install': False, 'test_result_base': None}
[4.814s] Level 5:colcon.colcon_core.verb:set package 'sac_agent_pkg' build argument 'cmake_args' from command line to 'None'
[4.814s] Level 5:colcon.colcon_core.verb:set package 'sac_agent_pkg' build argument 'cmake_target' from command line to 'None'
[4.814s] Level 5:colcon.colcon_core.verb:set package 'sac_agent_pkg' build argument 'cmake_target_skip_unavailable' from command line to 'False'
[4.814s] Level 5:colcon.colcon_core.verb:set package 'sac_agent_pkg' build argument 'cmake_clean_cache' from command line to 'False'
[4.814s] Level 5:colcon.colcon_core.verb:set package 'sac_agent_pkg' build argument 'cmake_clean_first' from command line to 'False'
[4.814s] Level 5:colcon.colcon_core.verb:set package 'sac_agent_pkg' build argument 'cmake_force_configure' from command line to 'False'
[4.815s] Level 5:colcon.colcon_core.verb:set package 'sac_agent_pkg' build argument 'ament_cmake_args' from command line to 'None'
[4.815s] Level 5:colcon.colcon_core.verb:set package 'sac_agent_pkg' build argument 'catkin_cmake_args' from command line to 'None'
[4.815s] Level 5:colcon.colcon_core.verb:set package 'sac_agent_pkg' build argument 'catkin_skip_building_tests' from command line to 'False'
[4.815s] DEBUG:colcon.colcon_core.verb:Building package 'sac_agent_pkg' with the following arguments: {'ament_cmake_args': None, 'build_base': '/home/hammaad/sim_ws/build/sac_agent_pkg', 'catkin_cmake_args': None, 'catkin_skip_building_tests': False, 'cmake_args': None, 'cmake_clean_cache': False, 'cmake_clean_first': False, 'cmake_force_configure': False, 'cmake_target': None, 'cmake_target_skip_unavailable': False, 'install_base': '/home/hammaad/sim_ws/install/sac_agent_pkg', 'merge_install': False, 'path': '/home/hammaad/sim_ws/src/sac_agent_pkg', 'symlink_install': False, 'test_result_base': None}
[4.816s] INFO:colcon.colcon_core.executor:Executing jobs using 'parallel' executor
[4.822s] DEBUG:colcon.colcon_parallel_executor.executor.parallel:run_until_complete
[4.822s] INFO:colcon.colcon_ros.task.ament_python.build:Building ROS package in '/home/hammaad/sim_ws/src/f1tenth_gym_ros' with build type 'ament_python'
[4.822s] Level 1:colcon.colcon_core.shell:create_environment_hook('f1tenth_gym_ros', 'ament_prefix_path')
[4.922s] INFO:colcon.colcon_core.plugin_system:Skipping extension 'colcon_core.shell.bat': Not used on non-Windows systems
[4.923s] INFO:colcon.colcon_core.shell:Creating environment hook '/home/hammaad/sim_ws/install/f1tenth_gym_ros/share/f1tenth_gym_ros/hook/ament_prefix_path.ps1'
[4.936s] INFO:colcon.colcon_core.shell:Creating environment descriptor '/home/hammaad/sim_ws/install/f1tenth_gym_ros/share/f1tenth_gym_ros/hook/ament_prefix_path.dsv'
[4.949s] INFO:colcon.colcon_core.shell:Creating environment hook '/home/hammaad/sim_ws/install/f1tenth_gym_ros/share/f1tenth_gym_ros/hook/ament_prefix_path.sh'
[4.953s] INFO:colcon.colcon_core.shell:Skip shell extension 'powershell' for command environment: Not usable outside of PowerShell
[4.954s] DEBUG:colcon.colcon_core.shell:Skip shell extension 'dsv' for command environment
[5.020s] INFO:colcon.colcon_ros.task.ament_python.build:Building ROS package in '/home/hammaad/sim_ws/src/new_controller' with build type 'ament_python'
[5.021s] Level 1:colcon.colcon_core.shell:create_environment_hook('new_controller', 'ament_prefix_path')
[5.025s] INFO:colcon.colcon_core.shell:Creating environment hook '/home/hammaad/sim_ws/install/new_controller/share/new_controller/hook/ament_prefix_path.ps1'
[5.074s] INFO:colcon.colcon_core.shell:Creating environment descriptor '/home/hammaad/sim_ws/install/new_controller/share/new_controller/hook/ament_prefix_path.dsv'
[5.075s] INFO:colcon.colcon_core.shell:Creating environment hook '/home/hammaad/sim_ws/install/new_controller/share/new_controller/hook/ament_prefix_path.sh'
[5.077s] INFO:colcon.colcon_core.shell:Skip shell extension 'powershell' for command environment: Not usable outside of PowerShell
[5.078s] DEBUG:colcon.colcon_core.shell:Skip shell extension 'dsv' for command environment
[5.093s] INFO:colcon.colcon_ros.task.ament_python.build:Building ROS package in '/home/hammaad/sim_ws/src/sac_agent_pkg' with build type 'ament_python'
[5.093s] Level 1:colcon.colcon_core.shell:create_environment_hook('sac_agent_pkg', 'ament_prefix_path')
[5.096s] INFO:colcon.colcon_core.shell:Creating environment hook '/home/hammaad/sim_ws/install/sac_agent_pkg/share/sac_agent_pkg/hook/ament_prefix_path.ps1'
[5.103s] INFO:colcon.colcon_core.shell:Creating environment descriptor '/home/hammaad/sim_ws/install/sac_agent_pkg/share/sac_agent_pkg/hook/ament_prefix_path.dsv'
[5.104s] INFO:colcon.colcon_core.shell:Creating environment hook '/home/hammaad/sim_ws/install/sac_agent_pkg/share/sac_agent_pkg/hook/ament_prefix_path.sh'
[5.107s] INFO:colcon.colcon_core.shell:Skip shell extension 'powershell' for command environment: Not usable outside of PowerShell
[5.107s] DEBUG:colcon.colcon_core.shell:Skip shell extension 'dsv' for command environment
[5.505s] INFO:colcon.colcon_core.task.python.build:Building Python package in '/home/hammaad/sim_ws/src/f1tenth_gym_ros'
[5.510s] INFO:colcon.colcon_core.shell:Skip shell extension 'powershell' for command environment: Not usable outside of PowerShell
[5.510s] DEBUG:colcon.colcon_core.shell:Skip shell extension 'dsv' for command environment
[5.847s] INFO:colcon.colcon_core.task.python.build:Building Python package in '/home/hammaad/sim_ws/src/new_controller'
[5.851s] INFO:colcon.colcon_core.shell:Skip shell extension 'powershell' for command environment: Not usable outside of PowerShell
[5.851s] DEBUG:colcon.colcon_core.shell:Skip shell extension 'dsv' for command environment
[6.178s] INFO:colcon.colcon_core.task.python.build:Building Python package in '/home/hammaad/sim_ws/src/sac_agent_pkg'
[6.181s] INFO:colcon.colcon_core.shell:Skip shell extension 'powershell' for command environment: Not usable outside of PowerShell
[6.181s] DEBUG:colcon.colcon_core.shell:Skip shell extension 'dsv' for command environment
[8.455s] DEBUG:colcon.colcon_core.event_handler.log_command:Invoking command in '/home/hammaad/sim_ws/build/sac_agent_pkg': PYTHONPATH=/home/hammaad/sim_ws/build/sac_agent_pkg/prefix_override:/home/hammaad/sim_ws/install/sac_agent_pkg/lib/python3.8/site-packages:${PYTHONPATH} /usr/bin/python3 setup.py develop --uninstall --editable --build-directory /home/hammaad/sim_ws/build/sac_agent_pkg/build
[8.517s] DEBUG:colcon.colcon_core.event_handler.log_command:Invoking command in '/home/hammaad/sim_ws/build/new_controller': PYTHONPATH=/home/hammaad/sim_ws/build/new_controller/prefix_override:/home/hammaad/sim_ws/install/new_controller/lib/python3.8/site-packages:${PYTHONPATH} /usr/bin/python3 setup.py develop --uninstall --editable --build-directory /home/hammaad/sim_ws/build/new_controller/build
[8.541s] DEBUG:colcon.colcon_core.event_handler.log_command:Invoking command in '/home/hammaad/sim_ws/build/f1tenth_gym_ros': PYTHONPATH=/home/hammaad/sim_ws/build/f1tenth_gym_ros/prefix_override:/home/hammaad/sim_ws/install/f1tenth_gym_ros/lib/python3.8/site-packages:${PYTHONPATH} /usr/bin/python3 setup.py develop --uninstall --editable --build-directory /home/hammaad/sim_ws/build/f1tenth_gym_ros/build
[9.352s] DEBUG:colcon.colcon_core.event_handler.log_command:Invoked command in '/home/hammaad/sim_ws/build/new_controller' returned '0': PYTHONPATH=/home/hammaad/sim_ws/build/new_controller/prefix_override:/home/hammaad/sim_ws/install/new_controller/lib/python3.8/site-packages:${PYTHONPATH} /usr/bin/python3 setup.py develop --uninstall --editable --build-directory /home/hammaad/sim_ws/build/new_controller/build
[9.353s] DEBUG:colcon.colcon_core.event_handler.log_command:Invoking command in '/home/hammaad/sim_ws/src/new_controller': PYTHONPATH=/home/hammaad/sim_ws/build/new_controller/prefix_override:/home/hammaad/sim_ws/install/new_controller/lib/python3.8/site-packages:${PYTHONPATH} /usr/bin/python3 setup.py egg_info --egg-base ../../build/new_controller build --build-base /home/hammaad/sim_ws/build/new_controller/build install --record /home/hammaad/sim_ws/build/new_controller/install.log --install-scripts $base/lib/new_controller --single-version-externally-managed
[9.356s] DEBUG:colcon.colcon_core.event_handler.log_command:Invoked command in '/home/hammaad/sim_ws/build/f1tenth_gym_ros' returned '0': PYTHONPATH=/home/hammaad/sim_ws/build/f1tenth_gym_ros/prefix_override:/home/hammaad/sim_ws/install/f1tenth_gym_ros/lib/python3.8/site-packages:${PYTHONPATH} /usr/bin/python3 setup.py develop --uninstall --editable --build-directory /home/hammaad/sim_ws/build/f1tenth_gym_ros/build
[9.359s] DEBUG:colcon.colcon_core.event_handler.log_command:Invoking command in '/home/hammaad/sim_ws/src/f1tenth_gym_ros': PYTHONPATH=/home/hammaad/sim_ws/build/f1tenth_gym_ros/prefix_override:/home/hammaad/sim_ws/install/f1tenth_gym_ros/lib/python3.8/site-packages:${PYTHONPATH} /usr/bin/python3 setup.py egg_info --egg-base ../../build/f1tenth_gym_ros build --build-base /home/hammaad/sim_ws/build/f1tenth_gym_ros/build install --record /home/hammaad/sim_ws/build/f1tenth_gym_ros/install.log --install-scripts $base/lib/f1tenth_gym_ros --single-version-externally-managed
[9.362s] DEBUG:colcon.colcon_core.event_handler.log_command:Invoked command in '/home/hammaad/sim_ws/build/sac_agent_pkg' returned '0': PYTHONPATH=/home/hammaad/sim_ws/build/sac_agent_pkg/prefix_override:/home/hammaad/sim_ws/install/sac_agent_pkg/lib/python3.8/site-packages:${PYTHONPATH} /usr/bin/python3 setup.py develop --uninstall --editable --build-directory /home/hammaad/sim_ws/build/sac_agent_pkg/build
[9.365s] DEBUG:colcon.colcon_core.event_handler.log_command:Invoking command in '/home/hammaad/sim_ws/src/sac_agent_pkg': PYTHONPATH=/home/hammaad/sim_ws/build/sac_agent_pkg/prefix_override:/home/hammaad/sim_ws/install/sac_agent_pkg/lib/python3.8/site-packages:${PYTHONPATH} /usr/bin/python3 setup.py egg_info --egg-base ../../build/sac_agent_pkg build --build-base /home/hammaad/sim_ws/build/sac_agent_pkg/build install --record /home/hammaad/sim_ws/build/sac_agent_pkg/install.log --install-scripts $base/lib/sac_agent_pkg --single-version-externally-managed
[10.083s] DEBUG:colcon.colcon_core.event_handler.log_command:Invoked command in '/home/hammaad/sim_ws/src/sac_agent_pkg' returned '0': PYTHONPATH=/home/hammaad/sim_ws/build/sac_agent_pkg/prefix_override:/home/hammaad/sim_ws/install/sac_agent_pkg/lib/python3.8/site-packages:${PYTHONPATH} /usr/bin/python3 setup.py egg_info --egg-base ../../build/sac_agent_pkg build --build-base /home/hammaad/sim_ws/build/sac_agent_pkg/build install --record /home/hammaad/sim_ws/build/sac_agent_pkg/install.log --install-scripts $base/lib/sac_agent_pkg --single-version-externally-managed
[10.292s] Level 1:colcon.colcon_core.environment:checking '/home/hammaad/sim_ws/install/sac_agent_pkg' for CMake module files
[10.293s] Level 1:colcon.colcon_core.environment:checking '/home/hammaad/sim_ws/install/sac_agent_pkg' for CMake config files
[10.316s] Level 1:colcon.colcon_core.environment:checking '/home/hammaad/sim_ws/install/sac_agent_pkg/lib'
[10.316s] Level 1:colcon.colcon_core.environment:checking '/home/hammaad/sim_ws/install/sac_agent_pkg/bin'
[10.316s] Level 1:colcon.colcon_core.environment:checking '/home/hammaad/sim_ws/install/sac_agent_pkg/lib/pkgconfig/sac_agent_pkg.pc'
[10.317s] Level 1:colcon.colcon_core.environment:checking '/home/hammaad/sim_ws/install/sac_agent_pkg/lib/python3.8/site-packages'
[10.317s] Level 1:colcon.colcon_core.shell:create_environment_hook('sac_agent_pkg', 'pythonpath')
[10.319s] INFO:colcon.colcon_core.shell:Creating environment hook '/home/hammaad/sim_ws/install/sac_agent_pkg/share/sac_agent_pkg/hook/pythonpath.ps1'
[10.319s] INFO:colcon.colcon_core.shell:Creating environment descriptor '/home/hammaad/sim_ws/install/sac_agent_pkg/share/sac_agent_pkg/hook/pythonpath.dsv'
[10.320s] INFO:colcon.colcon_core.shell:Creating environment hook '/home/hammaad/sim_ws/install/sac_agent_pkg/share/sac_agent_pkg/hook/pythonpath.sh'
[10.320s] Level 1:colcon.colcon_core.environment:checking '/home/hammaad/sim_ws/install/sac_agent_pkg/bin'
[10.321s] Level 1:colcon.colcon_core.environment:create_environment_scripts_only(sac_agent_pkg)
[10.323s] INFO:colcon.colcon_core.shell:Creating package script '/home/hammaad/sim_ws/install/sac_agent_pkg/share/sac_agent_pkg/package.ps1'
[10.371s] INFO:colcon.colcon_core.shell:Creating package descriptor '/home/hammaad/sim_ws/install/sac_agent_pkg/share/sac_agent_pkg/package.dsv'
[10.394s] INFO:colcon.colcon_core.shell:Creating package script '/home/hammaad/sim_ws/install/sac_agent_pkg/share/sac_agent_pkg/package.sh'
[10.427s] INFO:colcon.colcon_core.shell:Creating package script '/home/hammaad/sim_ws/install/sac_agent_pkg/share/sac_agent_pkg/package.bash'
[10.448s] INFO:colcon.colcon_core.shell:Creating package script '/home/hammaad/sim_ws/install/sac_agent_pkg/share/sac_agent_pkg/package.zsh'
[10.460s] Level 1:colcon.colcon_core.environment:create_file_with_runtime_dependencies(/home/hammaad/sim_ws/install/sac_agent_pkg/share/colcon-core/packages/sac_agent_pkg)
[10.466s] Level 1:colcon.colcon_core.environment:checking '/home/hammaad/sim_ws/install/new_controller' for CMake module files
[10.467s] DEBUG:colcon.colcon_core.event_handler.log_command:Invoked command in '/home/hammaad/sim_ws/src/new_controller' returned '0': PYTHONPATH=/home/hammaad/sim_ws/build/new_controller/prefix_override:/home/hammaad/sim_ws/install/new_controller/lib/python3.8/site-packages:${PYTHONPATH} /usr/bin/python3 setup.py egg_info --egg-base ../../build/new_controller build --build-base /home/hammaad/sim_ws/build/new_controller/build install --record /home/hammaad/sim_ws/build/new_controller/install.log --install-scripts $base/lib/new_controller --single-version-externally-managed
[10.467s] Level 1:colcon.colcon_core.environment:checking '/home/hammaad/sim_ws/install/new_controller' for CMake config files
[10.468s] Level 1:colcon.colcon_core.environment:checking '/home/hammaad/sim_ws/install/new_controller/lib'
[10.469s] Level 1:colcon.colcon_core.environment:checking '/home/hammaad/sim_ws/install/new_controller/bin'
[10.469s] Level 1:colcon.colcon_core.environment:checking '/home/hammaad/sim_ws/install/new_controller/lib/pkgconfig/new_controller.pc'
[10.469s] Level 1:colcon.colcon_core.environment:checking '/home/hammaad/sim_ws/install/new_controller/lib/python3.8/site-packages'
[10.469s] Level 1:colcon.colcon_core.shell:create_environment_hook('new_controller', 'pythonpath')
[10.473s] INFO:colcon.colcon_core.shell:Creating environment hook '/home/hammaad/sim_ws/install/new_controller/share/new_controller/hook/pythonpath.ps1'
[10.479s] INFO:colcon.colcon_core.shell:Creating environment descriptor '/home/hammaad/sim_ws/install/new_controller/share/new_controller/hook/pythonpath.dsv'
[10.480s] INFO:colcon.colcon_core.shell:Creating environment hook '/home/hammaad/sim_ws/install/new_controller/share/new_controller/hook/pythonpath.sh'
[10.480s] Level 1:colcon.colcon_core.environment:checking '/home/hammaad/sim_ws/install/new_controller/bin'
[10.481s] Level 1:colcon.colcon_core.environment:create_environment_scripts_only(new_controller)
[10.483s] INFO:colcon.colcon_core.shell:Creating package script '/home/hammaad/sim_ws/install/new_controller/share/new_controller/package.ps1'
[10.484s] INFO:colcon.colcon_core.shell:Creating package descriptor '/home/hammaad/sim_ws/install/new_controller/share/new_controller/package.dsv'
[10.485s] INFO:colcon.colcon_core.shell:Creating package script '/home/hammaad/sim_ws/install/new_controller/share/new_controller/package.sh'
[10.485s] INFO:colcon.colcon_core.shell:Creating package script '/home/hammaad/sim_ws/install/new_controller/share/new_controller/package.bash'
[10.486s] INFO:colcon.colcon_core.shell:Creating package script '/home/hammaad/sim_ws/install/new_controller/share/new_controller/package.zsh'
[10.486s] Level 1:colcon.colcon_core.environment:create_file_with_runtime_dependencies(/home/hammaad/sim_ws/install/new_controller/share/colcon-core/packages/new_controller)
[10.490s] Level 1:colcon.colcon_core.environment:checking '/home/hammaad/sim_ws/install/f1tenth_gym_ros' for CMake module files
[10.491s] Level 1:colcon.colcon_core.environment:checking '/home/hammaad/sim_ws/install/f1tenth_gym_ros' for CMake config files
[10.498s] Level 1:colcon.colcon_core.environment:checking '/home/hammaad/sim_ws/install/f1tenth_gym_ros/lib'
[10.498s] Level 1:colcon.colcon_core.environment:checking '/home/hammaad/sim_ws/install/f1tenth_gym_ros/bin'
[10.498s] Level 1:colcon.colcon_core.environment:checking '/home/hammaad/sim_ws/install/f1tenth_gym_ros/lib/pkgconfig/f1tenth_gym_ros.pc'
[10.499s] Level 1:colcon.colcon_core.environment:checking '/home/hammaad/sim_ws/install/f1tenth_gym_ros/lib/python3.8/site-packages'
[10.499s] Level 1:colcon.colcon_core.shell:create_environment_hook('f1tenth_gym_ros', 'pythonpath')
[10.501s] INFO:colcon.colcon_core.shell:Creating environment hook '/home/hammaad/sim_ws/install/f1tenth_gym_ros/share/f1tenth_gym_ros/hook/pythonpath.ps1'
[10.509s] DEBUG:colcon.colcon_core.event_handler.log_command:Invoked command in '/home/hammaad/sim_ws/src/f1tenth_gym_ros' returned '0': PYTHONPATH=/home/hammaad/sim_ws/build/f1tenth_gym_ros/prefix_override:/home/hammaad/sim_ws/install/f1tenth_gym_ros/lib/python3.8/site-packages:${PYTHONPATH} /usr/bin/python3 setup.py egg_info --egg-base ../../build/f1tenth_gym_ros build --build-base /home/hammaad/sim_ws/build/f1tenth_gym_ros/build install --record /home/hammaad/sim_ws/build/f1tenth_gym_ros/install.log --install-scripts $base/lib/f1tenth_gym_ros --single-version-externally-managed
[10.509s] INFO:colcon.colcon_core.shell:Creating environment descriptor '/home/hammaad/sim_ws/install/f1tenth_gym_ros/share/f1tenth_gym_ros/hook/pythonpath.dsv'
[10.509s] INFO:colcon.colcon_core.shell:Creating environment hook '/home/hammaad/sim_ws/install/f1tenth_gym_ros/share/f1tenth_gym_ros/hook/pythonpath.sh'
[10.510s] Level 1:colcon.colcon_core.environment:checking '/home/hammaad/sim_ws/install/f1tenth_gym_ros/bin'
[10.510s] Level 1:colcon.colcon_core.environment:create_environment_scripts_only(f1tenth_gym_ros)
[10.513s] INFO:colcon.colcon_core.shell:Creating package script '/home/hammaad/sim_ws/install/f1tenth_gym_ros/share/f1tenth_gym_ros/package.ps1'
[10.514s] INFO:colcon.colcon_core.shell:Creating package descriptor '/home/hammaad/sim_ws/install/f1tenth_gym_ros/share/f1tenth_gym_ros/package.dsv'
[10.515s] INFO:colcon.colcon_core.shell:Creating package script '/home/hammaad/sim_ws/install/f1tenth_gym_ros/share/f1tenth_gym_ros/package.sh'
[10.516s] INFO:colcon.colcon_core.shell:Creating package script '/home/hammaad/sim_ws/install/f1tenth_gym_ros/share/f1tenth_gym_ros/package.bash'
[10.516s] INFO:colcon.colcon_core.shell:Creating package script '/home/hammaad/sim_ws/install/f1tenth_gym_ros/share/f1tenth_gym_ros/package.zsh'
[10.516s] Level 1:colcon.colcon_core.environment:create_file_with_runtime_dependencies(/home/hammaad/sim_ws/install/f1tenth_gym_ros/share/colcon-core/packages/f1tenth_gym_ros)
[10.517s] DEBUG:colcon.colcon_parallel_executor.executor.parallel:closing loop
[10.517s] DEBUG:colcon.colcon_parallel_executor.executor.parallel:loop closed
[10.517s] DEBUG:colcon.colcon_parallel_executor.executor.parallel:run_until_complete finished with '0'
[10.518s] DEBUG:colcon.colcon_core.event_reactor:joining thread
[10.583s] INFO:colcon.colcon_core.plugin_system:Skipping extension 'colcon_notification.desktop_notification.terminal_notifier': Not used on non-Darwin systems
[10.584s] INFO:colcon.colcon_core.plugin_system:Skipping extension 'colcon_notification.desktop_notification.win32': Not used on non-Windows systems
[10.584s] INFO:colcon.colcon_notification.desktop_notification:Sending desktop notification using 'notify2'
[10.934s] DEBUG:colcon.colcon_core.event_reactor:joined thread
[10.937s] INFO:colcon.colcon_core.shell:Creating prefix script '/home/hammaad/sim_ws/install/local_setup.ps1'
[10.968s] INFO:colcon.colcon_core.shell:Creating prefix util module '/home/hammaad/sim_ws/install/_local_setup_util_ps1.py'
[11.016s] INFO:colcon.colcon_core.shell:Creating prefix chain script '/home/hammaad/sim_ws/install/setup.ps1'
[11.024s] INFO:colcon.colcon_core.shell:Creating prefix script '/home/hammaad/sim_ws/install/local_setup.sh'
[11.030s] INFO:colcon.colcon_core.shell:Creating prefix util module '/home/hammaad/sim_ws/install/_local_setup_util_sh.py'
[11.032s] INFO:colcon.colcon_core.shell:Creating prefix chain script '/home/hammaad/sim_ws/install/setup.sh'
[11.036s] INFO:colcon.colcon_core.shell:Creating prefix script '/home/hammaad/sim_ws/install/local_setup.bash'
[11.037s] INFO:colcon.colcon_core.shell:Creating prefix chain script '/home/hammaad/sim_ws/install/setup.bash'
[11.053s] INFO:colcon.colcon_core.shell:Creating prefix script '/home/hammaad/sim_ws/install/local_setup.zsh'
[11.055s] INFO:colcon.colcon_core.shell:Creating prefix chain script '/home/hammaad/sim_ws/install/setup.zsh'
