[0.945s] Invoking command in '/home/hammaad/sim_ws/build/new_controller': PYTHONPATH=/home/hammaad/sim_ws/build/new_controller/prefix_override:/home/hammaad/sim_ws/install/new_controller/lib/python3.8/site-packages:${PYTHONPATH} /usr/bin/python3 setup.py develop --uninstall --editable --build-directory /home/hammaad/sim_ws/build/new_controller/build
[1.145s] running develop
[1.289s] Invoked command in '/home/hammaad/sim_ws/build/new_controller' returned '0': PYTHONPATH=/home/hammaad/sim_ws/build/new_controller/prefix_override:/home/hammaad/sim_ws/install/new_controller/lib/python3.8/site-packages:${PYTHONPATH} /usr/bin/python3 setup.py develop --uninstall --editable --build-directory /home/hammaad/sim_ws/build/new_controller/build
[1.293s] Invoking command in '/home/hammaad/sim_ws/src/new_controller': PYTHONPATH=/home/hammaad/sim_ws/build/new_controller/prefix_override:/home/hammaad/sim_ws/install/new_controller/lib/python3.8/site-packages:${PYTHONPATH} /usr/bin/python3 setup.py egg_info --egg-base ../../build/new_controller build --build-base /home/hammaad/sim_ws/build/new_controller/build install --record /home/hammaad/sim_ws/build/new_controller/install.log --install-scripts $base/lib/new_controller --single-version-externally-managed
[1.512s] running egg_info
[1.513s] writing ../../build/new_controller/new_controller.egg-info/PKG-INFO
[1.513s] writing dependency_links to ../../build/new_controller/new_controller.egg-info/dependency_links.txt
[1.513s] writing entry points to ../../build/new_controller/new_controller.egg-info/entry_points.txt
[1.513s] writing requirements to ../../build/new_controller/new_controller.egg-info/requires.txt
[1.514s] writing top-level names to ../../build/new_controller/new_controller.egg-info/top_level.txt
[1.545s] reading manifest file '../../build/new_controller/new_controller.egg-info/SOURCES.txt'
[1.546s] writing manifest file '../../build/new_controller/new_controller.egg-info/SOURCES.txt'
[1.546s] running build
[1.546s] running build_py
[1.546s] running install
[1.547s] running install_lib
[1.548s] running install_data
[1.549s] running install_egg_info
[1.550s] removing '/home/hammaad/sim_ws/install/new_controller/lib/python3.8/site-packages/new_controller-0.0.0-py3.8.egg-info' (and everything under it)
[1.551s] Copying ../../build/new_controller/new_controller.egg-info to /home/hammaad/sim_ws/install/new_controller/lib/python3.8/site-packages/new_controller-0.0.0-py3.8.egg-info
[1.551s] running install_scripts
[1.567s] writing list of installed files to '/home/hammaad/sim_ws/build/new_controller/install.log'
[1.609s] Invoked command in '/home/hammaad/sim_ws/src/new_controller' returned '0': PYTHONPATH=/home/hammaad/sim_ws/build/new_controller/prefix_override:/home/hammaad/sim_ws/install/new_controller/lib/python3.8/site-packages:${PYTHONPATH} /usr/bin/python3 setup.py egg_info --egg-base ../../build/new_controller build --build-base /home/hammaad/sim_ws/build/new_controller/build install --record /home/hammaad/sim_ws/build/new_controller/install.log --install-scripts $base/lib/new_controller --single-version-externally-managed
