[0.993s] Invoking command in '/home/hammaad/sim_ws/build/new_controller': PYTHONPATH=/home/hammaad/sim_ws/build/new_controller/prefix_override:/home/hammaad/sim_ws/install/new_controller/lib/python3.8/site-packages:${PYTHONPATH} /usr/bin/python3 setup.py develop --uninstall --editable --build-directory /home/hammaad/sim_ws/build/new_controller/build
[1.191s] running develop
[1.339s] Invoked command in '/home/hammaad/sim_ws/build/new_controller' returned '0': PYTHONPATH=/home/hammaad/sim_ws/build/new_controller/prefix_override:/home/hammaad/sim_ws/install/new_controller/lib/python3.8/site-packages:${PYTHONPATH} /usr/bin/python3 setup.py develop --uninstall --editable --build-directory /home/hammaad/sim_ws/build/new_controller/build
[1.341s] Invoking command in '/home/hammaad/sim_ws/src/new_controller': PYTHONPATH=/home/hammaad/sim_ws/build/new_controller/prefix_override:/home/hammaad/sim_ws/install/new_controller/lib/python3.8/site-packages:${PYTHONPATH} /usr/bin/python3 setup.py egg_info --egg-base ../../build/new_controller build --build-base /home/hammaad/sim_ws/build/new_controller/build install --record /home/hammaad/sim_ws/build/new_controller/install.log --install-scripts $base/lib/new_controller --single-version-externally-managed
[1.527s] running egg_info
[1.528s] writing ../../build/new_controller/new_controller.egg-info/PKG-INFO
[1.528s] writing dependency_links to ../../build/new_controller/new_controller.egg-info/dependency_links.txt
[1.528s] writing entry points to ../../build/new_controller/new_controller.egg-info/entry_points.txt
[1.528s] writing requirements to ../../build/new_controller/new_controller.egg-info/requires.txt
[1.529s] writing top-level names to ../../build/new_controller/new_controller.egg-info/top_level.txt
[1.557s] reading manifest file '../../build/new_controller/new_controller.egg-info/SOURCES.txt'
[1.557s] writing manifest file '../../build/new_controller/new_controller.egg-info/SOURCES.txt'
[1.557s] running build
[1.558s] running build_py
[1.558s] running install
[1.558s] running install_lib
[1.560s] running install_data
[1.560s] running install_egg_info
[1.562s] removing '/home/hammaad/sim_ws/install/new_controller/lib/python3.8/site-packages/new_controller-0.0.0-py3.8.egg-info' (and everything under it)
[1.562s] Copying ../../build/new_controller/new_controller.egg-info to /home/hammaad/sim_ws/install/new_controller/lib/python3.8/site-packages/new_controller-0.0.0-py3.8.egg-info
[1.562s] running install_scripts
[1.578s] writing list of installed files to '/home/hammaad/sim_ws/build/new_controller/install.log'
[1.605s] Invoked command in '/home/hammaad/sim_ws/src/new_controller' returned '0': PYTHONPATH=/home/hammaad/sim_ws/build/new_controller/prefix_override:/home/hammaad/sim_ws/install/new_controller/lib/python3.8/site-packages:${PYTHONPATH} /usr/bin/python3 setup.py egg_info --egg-base ../../build/new_controller build --build-base /home/hammaad/sim_ws/build/new_controller/build install --record /home/hammaad/sim_ws/build/new_controller/install.log --install-scripts $base/lib/new_controller --single-version-externally-managed
