[2.273s] Invoking command in '/home/hammaad/sim_ws/build/new_controller': PYTHONPATH=/home/hammaad/sim_ws/build/new_controller/prefix_override:/home/hammaad/sim_ws/install/new_controller/lib/python3.8/site-packages:${PYTHONPATH} /usr/bin/python3 setup.py develop --uninstall --editable --build-directory /home/hammaad/sim_ws/build/new_controller/build
[2.728s] running develop
[3.072s] Invoked command in '/home/hammaad/sim_ws/build/new_controller' returned '0': PYTHONPATH=/home/hammaad/sim_ws/build/new_controller/prefix_override:/home/hammaad/sim_ws/install/new_controller/lib/python3.8/site-packages:${PYTHONPATH} /usr/bin/python3 setup.py develop --uninstall --editable --build-directory /home/hammaad/sim_ws/build/new_controller/build
[3.073s] Invoking command in '/home/hammaad/sim_ws/src/new_controller': PYTHONPATH=/home/hammaad/sim_ws/build/new_controller/prefix_override:/home/hammaad/sim_ws/install/new_controller/lib/python3.8/site-packages:${PYTHONPATH} /usr/bin/python3 setup.py egg_info --egg-base ../../build/new_controller build --build-base /home/hammaad/sim_ws/build/new_controller/build install --record /home/hammaad/sim_ws/build/new_controller/install.log --install-scripts $base/lib/new_controller --single-version-externally-managed
[3.484s] running egg_info
[3.485s] writing ../../build/new_controller/new_controller.egg-info/PKG-INFO
[3.501s] writing dependency_links to ../../build/new_controller/new_controller.egg-info/dependency_links.txt
[3.501s] writing entry points to ../../build/new_controller/new_controller.egg-info/entry_points.txt
[3.501s] writing requirements to ../../build/new_controller/new_controller.egg-info/requires.txt
[3.502s] writing top-level names to ../../build/new_controller/new_controller.egg-info/top_level.txt
[3.575s] reading manifest file '../../build/new_controller/new_controller.egg-info/SOURCES.txt'
[3.576s] writing manifest file '../../build/new_controller/new_controller.egg-info/SOURCES.txt'
[3.576s] running build
[3.576s] running build_py
[3.577s] running install
[3.578s] running install_lib
[3.580s] running install_data
[3.581s] running install_egg_info
[3.584s] removing '/home/hammaad/sim_ws/install/new_controller/lib/python3.8/site-packages/new_controller-0.0.0-py3.8.egg-info' (and everything under it)
[3.584s] Copying ../../build/new_controller/new_controller.egg-info to /home/hammaad/sim_ws/install/new_controller/lib/python3.8/site-packages/new_controller-0.0.0-py3.8.egg-info
[3.607s] running install_scripts
[3.637s] writing list of installed files to '/home/hammaad/sim_ws/build/new_controller/install.log'
[3.680s] Invoked command in '/home/hammaad/sim_ws/src/new_controller' returned '0': PYTHONPATH=/home/hammaad/sim_ws/build/new_controller/prefix_override:/home/hammaad/sim_ws/install/new_controller/lib/python3.8/site-packages:${PYTHONPATH} /usr/bin/python3 setup.py egg_info --egg-base ../../build/new_controller build --build-base /home/hammaad/sim_ws/build/new_controller/build install --record /home/hammaad/sim_ws/build/new_controller/install.log --install-scripts $base/lib/new_controller --single-version-externally-managed
