[0.682s] DEBUG:colcon:Command line arguments: ['/usr/bin/colcon', 'build']
[0.682s] DEBUG:colcon:Parsed command line arguments: Namespace(allow_overriding=[], ament_cmake_args=None, base_paths=['.'], build_base='build', catkin_cmake_args=None, catkin_skip_building_tests=False, cmake_args=None, cmake_clean_cache=False, cmake_clean_first=False, cmake_force_configure=False, cmake_target=None, cmake_target_skip_unavailable=False, continue_on_error=False, event_handlers=None, executor='parallel', ignore_user_meta=False, install_base='install', log_base=None, log_level=None, main=<bound method BuildVerb.main of <colcon_core.verb.build.BuildVerb object at 0x7f0f09968ac0>>, merge_install=False, metas=['./colcon.meta'], packages_above=None, packages_above_and_dependencies=None, packages_above_depth=None, packages_end=None, packages_ignore=None, packages_ignore_regex=None, packages_select=None, packages_select_build_failed=False, packages_select_by_dep=None, packages_select_regex=None, packages_select_test_failures=False, packages_skip=None, packages_skip_build_finished=False, packages_skip_by_dep=None, packages_skip_regex=None, packages_skip_test_passed=False, packages_skip_up_to=None, packages_start=None, packages_up_to=None, packages_up_to_regex=None, parallel_workers=4, paths=None, symlink_install=False, test_result_base=None, verb_extension=<colcon_core.verb.build.BuildVerb object at 0x7f0f09968ac0>, verb_name='build', verb_parser=<colcon_defaults.argument_parser.defaults.DefaultArgumentsDecorator object at 0x7f0f09974070>)
[0.740s] Level 1:colcon.colcon_core.package_discovery:discover_packages(colcon_meta) check parameters
[0.740s] Level 1:colcon.colcon_core.package_discovery:discover_packages(recursive) check parameters
[0.740s] Level 1:colcon.colcon_core.package_discovery:discover_packages(ignore) check parameters
[0.740s] Level 1:colcon.colcon_core.package_discovery:discover_packages(path) check parameters
[0.740s] Level 1:colcon.colcon_core.package_discovery:discover_packages(colcon_meta) discover
[0.740s] Level 1:colcon.colcon_core.package_discovery:discover_packages(recursive) discover
[0.740s] INFO:colcon.colcon_core.package_discovery:Crawling recursively for packages in '/home/hammaad/sim_ws'
[0.740s] Level 1:colcon.colcon_core.package_identification:_identify(.) by extensions ['ignore', 'ignore_ament_install']
[0.741s] Level 1:colcon.colcon_core.package_identification:_identify(.) by extension 'ignore'
[0.741s] Level 1:colcon.colcon_core.package_identification:_identify(.) by extension 'ignore_ament_install'
[0.741s] Level 1:colcon.colcon_core.package_identification:_identify(.) by extensions ['colcon_pkg']
[0.741s] Level 1:colcon.colcon_core.package_identification:_identify(.) by extension 'colcon_pkg'
[0.741s] Level 1:colcon.colcon_core.package_identification:_identify(.) by extensions ['colcon_meta']
[0.741s] Level 1:colcon.colcon_core.package_identification:_identify(.) by extension 'colcon_meta'
[0.741s] Level 1:colcon.colcon_core.package_identification:_identify(.) by extensions ['ros']
[0.741s] Level 1:colcon.colcon_core.package_identification:_identify(.) by extension 'ros'
[0.774s] Level 1:colcon.colcon_core.package_identification:_identify(.) by extensions ['cmake', 'python']
[0.774s] Level 1:colcon.colcon_core.package_identification:_identify(.) by extension 'cmake'
[0.775s] Level 1:colcon.colcon_core.package_identification:_identify(.) by extension 'python'
[0.775s] Level 1:colcon.colcon_core.package_identification:_identify(.) by extensions ['python_setup_py']
[0.775s] Level 1:colcon.colcon_core.package_identification:_identify(.) by extension 'python_setup_py'
[0.775s] Level 1:colcon.colcon_core.package_identification:_identify(build) by extensions ['ignore', 'ignore_ament_install']
[0.775s] Level 1:colcon.colcon_core.package_identification:_identify(build) by extension 'ignore'
[0.775s] Level 1:colcon.colcon_core.package_identification:_identify(build) ignored
[0.775s] Level 1:colcon.colcon_core.package_identification:_identify(install) by extensions ['ignore', 'ignore_ament_install']
[0.775s] Level 1:colcon.colcon_core.package_identification:_identify(install) by extension 'ignore'
[0.776s] Level 1:colcon.colcon_core.package_identification:_identify(install) ignored
[0.776s] Level 1:colcon.colcon_core.package_identification:_identify(log) by extensions ['ignore', 'ignore_ament_install']
[0.776s] Level 1:colcon.colcon_core.package_identification:_identify(log) by extension 'ignore'
[0.776s] Level 1:colcon.colcon_core.package_identification:_identify(log) ignored
[0.776s] Level 1:colcon.colcon_core.package_identification:_identify(src) by extensions ['ignore', 'ignore_ament_install']
[0.776s] Level 1:colcon.colcon_core.package_identification:_identify(src) by extension 'ignore'
[0.776s] Level 1:colcon.colcon_core.package_identification:_identify(src) by extension 'ignore_ament_install'
[0.776s] Level 1:colcon.colcon_core.package_identification:_identify(src) by extensions ['colcon_pkg']
[0.777s] Level 1:colcon.colcon_core.package_identification:_identify(src) by extension 'colcon_pkg'
[0.777s] Level 1:colcon.colcon_core.package_identification:_identify(src) by extensions ['colcon_meta']
[0.777s] Level 1:colcon.colcon_core.package_identification:_identify(src) by extension 'colcon_meta'
[0.777s] Level 1:colcon.colcon_core.package_identification:_identify(src) by extensions ['ros']
[0.777s] Level 1:colcon.colcon_core.package_identification:_identify(src) by extension 'ros'
[0.777s] Level 1:colcon.colcon_core.package_identification:_identify(src) by extensions ['cmake', 'python']
[0.777s] Level 1:colcon.colcon_core.package_identification:_identify(src) by extension 'cmake'
[0.777s] Level 1:colcon.colcon_core.package_identification:_identify(src) by extension 'python'
[0.777s] Level 1:colcon.colcon_core.package_identification:_identify(src) by extensions ['python_setup_py']
[0.777s] Level 1:colcon.colcon_core.package_identification:_identify(src) by extension 'python_setup_py'
[0.777s] Level 1:colcon.colcon_core.package_identification:_identify(src/f1tenth_gym_ros) by extensions ['ignore', 'ignore_ament_install']
[0.778s] Level 1:colcon.colcon_core.package_identification:_identify(src/f1tenth_gym_ros) by extension 'ignore'
[0.778s] Level 1:colcon.colcon_core.package_identification:_identify(src/f1tenth_gym_ros) by extension 'ignore_ament_install'
[0.778s] Level 1:colcon.colcon_core.package_identification:_identify(src/f1tenth_gym_ros) by extensions ['colcon_pkg']
[0.778s] Level 1:colcon.colcon_core.package_identification:_identify(src/f1tenth_gym_ros) by extension 'colcon_pkg'
[0.778s] Level 1:colcon.colcon_core.package_identification:_identify(src/f1tenth_gym_ros) by extensions ['colcon_meta']
[0.778s] Level 1:colcon.colcon_core.package_identification:_identify(src/f1tenth_gym_ros) by extension 'colcon_meta'
[0.778s] Level 1:colcon.colcon_core.package_identification:_identify(src/f1tenth_gym_ros) by extensions ['ros']
[0.778s] Level 1:colcon.colcon_core.package_identification:_identify(src/f1tenth_gym_ros) by extension 'ros'
[0.783s] DEBUG:colcon.colcon_core.package_identification:Package 'src/f1tenth_gym_ros' with type 'ros.ament_python' and name 'f1tenth_gym_ros'
[0.783s] Level 1:colcon.colcon_core.package_identification:_identify(src/new_controller) by extensions ['ignore', 'ignore_ament_install']
[0.783s] Level 1:colcon.colcon_core.package_identification:_identify(src/new_controller) by extension 'ignore'
[0.783s] Level 1:colcon.colcon_core.package_identification:_identify(src/new_controller) by extension 'ignore_ament_install'
[0.783s] Level 1:colcon.colcon_core.package_identification:_identify(src/new_controller) by extensions ['colcon_pkg']
[0.783s] Level 1:colcon.colcon_core.package_identification:_identify(src/new_controller) by extension 'colcon_pkg'
[0.784s] Level 1:colcon.colcon_core.package_identification:_identify(src/new_controller) by extensions ['colcon_meta']
[0.784s] Level 1:colcon.colcon_core.package_identification:_identify(src/new_controller) by extension 'colcon_meta'
[0.784s] Level 1:colcon.colcon_core.package_identification:_identify(src/new_controller) by extensions ['ros']
[0.784s] Level 1:colcon.colcon_core.package_identification:_identify(src/new_controller) by extension 'ros'
[0.785s] DEBUG:colcon.colcon_core.package_identification:Package 'src/new_controller' with type 'ros.ament_python' and name 'new_controller'
[0.785s] Level 1:colcon.colcon_core.package_identification:_identify(src/sac_agent_pkg) by extensions ['ignore', 'ignore_ament_install']
[0.785s] Level 1:colcon.colcon_core.package_identification:_identify(src/sac_agent_pkg) by extension 'ignore'
[0.785s] Level 1:colcon.colcon_core.package_identification:_identify(src/sac_agent_pkg) by extension 'ignore_ament_install'
[0.786s] Level 1:colcon.colcon_core.package_identification:_identify(src/sac_agent_pkg) by extensions ['colcon_pkg']
[0.786s] Level 1:colcon.colcon_core.package_identification:_identify(src/sac_agent_pkg) by extension 'colcon_pkg'
[0.786s] Level 1:colcon.colcon_core.package_identification:_identify(src/sac_agent_pkg) by extensions ['colcon_meta']
[0.786s] Level 1:colcon.colcon_core.package_identification:_identify(src/sac_agent_pkg) by extension 'colcon_meta'
[0.786s] Level 1:colcon.colcon_core.package_identification:_identify(src/sac_agent_pkg) by extensions ['ros']
[0.786s] Level 1:colcon.colcon_core.package_identification:_identify(src/sac_agent_pkg) by extension 'ros'
[0.787s] DEBUG:colcon.colcon_core.package_identification:Package 'src/sac_agent_pkg' with type 'ros.ament_python' and name 'sac_agent_pkg'
[0.788s] Level 1:colcon.colcon_core.package_discovery:discover_packages(recursive) using defaults
[0.788s] Level 1:colcon.colcon_core.package_discovery:discover_packages(ignore) discover
[0.788s] Level 1:colcon.colcon_core.package_discovery:discover_packages(ignore) using defaults
[0.788s] Level 1:colcon.colcon_core.package_discovery:discover_packages(path) discover
[0.788s] Level 1:colcon.colcon_core.package_discovery:discover_packages(path) using defaults
[0.823s] Level 1:colcon.colcon_core.package_discovery:discover_packages(prefix_path) check parameters
[0.823s] Level 1:colcon.colcon_core.package_discovery:discover_packages(prefix_path) discover
[0.828s] DEBUG:colcon.colcon_installed_package_information.package_discovery:Found 4 installed packages in /home/hammaad/sim_ws/install
[0.831s] DEBUG:colcon.colcon_installed_package_information.package_discovery:Found 265 installed packages in /opt/ros/foxy
[0.835s] Level 1:colcon.colcon_core.package_discovery:discover_packages(prefix_path) using defaults
[0.956s] Level 5:colcon.colcon_core.verb:set package 'f1tenth_gym_ros' build argument 'cmake_args' from command line to 'None'
[0.956s] Level 5:colcon.colcon_core.verb:set package 'f1tenth_gym_ros' build argument 'cmake_target' from command line to 'None'
[0.956s] Level 5:colcon.colcon_core.verb:set package 'f1tenth_gym_ros' build argument 'cmake_target_skip_unavailable' from command line to 'False'
[0.956s] Level 5:colcon.colcon_core.verb:set package 'f1tenth_gym_ros' build argument 'cmake_clean_cache' from command line to 'False'
[0.956s] Level 5:colcon.colcon_core.verb:set package 'f1tenth_gym_ros' build argument 'cmake_clean_first' from command line to 'False'
[0.956s] Level 5:colcon.colcon_core.verb:set package 'f1tenth_gym_ros' build argument 'cmake_force_configure' from command line to 'False'
[0.956s] Level 5:colcon.colcon_core.verb:set package 'f1tenth_gym_ros' build argument 'ament_cmake_args' from command line to 'None'
[0.956s] Level 5:colcon.colcon_core.verb:set package 'f1tenth_gym_ros' build argument 'catkin_cmake_args' from command line to 'None'
[0.956s] Level 5:colcon.colcon_core.verb:set package 'f1tenth_gym_ros' build argument 'catkin_skip_building_tests' from command line to 'False'
[0.957s] DEBUG:colcon.colcon_core.verb:Building package 'f1tenth_gym_ros' with the following arguments: {'ament_cmake_args': None, 'build_base': '/home/hammaad/sim_ws/build/f1tenth_gym_ros', 'catkin_cmake_args': None, 'catkin_skip_building_tests': False, 'cmake_args': None, 'cmake_clean_cache': False, 'cmake_clean_first': False, 'cmake_force_configure': False, 'cmake_target': None, 'cmake_target_skip_unavailable': False, 'install_base': '/home/hammaad/sim_ws/install/f1tenth_gym_ros', 'merge_install': False, 'path': '/home/hammaad/sim_ws/src/f1tenth_gym_ros', 'symlink_install': False, 'test_result_base': None}
[0.959s] Level 5:colcon.colcon_core.verb:set package 'new_controller' build argument 'cmake_args' from command line to 'None'
[0.959s] Level 5:colcon.colcon_core.verb:set package 'new_controller' build argument 'cmake_target' from command line to 'None'
[0.959s] Level 5:colcon.colcon_core.verb:set package 'new_controller' build argument 'cmake_target_skip_unavailable' from command line to 'False'
[0.959s] Level 5:colcon.colcon_core.verb:set package 'new_controller' build argument 'cmake_clean_cache' from command line to 'False'
[0.959s] Level 5:colcon.colcon_core.verb:set package 'new_controller' build argument 'cmake_clean_first' from command line to 'False'
[0.959s] Level 5:colcon.colcon_core.verb:set package 'new_controller' build argument 'cmake_force_configure' from command line to 'False'
[0.959s] Level 5:colcon.colcon_core.verb:set package 'new_controller' build argument 'ament_cmake_args' from command line to 'None'
[0.959s] Level 5:colcon.colcon_core.verb:set package 'new_controller' build argument 'catkin_cmake_args' from command line to 'None'
[0.959s] Level 5:colcon.colcon_core.verb:set package 'new_controller' build argument 'catkin_skip_building_tests' from command line to 'False'
[0.959s] DEBUG:colcon.colcon_core.verb:Building package 'new_controller' with the following arguments: {'ament_cmake_args': None, 'build_base': '/home/hammaad/sim_ws/build/new_controller', 'catkin_cmake_args': None, 'catkin_skip_building_tests': False, 'cmake_args': None, 'cmake_clean_cache': False, 'cmake_clean_first': False, 'cmake_force_configure': False, 'cmake_target': None, 'cmake_target_skip_unavailable': False, 'install_base': '/home/hammaad/sim_ws/install/new_controller', 'merge_install': False, 'path': '/home/hammaad/sim_ws/src/new_controller', 'symlink_install': False, 'test_result_base': None}
[0.961s] Level 5:colcon.colcon_core.verb:set package 'sac_agent_pkg' build argument 'cmake_args' from command line to 'None'
[0.961s] Level 5:colcon.colcon_core.verb:set package 'sac_agent_pkg' build argument 'cmake_target' from command line to 'None'
[0.961s] Level 5:colcon.colcon_core.verb:set package 'sac_agent_pkg' build argument 'cmake_target_skip_unavailable' from command line to 'False'
[0.961s] Level 5:colcon.colcon_core.verb:set package 'sac_agent_pkg' build argument 'cmake_clean_cache' from command line to 'False'
[0.961s] Level 5:colcon.colcon_core.verb:set package 'sac_agent_pkg' build argument 'cmake_clean_first' from command line to 'False'
[0.961s] Level 5:colcon.colcon_core.verb:set package 'sac_agent_pkg' build argument 'cmake_force_configure' from command line to 'False'
[0.961s] Level 5:colcon.colcon_core.verb:set package 'sac_agent_pkg' build argument 'ament_cmake_args' from command line to 'None'
[0.961s] Level 5:colcon.colcon_core.verb:set package 'sac_agent_pkg' build argument 'catkin_cmake_args' from command line to 'None'
[0.961s] Level 5:colcon.colcon_core.verb:set package 'sac_agent_pkg' build argument 'catkin_skip_building_tests' from command line to 'False'
[0.962s] DEBUG:colcon.colcon_core.verb:Building package 'sac_agent_pkg' with the following arguments: {'ament_cmake_args': None, 'build_base': '/home/hammaad/sim_ws/build/sac_agent_pkg', 'catkin_cmake_args': None, 'catkin_skip_building_tests': False, 'cmake_args': None, 'cmake_clean_cache': False, 'cmake_clean_first': False, 'cmake_force_configure': False, 'cmake_target': None, 'cmake_target_skip_unavailable': False, 'install_base': '/home/hammaad/sim_ws/install/sac_agent_pkg', 'merge_install': False, 'path': '/home/hammaad/sim_ws/src/sac_agent_pkg', 'symlink_install': False, 'test_result_base': None}
[0.963s] INFO:colcon.colcon_core.executor:Executing jobs using 'parallel' executor
[0.969s] DEBUG:colcon.colcon_parallel_executor.executor.parallel:run_until_complete
[0.969s] INFO:colcon.colcon_ros.task.ament_python.build:Building ROS package in '/home/hammaad/sim_ws/src/f1tenth_gym_ros' with build type 'ament_python'
[0.969s] Level 1:colcon.colcon_core.shell:create_environment_hook('f1tenth_gym_ros', 'ament_prefix_path')
[0.977s] INFO:colcon.colcon_core.plugin_system:Skipping extension 'colcon_core.shell.bat': Not used on non-Windows systems
[0.978s] INFO:colcon.colcon_core.shell:Creating environment hook '/home/hammaad/sim_ws/install/f1tenth_gym_ros/share/f1tenth_gym_ros/hook/ament_prefix_path.ps1'
[0.979s] INFO:colcon.colcon_core.shell:Creating environment descriptor '/home/hammaad/sim_ws/install/f1tenth_gym_ros/share/f1tenth_gym_ros/hook/ament_prefix_path.dsv'
[0.979s] INFO:colcon.colcon_core.shell:Creating environment hook '/home/hammaad/sim_ws/install/f1tenth_gym_ros/share/f1tenth_gym_ros/hook/ament_prefix_path.sh'
[0.983s] INFO:colcon.colcon_core.shell:Skip shell extension 'powershell' for command environment: Not usable outside of PowerShell
[0.983s] DEBUG:colcon.colcon_core.shell:Skip shell extension 'dsv' for command environment
[0.994s] INFO:colcon.colcon_ros.task.ament_python.build:Building ROS package in '/home/hammaad/sim_ws/src/new_controller' with build type 'ament_python'
[0.994s] Level 1:colcon.colcon_core.shell:create_environment_hook('new_controller', 'ament_prefix_path')
[0.998s] INFO:colcon.colcon_core.shell:Creating environment hook '/home/hammaad/sim_ws/install/new_controller/share/new_controller/hook/ament_prefix_path.ps1'
[1.000s] INFO:colcon.colcon_core.shell:Creating environment descriptor '/home/hammaad/sim_ws/install/new_controller/share/new_controller/hook/ament_prefix_path.dsv'
[1.000s] INFO:colcon.colcon_core.shell:Creating environment hook '/home/hammaad/sim_ws/install/new_controller/share/new_controller/hook/ament_prefix_path.sh'
[1.004s] INFO:colcon.colcon_core.shell:Skip shell extension 'powershell' for command environment: Not usable outside of PowerShell
[1.004s] DEBUG:colcon.colcon_core.shell:Skip shell extension 'dsv' for command environment
[1.016s] INFO:colcon.colcon_ros.task.ament_python.build:Building ROS package in '/home/hammaad/sim_ws/src/sac_agent_pkg' with build type 'ament_python'
[1.017s] Level 1:colcon.colcon_core.shell:create_environment_hook('sac_agent_pkg', 'ament_prefix_path')
[1.021s] INFO:colcon.colcon_core.shell:Creating environment hook '/home/hammaad/sim_ws/install/sac_agent_pkg/share/sac_agent_pkg/hook/ament_prefix_path.ps1'
[1.022s] INFO:colcon.colcon_core.shell:Creating environment descriptor '/home/hammaad/sim_ws/install/sac_agent_pkg/share/sac_agent_pkg/hook/ament_prefix_path.dsv'
[1.022s] INFO:colcon.colcon_core.shell:Creating environment hook '/home/hammaad/sim_ws/install/sac_agent_pkg/share/sac_agent_pkg/hook/ament_prefix_path.sh'
[1.026s] INFO:colcon.colcon_core.shell:Skip shell extension 'powershell' for command environment: Not usable outside of PowerShell
[1.026s] DEBUG:colcon.colcon_core.shell:Skip shell extension 'dsv' for command environment
[1.457s] INFO:colcon.colcon_core.task.python.build:Building Python package in '/home/hammaad/sim_ws/src/f1tenth_gym_ros'
[1.460s] INFO:colcon.colcon_core.shell:Skip shell extension 'powershell' for command environment: Not usable outside of PowerShell
[1.460s] DEBUG:colcon.colcon_core.shell:Skip shell extension 'dsv' for command environment
[1.868s] INFO:colcon.colcon_core.task.python.build:Building Python package in '/home/hammaad/sim_ws/src/new_controller'
[1.871s] INFO:colcon.colcon_core.shell:Skip shell extension 'powershell' for command environment: Not usable outside of PowerShell
[1.871s] DEBUG:colcon.colcon_core.shell:Skip shell extension 'dsv' for command environment
[2.281s] INFO:colcon.colcon_core.task.python.build:Building Python package in '/home/hammaad/sim_ws/src/sac_agent_pkg'
[2.284s] INFO:colcon.colcon_core.shell:Skip shell extension 'powershell' for command environment: Not usable outside of PowerShell
[2.285s] DEBUG:colcon.colcon_core.shell:Skip shell extension 'dsv' for command environment
[3.076s] DEBUG:colcon.colcon_core.event_handler.log_command:Invoking command in '/home/hammaad/sim_ws/build/f1tenth_gym_ros': PYTHONPATH=/home/hammaad/sim_ws/build/f1tenth_gym_ros/prefix_override:/home/hammaad/sim_ws/install/f1tenth_gym_ros/lib/python3.8/site-packages:${PYTHONPATH} /usr/bin/python3 setup.py develop --uninstall --editable --build-directory /home/hammaad/sim_ws/build/f1tenth_gym_ros/build
[3.112s] DEBUG:colcon.colcon_core.event_handler.log_command:Invoking command in '/home/hammaad/sim_ws/build/new_controller': PYTHONPATH=/home/hammaad/sim_ws/build/new_controller/prefix_override:/home/hammaad/sim_ws/install/new_controller/lib/python3.8/site-packages:${PYTHONPATH} /usr/bin/python3 setup.py develop --uninstall --editable --build-directory /home/hammaad/sim_ws/build/new_controller/build
[3.126s] DEBUG:colcon.colcon_core.event_handler.log_command:Invoking command in '/home/hammaad/sim_ws/build/sac_agent_pkg': PYTHONPATH=/home/hammaad/sim_ws/build/sac_agent_pkg/prefix_override:/home/hammaad/sim_ws/install/sac_agent_pkg/lib/python3.8/site-packages:${PYTHONPATH} /usr/bin/python3 setup.py develop --uninstall --editable --build-directory /home/hammaad/sim_ws/build/sac_agent_pkg/build
[3.865s] DEBUG:colcon.colcon_core.event_handler.log_command:Invoked command in '/home/hammaad/sim_ws/build/sac_agent_pkg' returned '0': PYTHONPATH=/home/hammaad/sim_ws/build/sac_agent_pkg/prefix_override:/home/hammaad/sim_ws/install/sac_agent_pkg/lib/python3.8/site-packages:${PYTHONPATH} /usr/bin/python3 setup.py develop --uninstall --editable --build-directory /home/hammaad/sim_ws/build/sac_agent_pkg/build
[3.866s] DEBUG:colcon.colcon_core.event_handler.log_command:Invoking command in '/home/hammaad/sim_ws/src/sac_agent_pkg': PYTHONPATH=/home/hammaad/sim_ws/build/sac_agent_pkg/prefix_override:/home/hammaad/sim_ws/install/sac_agent_pkg/lib/python3.8/site-packages:${PYTHONPATH} /usr/bin/python3 setup.py egg_info --egg-base ../../build/sac_agent_pkg build --build-base /home/hammaad/sim_ws/build/sac_agent_pkg/build install --record /home/hammaad/sim_ws/build/sac_agent_pkg/install.log --install-scripts $base/lib/sac_agent_pkg --single-version-externally-managed
[3.894s] DEBUG:colcon.colcon_core.event_handler.log_command:Invoked command in '/home/hammaad/sim_ws/build/new_controller' returned '0': PYTHONPATH=/home/hammaad/sim_ws/build/new_controller/prefix_override:/home/hammaad/sim_ws/install/new_controller/lib/python3.8/site-packages:${PYTHONPATH} /usr/bin/python3 setup.py develop --uninstall --editable --build-directory /home/hammaad/sim_ws/build/new_controller/build
[3.895s] DEBUG:colcon.colcon_core.event_handler.log_command:Invoking command in '/home/hammaad/sim_ws/src/new_controller': PYTHONPATH=/home/hammaad/sim_ws/build/new_controller/prefix_override:/home/hammaad/sim_ws/install/new_controller/lib/python3.8/site-packages:${PYTHONPATH} /usr/bin/python3 setup.py egg_info --egg-base ../../build/new_controller build --build-base /home/hammaad/sim_ws/build/new_controller/build install --record /home/hammaad/sim_ws/build/new_controller/install.log --install-scripts $base/lib/new_controller --single-version-externally-managed
[4.029s] DEBUG:colcon.colcon_core.event_handler.log_command:Invoked command in '/home/hammaad/sim_ws/build/f1tenth_gym_ros' returned '0': PYTHONPATH=/home/hammaad/sim_ws/build/f1tenth_gym_ros/prefix_override:/home/hammaad/sim_ws/install/f1tenth_gym_ros/lib/python3.8/site-packages:${PYTHONPATH} /usr/bin/python3 setup.py develop --uninstall --editable --build-directory /home/hammaad/sim_ws/build/f1tenth_gym_ros/build
[4.031s] DEBUG:colcon.colcon_core.event_handler.log_command:Invoking command in '/home/hammaad/sim_ws/src/f1tenth_gym_ros': PYTHONPATH=/home/hammaad/sim_ws/build/f1tenth_gym_ros/prefix_override:/home/hammaad/sim_ws/install/f1tenth_gym_ros/lib/python3.8/site-packages:${PYTHONPATH} /usr/bin/python3 setup.py egg_info --egg-base ../../build/f1tenth_gym_ros build --build-base /home/hammaad/sim_ws/build/f1tenth_gym_ros/build install --record /home/hammaad/sim_ws/build/f1tenth_gym_ros/install.log --install-scripts $base/lib/f1tenth_gym_ros --single-version-externally-managed
[4.486s] DEBUG:colcon.colcon_core.event_handler.log_command:Invoked command in '/home/hammaad/sim_ws/src/new_controller' returned '0': PYTHONPATH=/home/hammaad/sim_ws/build/new_controller/prefix_override:/home/hammaad/sim_ws/install/new_controller/lib/python3.8/site-packages:${PYTHONPATH} /usr/bin/python3 setup.py egg_info --egg-base ../../build/new_controller build --build-base /home/hammaad/sim_ws/build/new_controller/build install --record /home/hammaad/sim_ws/build/new_controller/install.log --install-scripts $base/lib/new_controller --single-version-externally-managed
[4.487s] Level 1:colcon.colcon_core.environment:checking '/home/hammaad/sim_ws/install/new_controller' for CMake module files
[4.488s] Level 1:colcon.colcon_core.environment:checking '/home/hammaad/sim_ws/install/new_controller' for CMake config files
[4.489s] Level 1:colcon.colcon_core.environment:checking '/home/hammaad/sim_ws/install/new_controller/lib'
[4.490s] Level 1:colcon.colcon_core.environment:checking '/home/hammaad/sim_ws/install/new_controller/bin'
[4.490s] Level 1:colcon.colcon_core.environment:checking '/home/hammaad/sim_ws/install/new_controller/lib/pkgconfig/new_controller.pc'
[4.490s] Level 1:colcon.colcon_core.environment:checking '/home/hammaad/sim_ws/install/new_controller/lib/python3.8/site-packages'
[4.490s] Level 1:colcon.colcon_core.shell:create_environment_hook('new_controller', 'pythonpath')
[4.493s] INFO:colcon.colcon_core.shell:Creating environment hook '/home/hammaad/sim_ws/install/new_controller/share/new_controller/hook/pythonpath.ps1'
[4.496s] INFO:colcon.colcon_core.shell:Creating environment descriptor '/home/hammaad/sim_ws/install/new_controller/share/new_controller/hook/pythonpath.dsv'
[4.500s] INFO:colcon.colcon_core.shell:Creating environment hook '/home/hammaad/sim_ws/install/new_controller/share/new_controller/hook/pythonpath.sh'
[4.501s] Level 1:colcon.colcon_core.environment:checking '/home/hammaad/sim_ws/install/new_controller/bin'
[4.503s] Level 1:colcon.colcon_core.environment:create_environment_scripts_only(new_controller)
[4.506s] INFO:colcon.colcon_core.shell:Creating package script '/home/hammaad/sim_ws/install/new_controller/share/new_controller/package.ps1'
[4.508s] INFO:colcon.colcon_core.shell:Creating package descriptor '/home/hammaad/sim_ws/install/new_controller/share/new_controller/package.dsv'
[4.509s] INFO:colcon.colcon_core.shell:Creating package script '/home/hammaad/sim_ws/install/new_controller/share/new_controller/package.sh'
[4.511s] INFO:colcon.colcon_core.shell:Creating package script '/home/hammaad/sim_ws/install/new_controller/share/new_controller/package.bash'
[4.512s] INFO:colcon.colcon_core.shell:Creating package script '/home/hammaad/sim_ws/install/new_controller/share/new_controller/package.zsh'
[4.513s] Level 1:colcon.colcon_core.environment:create_file_with_runtime_dependencies(/home/hammaad/sim_ws/install/new_controller/share/colcon-core/packages/new_controller)
[4.585s] Level 1:colcon.colcon_core.environment:checking '/home/hammaad/sim_ws/install/sac_agent_pkg' for CMake module files
[4.586s] DEBUG:colcon.colcon_core.event_handler.log_command:Invoked command in '/home/hammaad/sim_ws/src/sac_agent_pkg' returned '0': PYTHONPATH=/home/hammaad/sim_ws/build/sac_agent_pkg/prefix_override:/home/hammaad/sim_ws/install/sac_agent_pkg/lib/python3.8/site-packages:${PYTHONPATH} /usr/bin/python3 setup.py egg_info --egg-base ../../build/sac_agent_pkg build --build-base /home/hammaad/sim_ws/build/sac_agent_pkg/build install --record /home/hammaad/sim_ws/build/sac_agent_pkg/install.log --install-scripts $base/lib/sac_agent_pkg --single-version-externally-managed
[4.588s] Level 1:colcon.colcon_core.environment:checking '/home/hammaad/sim_ws/install/sac_agent_pkg' for CMake config files
[4.590s] Level 1:colcon.colcon_core.environment:checking '/home/hammaad/sim_ws/install/sac_agent_pkg/lib'
[4.590s] Level 1:colcon.colcon_core.environment:checking '/home/hammaad/sim_ws/install/sac_agent_pkg/bin'
[4.590s] Level 1:colcon.colcon_core.environment:checking '/home/hammaad/sim_ws/install/sac_agent_pkg/lib/pkgconfig/sac_agent_pkg.pc'
[4.590s] Level 1:colcon.colcon_core.environment:checking '/home/hammaad/sim_ws/install/sac_agent_pkg/lib/python3.8/site-packages'
[4.590s] Level 1:colcon.colcon_core.shell:create_environment_hook('sac_agent_pkg', 'pythonpath')
[4.593s] INFO:colcon.colcon_core.shell:Creating environment hook '/home/hammaad/sim_ws/install/sac_agent_pkg/share/sac_agent_pkg/hook/pythonpath.ps1'
[4.595s] INFO:colcon.colcon_core.shell:Creating environment descriptor '/home/hammaad/sim_ws/install/sac_agent_pkg/share/sac_agent_pkg/hook/pythonpath.dsv'
[4.595s] INFO:colcon.colcon_core.shell:Creating environment hook '/home/hammaad/sim_ws/install/sac_agent_pkg/share/sac_agent_pkg/hook/pythonpath.sh'
[4.596s] Level 1:colcon.colcon_core.environment:checking '/home/hammaad/sim_ws/install/sac_agent_pkg/bin'
[4.596s] Level 1:colcon.colcon_core.environment:create_environment_scripts_only(sac_agent_pkg)
[4.600s] INFO:colcon.colcon_core.shell:Creating package script '/home/hammaad/sim_ws/install/sac_agent_pkg/share/sac_agent_pkg/package.ps1'
[4.600s] INFO:colcon.colcon_core.shell:Creating package descriptor '/home/hammaad/sim_ws/install/sac_agent_pkg/share/sac_agent_pkg/package.dsv'
[4.601s] INFO:colcon.colcon_core.shell:Creating package script '/home/hammaad/sim_ws/install/sac_agent_pkg/share/sac_agent_pkg/package.sh'
[4.602s] INFO:colcon.colcon_core.shell:Creating package script '/home/hammaad/sim_ws/install/sac_agent_pkg/share/sac_agent_pkg/package.bash'
[4.603s] INFO:colcon.colcon_core.shell:Creating package script '/home/hammaad/sim_ws/install/sac_agent_pkg/share/sac_agent_pkg/package.zsh'
[4.603s] Level 1:colcon.colcon_core.environment:create_file_with_runtime_dependencies(/home/hammaad/sim_ws/install/sac_agent_pkg/share/colcon-core/packages/sac_agent_pkg)
[4.674s] Level 1:colcon.colcon_core.environment:checking '/home/hammaad/sim_ws/install/f1tenth_gym_ros' for CMake module files
[4.674s] DEBUG:colcon.colcon_core.event_handler.log_command:Invoked command in '/home/hammaad/sim_ws/src/f1tenth_gym_ros' returned '0': PYTHONPATH=/home/hammaad/sim_ws/build/f1tenth_gym_ros/prefix_override:/home/hammaad/sim_ws/install/f1tenth_gym_ros/lib/python3.8/site-packages:${PYTHONPATH} /usr/bin/python3 setup.py egg_info --egg-base ../../build/f1tenth_gym_ros build --build-base /home/hammaad/sim_ws/build/f1tenth_gym_ros/build install --record /home/hammaad/sim_ws/build/f1tenth_gym_ros/install.log --install-scripts $base/lib/f1tenth_gym_ros --single-version-externally-managed
[4.675s] Level 1:colcon.colcon_core.environment:checking '/home/hammaad/sim_ws/install/f1tenth_gym_ros' for CMake config files
[4.676s] Level 1:colcon.colcon_core.environment:checking '/home/hammaad/sim_ws/install/f1tenth_gym_ros/lib'
[4.676s] Level 1:colcon.colcon_core.environment:checking '/home/hammaad/sim_ws/install/f1tenth_gym_ros/bin'
[4.676s] Level 1:colcon.colcon_core.environment:checking '/home/hammaad/sim_ws/install/f1tenth_gym_ros/lib/pkgconfig/f1tenth_gym_ros.pc'
[4.677s] Level 1:colcon.colcon_core.environment:checking '/home/hammaad/sim_ws/install/f1tenth_gym_ros/lib/python3.8/site-packages'
[4.677s] Level 1:colcon.colcon_core.shell:create_environment_hook('f1tenth_gym_ros', 'pythonpath')
[4.680s] INFO:colcon.colcon_core.shell:Creating environment hook '/home/hammaad/sim_ws/install/f1tenth_gym_ros/share/f1tenth_gym_ros/hook/pythonpath.ps1'
[4.680s] INFO:colcon.colcon_core.shell:Creating environment descriptor '/home/hammaad/sim_ws/install/f1tenth_gym_ros/share/f1tenth_gym_ros/hook/pythonpath.dsv'
[4.681s] INFO:colcon.colcon_core.shell:Creating environment hook '/home/hammaad/sim_ws/install/f1tenth_gym_ros/share/f1tenth_gym_ros/hook/pythonpath.sh'
[4.682s] Level 1:colcon.colcon_core.environment:checking '/home/hammaad/sim_ws/install/f1tenth_gym_ros/bin'
[4.682s] Level 1:colcon.colcon_core.environment:create_environment_scripts_only(f1tenth_gym_ros)
[4.685s] INFO:colcon.colcon_core.shell:Creating package script '/home/hammaad/sim_ws/install/f1tenth_gym_ros/share/f1tenth_gym_ros/package.ps1'
[4.686s] INFO:colcon.colcon_core.shell:Creating package descriptor '/home/hammaad/sim_ws/install/f1tenth_gym_ros/share/f1tenth_gym_ros/package.dsv'
[4.687s] INFO:colcon.colcon_core.shell:Creating package script '/home/hammaad/sim_ws/install/f1tenth_gym_ros/share/f1tenth_gym_ros/package.sh'
[4.688s] INFO:colcon.colcon_core.shell:Creating package script '/home/hammaad/sim_ws/install/f1tenth_gym_ros/share/f1tenth_gym_ros/package.bash'
[4.689s] INFO:colcon.colcon_core.shell:Creating package script '/home/hammaad/sim_ws/install/f1tenth_gym_ros/share/f1tenth_gym_ros/package.zsh'
[4.689s] Level 1:colcon.colcon_core.environment:create_file_with_runtime_dependencies(/home/hammaad/sim_ws/install/f1tenth_gym_ros/share/colcon-core/packages/f1tenth_gym_ros)
[4.694s] DEBUG:colcon.colcon_parallel_executor.executor.parallel:closing loop
[4.695s] DEBUG:colcon.colcon_parallel_executor.executor.parallel:loop closed
[4.695s] DEBUG:colcon.colcon_parallel_executor.executor.parallel:run_until_complete finished with '0'
[4.695s] DEBUG:colcon.colcon_core.event_reactor:joining thread
[4.705s] INFO:colcon.colcon_core.plugin_system:Skipping extension 'colcon_notification.desktop_notification.terminal_notifier': Not used on non-Darwin systems
[4.705s] INFO:colcon.colcon_core.plugin_system:Skipping extension 'colcon_notification.desktop_notification.win32': Not used on non-Windows systems
[4.705s] INFO:colcon.colcon_notification.desktop_notification:Sending desktop notification using 'notify2'
[4.747s] DEBUG:colcon.colcon_core.event_reactor:joined thread
[4.750s] INFO:colcon.colcon_core.shell:Creating prefix script '/home/hammaad/sim_ws/install/local_setup.ps1'
[4.759s] INFO:colcon.colcon_core.shell:Creating prefix util module '/home/hammaad/sim_ws/install/_local_setup_util_ps1.py'
[4.762s] INFO:colcon.colcon_core.shell:Creating prefix chain script '/home/hammaad/sim_ws/install/setup.ps1'
[4.764s] INFO:colcon.colcon_core.shell:Creating prefix script '/home/hammaad/sim_ws/install/local_setup.sh'
[4.765s] INFO:colcon.colcon_core.shell:Creating prefix util module '/home/hammaad/sim_ws/install/_local_setup_util_sh.py'
[4.766s] INFO:colcon.colcon_core.shell:Creating prefix chain script '/home/hammaad/sim_ws/install/setup.sh'
[4.768s] INFO:colcon.colcon_core.shell:Creating prefix script '/home/hammaad/sim_ws/install/local_setup.bash'
[4.769s] INFO:colcon.colcon_core.shell:Creating prefix chain script '/home/hammaad/sim_ws/install/setup.bash'
[4.771s] INFO:colcon.colcon_core.shell:Creating prefix script '/home/hammaad/sim_ws/install/local_setup.zsh'
[4.772s] INFO:colcon.colcon_core.shell:Creating prefix chain script '/home/hammaad/sim_ws/install/setup.zsh'
