[5.414s] Invoking command in '/home/hammaad/sim_ws/build/new_controller': PYTHONPATH=/home/hammaad/sim_ws/build/new_controller/prefix_override:/home/hammaad/sim_ws/install/new_controller/lib/python3.8/site-packages:${PYTHONPATH} /usr/bin/python3 setup.py develop --uninstall --editable --build-directory /home/hammaad/sim_ws/build/new_controller/build
[5.812s] running develop
[6.226s] Invoked command in '/home/hammaad/sim_ws/build/new_controller' returned '0': PYTHONPATH=/home/hammaad/sim_ws/build/new_controller/prefix_override:/home/hammaad/sim_ws/install/new_controller/lib/python3.8/site-packages:${PYTHONPATH} /usr/bin/python3 setup.py develop --uninstall --editable --build-directory /home/hammaad/sim_ws/build/new_controller/build
[6.229s] Invoking command in '/home/hammaad/sim_ws/src/new_controller': PYTHONPATH=/home/hammaad/sim_ws/build/new_controller/prefix_override:/home/hammaad/sim_ws/install/new_controller/lib/python3.8/site-packages:${PYTHONPATH} /usr/bin/python3 setup.py egg_info --egg-base ../../build/new_controller build --build-base /home/hammaad/sim_ws/build/new_controller/build install --record /home/hammaad/sim_ws/build/new_controller/install.log --install-scripts $base/lib/new_controller --single-version-externally-managed
[6.615s] running egg_info
[6.615s] writing ../../build/new_controller/new_controller.egg-info/PKG-INFO
[6.654s] writing dependency_links to ../../build/new_controller/new_controller.egg-info/dependency_links.txt
[6.654s] writing entry points to ../../build/new_controller/new_controller.egg-info/entry_points.txt
[6.654s] writing requirements to ../../build/new_controller/new_controller.egg-info/requires.txt
[6.654s] writing top-level names to ../../build/new_controller/new_controller.egg-info/top_level.txt
[6.837s] reading manifest file '../../build/new_controller/new_controller.egg-info/SOURCES.txt'
[6.864s] writing manifest file '../../build/new_controller/new_controller.egg-info/SOURCES.txt'
[6.917s] running build
[6.918s] running build_py
[6.942s] running install
[6.944s] running install_lib
[6.995s] running install_data
[7.006s] running install_egg_info
[7.008s] removing '/home/hammaad/sim_ws/install/new_controller/lib/python3.8/site-packages/new_controller-0.0.0-py3.8.egg-info' (and everything under it)
[7.008s] Copying ../../build/new_controller/new_controller.egg-info to /home/hammaad/sim_ws/install/new_controller/lib/python3.8/site-packages/new_controller-0.0.0-py3.8.egg-info
[7.057s] running install_scripts
[7.085s] writing list of installed files to '/home/hammaad/sim_ws/build/new_controller/install.log'
[7.155s] Invoked command in '/home/hammaad/sim_ws/src/new_controller' returned '0': PYTHONPATH=/home/hammaad/sim_ws/build/new_controller/prefix_override:/home/hammaad/sim_ws/install/new_controller/lib/python3.8/site-packages:${PYTHONPATH} /usr/bin/python3 setup.py egg_info --egg-base ../../build/new_controller build --build-base /home/hammaad/sim_ws/build/new_controller/build install --record /home/hammaad/sim_ws/build/new_controller/install.log --install-scripts $base/lib/new_controller --single-version-externally-managed
