[2.104s] Invoking command in '/home/hammaad/sim_ws/build/new_controller': PYTHONPATH=/home/hammaad/sim_ws/build/new_controller/prefix_override:/home/hammaad/sim_ws/install/new_controller/lib/python3.8/site-packages: /usr/bin/python3 setup.py develop --uninstall --editable --build-directory /home/hammaad/sim_ws/build/new_controller/build
[2.431s] running develop
[2.696s] Invoked command in '/home/hammaad/sim_ws/build/new_controller' returned '0': PYTHONPATH=/home/hammaad/sim_ws/build/new_controller/prefix_override:/home/hammaad/sim_ws/install/new_controller/lib/python3.8/site-packages: /usr/bin/python3 setup.py develop --uninstall --editable --build-directory /home/hammaad/sim_ws/build/new_controller/build
[2.700s] Invoking command in '/home/hammaad/sim_ws/src/new_controller': PYTHONPATH=/home/hammaad/sim_ws/build/new_controller/prefix_override:/home/hammaad/sim_ws/install/new_controller/lib/python3.8/site-packages: /usr/bin/python3 setup.py egg_info --egg-base ../../build/new_controller build --build-base /home/hammaad/sim_ws/build/new_controller/build install --record /home/hammaad/sim_ws/build/new_controller/install.log --install-scripts $base/lib/new_controller --single-version-externally-managed
[2.992s] running egg_info
[2.992s] writing ../../build/new_controller/new_controller.egg-info/PKG-INFO
[2.992s] writing dependency_links to ../../build/new_controller/new_controller.egg-info/dependency_links.txt
[2.992s] writing entry points to ../../build/new_controller/new_controller.egg-info/entry_points.txt
[2.992s] writing requirements to ../../build/new_controller/new_controller.egg-info/requires.txt
[2.993s] writing top-level names to ../../build/new_controller/new_controller.egg-info/top_level.txt
[3.074s] reading manifest file '../../build/new_controller/new_controller.egg-info/SOURCES.txt'
[3.076s] writing manifest file '../../build/new_controller/new_controller.egg-info/SOURCES.txt'
[3.080s] running build
[3.080s] running build_py
[3.080s] running install
[3.081s] running install_lib
[3.081s] running install_data
[3.082s] running install_egg_info
[3.083s] removing '/home/hammaad/sim_ws/install/new_controller/lib/python3.8/site-packages/new_controller-0.0.0-py3.8.egg-info' (and everything under it)
[3.083s] Copying ../../build/new_controller/new_controller.egg-info to /home/hammaad/sim_ws/install/new_controller/lib/python3.8/site-packages/new_controller-0.0.0-py3.8.egg-info
[3.084s] running install_scripts
[3.112s] writing list of installed files to '/home/hammaad/sim_ws/build/new_controller/install.log'
[3.148s] Invoked command in '/home/hammaad/sim_ws/src/new_controller' returned '0': PYTHONPATH=/home/hammaad/sim_ws/build/new_controller/prefix_override:/home/hammaad/sim_ws/install/new_controller/lib/python3.8/site-packages: /usr/bin/python3 setup.py egg_info --egg-base ../../build/new_controller build --build-base /home/hammaad/sim_ws/build/new_controller/build install --record /home/hammaad/sim_ws/build/new_controller/install.log --install-scripts $base/lib/new_controller --single-version-externally-managed
