[0.565s] Invoking command in '/home/hammaad/sim_ws/src/f1tenth_gym_ros': PYTHONPATH=/home/hammaad/sim_ws/build/f1tenth_gym_ros/prefix_override:/home/hammaad/sim_ws/install/f1tenth_gym_ros/lib/python3.8/site-packages:${PYTHONPATH} /usr/bin/python3 setup.py egg_info --egg-base ../../build/f1tenth_gym_ros build --build-base /home/hammaad/sim_ws/build/f1tenth_gym_ros/build install --record /home/hammaad/sim_ws/build/f1tenth_gym_ros/install.log --install-scripts $base/lib/f1tenth_gym_ros --single-version-externally-managed
[0.734s] running egg_info
[0.734s] creating ../../build/f1tenth_gym_ros/f1tenth_gym_ros.egg-info
[0.735s] writing ../../build/f1tenth_gym_ros/f1tenth_gym_ros.egg-info/PKG-INFO
[0.735s] writing dependency_links to ../../build/f1tenth_gym_ros/f1tenth_gym_ros.egg-info/dependency_links.txt
[0.735s] writing entry points to ../../build/f1tenth_gym_ros/f1tenth_gym_ros.egg-info/entry_points.txt
[0.735s] writing requirements to ../../build/f1tenth_gym_ros/f1tenth_gym_ros.egg-info/requires.txt
[0.735s] writing top-level names to ../../build/f1tenth_gym_ros/f1tenth_gym_ros.egg-info/top_level.txt
[0.743s] writing manifest file '../../build/f1tenth_gym_ros/f1tenth_gym_ros.egg-info/SOURCES.txt'
[0.779s] reading manifest file '../../build/f1tenth_gym_ros/f1tenth_gym_ros.egg-info/SOURCES.txt'
[0.780s] writing manifest file '../../build/f1tenth_gym_ros/f1tenth_gym_ros.egg-info/SOURCES.txt'
[0.780s] running build
[0.780s] running build_py
[0.780s] creating /home/hammaad/sim_ws/build/f1tenth_gym_ros/build
[0.780s] creating /home/hammaad/sim_ws/build/f1tenth_gym_ros/build/lib
[0.780s] creating /home/hammaad/sim_ws/build/f1tenth_gym_ros/build/lib/f1tenth_gym_ros
[0.780s] copying f1tenth_gym_ros/__init__.py -> /home/hammaad/sim_ws/build/f1tenth_gym_ros/build/lib/f1tenth_gym_ros
[0.780s] copying f1tenth_gym_ros/gym_bridge.py -> /home/hammaad/sim_ws/build/f1tenth_gym_ros/build/lib/f1tenth_gym_ros
[0.780s] running install
[0.781s] running install_lib
[0.782s] creating /home/hammaad/sim_ws/install/f1tenth_gym_ros/lib/python3.8/site-packages/f1tenth_gym_ros
[0.782s] copying /home/hammaad/sim_ws/build/f1tenth_gym_ros/build/lib/f1tenth_gym_ros/__init__.py -> /home/hammaad/sim_ws/install/f1tenth_gym_ros/lib/python3.8/site-packages/f1tenth_gym_ros
[0.782s] copying /home/hammaad/sim_ws/build/f1tenth_gym_ros/build/lib/f1tenth_gym_ros/gym_bridge.py -> /home/hammaad/sim_ws/install/f1tenth_gym_ros/lib/python3.8/site-packages/f1tenth_gym_ros
[0.782s] byte-compiling /home/hammaad/sim_ws/install/f1tenth_gym_ros/lib/python3.8/site-packages/f1tenth_gym_ros/__init__.py to __init__.cpython-38.pyc
[0.783s] byte-compiling /home/hammaad/sim_ws/install/f1tenth_gym_ros/lib/python3.8/site-packages/f1tenth_gym_ros/gym_bridge.py to gym_bridge.cpython-38.pyc
[0.785s] running install_data
[0.786s] creating /home/hammaad/sim_ws/install/f1tenth_gym_ros/share/ament_index
[0.786s] creating /home/hammaad/sim_ws/install/f1tenth_gym_ros/share/ament_index/resource_index
[0.786s] creating /home/hammaad/sim_ws/install/f1tenth_gym_ros/share/ament_index/resource_index/packages
[0.786s] copying resource/f1tenth_gym_ros -> /home/hammaad/sim_ws/install/f1tenth_gym_ros/share/ament_index/resource_index/packages
[0.786s] copying package.xml -> /home/hammaad/sim_ws/install/f1tenth_gym_ros/share/f1tenth_gym_ros
[0.786s] creating /home/hammaad/sim_ws/install/f1tenth_gym_ros/share/f1tenth_gym_ros/launch
[0.786s] copying launch/gym_bridge_launch.py -> /home/hammaad/sim_ws/install/f1tenth_gym_ros/share/f1tenth_gym_ros/launch
[0.786s] copying launch/ego_racecar.xacro -> /home/hammaad/sim_ws/install/f1tenth_gym_ros/share/f1tenth_gym_ros/launch
[0.786s] copying launch/opp_racecar.xacro -> /home/hammaad/sim_ws/install/f1tenth_gym_ros/share/f1tenth_gym_ros/launch
[0.786s] copying launch/gym_bridge.rviz -> /home/hammaad/sim_ws/install/f1tenth_gym_ros/share/f1tenth_gym_ros/launch
[0.786s] creating /home/hammaad/sim_ws/install/f1tenth_gym_ros/share/f1tenth_gym_ros/config
[0.786s] copying config/sim.yaml -> /home/hammaad/sim_ws/install/f1tenth_gym_ros/share/f1tenth_gym_ros/config
[0.787s] running install_egg_info
[0.787s] Copying ../../build/f1tenth_gym_ros/f1tenth_gym_ros.egg-info to /home/hammaad/sim_ws/install/f1tenth_gym_ros/lib/python3.8/site-packages/f1tenth_gym_ros-0.0.0-py3.8.egg-info
[0.788s] running install_scripts
[0.801s] Installing gym_bridge script to /home/hammaad/sim_ws/install/f1tenth_gym_ros/lib/f1tenth_gym_ros
[0.801s] writing list of installed files to '/home/hammaad/sim_ws/build/f1tenth_gym_ros/install.log'
[0.816s] Invoked command in '/home/hammaad/sim_ws/src/f1tenth_gym_ros' returned '0': PYTHONPATH=/home/hammaad/sim_ws/build/f1tenth_gym_ros/prefix_override:/home/hammaad/sim_ws/install/f1tenth_gym_ros/lib/python3.8/site-packages:${PYTHONPATH} /usr/bin/python3 setup.py egg_info --egg-base ../../build/f1tenth_gym_ros build --build-base /home/hammaad/sim_ws/build/f1tenth_gym_ros/build install --record /home/hammaad/sim_ws/build/f1tenth_gym_ros/install.log --install-scripts $base/lib/f1tenth_gym_ros --single-version-externally-managed
