[3.179s] Invoking command in '/home/hammaad/sim_ws/build/new_controller': PYTHONPATH=/home/hammaad/sim_ws/build/new_controller/prefix_override:/home/hammaad/sim_ws/install/new_controller/lib/python3.8/site-packages:${PYTHONPATH} /usr/bin/python3 setup.py develop --uninstall --editable --build-directory /home/hammaad/sim_ws/build/new_controller/build
[3.633s] running develop
[4.129s] Invoked command in '/home/hammaad/sim_ws/build/new_controller' returned '0': PYTHONPATH=/home/hammaad/sim_ws/build/new_controller/prefix_override:/home/hammaad/sim_ws/install/new_controller/lib/python3.8/site-packages:${PYTHONPATH} /usr/bin/python3 setup.py develop --uninstall --editable --build-directory /home/hammaad/sim_ws/build/new_controller/build
[4.130s] Invoking command in '/home/hammaad/sim_ws/src/new_controller': PYTHONPATH=/home/hammaad/sim_ws/build/new_controller/prefix_override:/home/hammaad/sim_ws/install/new_controller/lib/python3.8/site-packages:${PYTHONPATH} /usr/bin/python3 setup.py egg_info --egg-base ../../build/new_controller build --build-base /home/hammaad/sim_ws/build/new_controller/build install --record /home/hammaad/sim_ws/build/new_controller/install.log --install-scripts $base/lib/new_controller --single-version-externally-managed
[4.609s] running egg_info
[4.611s] writing ../../build/new_controller/new_controller.egg-info/PKG-INFO
[4.615s] writing dependency_links to ../../build/new_controller/new_controller.egg-info/dependency_links.txt
[4.615s] writing entry points to ../../build/new_controller/new_controller.egg-info/entry_points.txt
[4.616s] writing requirements to ../../build/new_controller/new_controller.egg-info/requires.txt
[4.616s] writing top-level names to ../../build/new_controller/new_controller.egg-info/top_level.txt
[4.738s] reading manifest file '../../build/new_controller/new_controller.egg-info/SOURCES.txt'
[4.745s] writing manifest file '../../build/new_controller/new_controller.egg-info/SOURCES.txt'
[4.745s] running build
[4.745s] running build_py
[4.746s] running install
[4.748s] running install_lib
[4.753s] running install_data
[4.756s] running install_egg_info
[4.759s] removing '/home/hammaad/sim_ws/install/new_controller/lib/python3.8/site-packages/new_controller-0.0.0-py3.8.egg-info' (and everything under it)
[4.759s] Copying ../../build/new_controller/new_controller.egg-info to /home/hammaad/sim_ws/install/new_controller/lib/python3.8/site-packages/new_controller-0.0.0-py3.8.egg-info
[4.764s] running install_scripts
[4.795s] writing list of installed files to '/home/hammaad/sim_ws/build/new_controller/install.log'
[5.021s] Invoked command in '/home/hammaad/sim_ws/src/new_controller' returned '0': PYTHONPATH=/home/hammaad/sim_ws/build/new_controller/prefix_override:/home/hammaad/sim_ws/install/new_controller/lib/python3.8/site-packages:${PYTHONPATH} /usr/bin/python3 setup.py egg_info --egg-base ../../build/new_controller build --build-base /home/hammaad/sim_ws/build/new_controller/build install --record /home/hammaad/sim_ws/build/new_controller/install.log --install-scripts $base/lib/new_controller --single-version-externally-managed
