[0.681s] DEBUG:colcon:Command line arguments: ['/usr/bin/colcon', 'build']
[0.681s] DEBUG:colcon:Parsed command line arguments: Namespace(allow_overriding=[], ament_cmake_args=None, base_paths=['.'], build_base='build', catkin_cmake_args=None, catkin_skip_building_tests=False, cmake_args=None, cmake_clean_cache=False, cmake_clean_first=False, cmake_force_configure=False, cmake_target=None, cmake_target_skip_unavailable=False, continue_on_error=False, event_handlers=None, executor='parallel', ignore_user_meta=False, install_base='install', log_base=None, log_level=None, main=<bound method BuildVerb.main of <colcon_core.verb.build.BuildVerb object at 0x7f88e7a2bac0>>, merge_install=False, metas=['./colcon.meta'], packages_above=None, packages_above_and_dependencies=None, packages_above_depth=None, packages_end=None, packages_ignore=None, packages_ignore_regex=None, packages_select=None, packages_select_build_failed=False, packages_select_by_dep=None, packages_select_regex=None, packages_select_test_failures=False, packages_skip=None, packages_skip_build_finished=False, packages_skip_by_dep=None, packages_skip_regex=None, packages_skip_test_passed=False, packages_skip_up_to=None, packages_start=None, packages_up_to=None, packages_up_to_regex=None, parallel_workers=4, paths=None, symlink_install=False, test_result_base=None, verb_extension=<colcon_core.verb.build.BuildVerb object at 0x7f88e7a2bac0>, verb_name='build', verb_parser=<colcon_defaults.argument_parser.defaults.DefaultArgumentsDecorator object at 0x7f88e7a37070>)
[0.726s] Level 1:colcon.colcon_core.package_discovery:discover_packages(colcon_meta) check parameters
[0.727s] Level 1:colcon.colcon_core.package_discovery:discover_packages(recursive) check parameters
[0.727s] Level 1:colcon.colcon_core.package_discovery:discover_packages(ignore) check parameters
[0.727s] Level 1:colcon.colcon_core.package_discovery:discover_packages(path) check parameters
[0.727s] Level 1:colcon.colcon_core.package_discovery:discover_packages(colcon_meta) discover
[0.727s] Level 1:colcon.colcon_core.package_discovery:discover_packages(recursive) discover
[0.727s] INFO:colcon.colcon_core.package_discovery:Crawling recursively for packages in '/home/hammaad/sim_ws'
[0.727s] Level 1:colcon.colcon_core.package_identification:_identify(.) by extensions ['ignore', 'ignore_ament_install']
[0.727s] Level 1:colcon.colcon_core.package_identification:_identify(.) by extension 'ignore'
[0.728s] Level 1:colcon.colcon_core.package_identification:_identify(.) by extension 'ignore_ament_install'
[0.728s] Level 1:colcon.colcon_core.package_identification:_identify(.) by extensions ['colcon_pkg']
[0.728s] Level 1:colcon.colcon_core.package_identification:_identify(.) by extension 'colcon_pkg'
[0.728s] Level 1:colcon.colcon_core.package_identification:_identify(.) by extensions ['colcon_meta']
[0.728s] Level 1:colcon.colcon_core.package_identification:_identify(.) by extension 'colcon_meta'
[0.728s] Level 1:colcon.colcon_core.package_identification:_identify(.) by extensions ['ros']
[0.728s] Level 1:colcon.colcon_core.package_identification:_identify(.) by extension 'ros'
[0.761s] Level 1:colcon.colcon_core.package_identification:_identify(.) by extensions ['cmake', 'python']
[0.761s] Level 1:colcon.colcon_core.package_identification:_identify(.) by extension 'cmake'
[0.761s] Level 1:colcon.colcon_core.package_identification:_identify(.) by extension 'python'
[0.761s] Level 1:colcon.colcon_core.package_identification:_identify(.) by extensions ['python_setup_py']
[0.761s] Level 1:colcon.colcon_core.package_identification:_identify(.) by extension 'python_setup_py'
[0.761s] Level 1:colcon.colcon_core.package_identification:_identify(PLOTS) by extensions ['ignore', 'ignore_ament_install']
[0.761s] Level 1:colcon.colcon_core.package_identification:_identify(PLOTS) by extension 'ignore'
[0.762s] Level 1:colcon.colcon_core.package_identification:_identify(PLOTS) by extension 'ignore_ament_install'
[0.762s] Level 1:colcon.colcon_core.package_identification:_identify(PLOTS) by extensions ['colcon_pkg']
[0.762s] Level 1:colcon.colcon_core.package_identification:_identify(PLOTS) by extension 'colcon_pkg'
[0.762s] Level 1:colcon.colcon_core.package_identification:_identify(PLOTS) by extensions ['colcon_meta']
[0.762s] Level 1:colcon.colcon_core.package_identification:_identify(PLOTS) by extension 'colcon_meta'
[0.762s] Level 1:colcon.colcon_core.package_identification:_identify(PLOTS) by extensions ['ros']
[0.762s] Level 1:colcon.colcon_core.package_identification:_identify(PLOTS) by extension 'ros'
[0.762s] Level 1:colcon.colcon_core.package_identification:_identify(PLOTS) by extensions ['cmake', 'python']
[0.762s] Level 1:colcon.colcon_core.package_identification:_identify(PLOTS) by extension 'cmake'
[0.762s] Level 1:colcon.colcon_core.package_identification:_identify(PLOTS) by extension 'python'
[0.762s] Level 1:colcon.colcon_core.package_identification:_identify(PLOTS) by extensions ['python_setup_py']
[0.762s] Level 1:colcon.colcon_core.package_identification:_identify(PLOTS) by extension 'python_setup_py'
[0.763s] Level 1:colcon.colcon_core.package_identification:_identify(PLOTS/MAX_SPEED_3) by extensions ['ignore', 'ignore_ament_install']
[0.763s] Level 1:colcon.colcon_core.package_identification:_identify(PLOTS/MAX_SPEED_3) by extension 'ignore'
[0.763s] Level 1:colcon.colcon_core.package_identification:_identify(PLOTS/MAX_SPEED_3) by extension 'ignore_ament_install'
[0.763s] Level 1:colcon.colcon_core.package_identification:_identify(PLOTS/MAX_SPEED_3) by extensions ['colcon_pkg']
[0.763s] Level 1:colcon.colcon_core.package_identification:_identify(PLOTS/MAX_SPEED_3) by extension 'colcon_pkg'
[0.763s] Level 1:colcon.colcon_core.package_identification:_identify(PLOTS/MAX_SPEED_3) by extensions ['colcon_meta']
[0.763s] Level 1:colcon.colcon_core.package_identification:_identify(PLOTS/MAX_SPEED_3) by extension 'colcon_meta'
[0.763s] Level 1:colcon.colcon_core.package_identification:_identify(PLOTS/MAX_SPEED_3) by extensions ['ros']
[0.763s] Level 1:colcon.colcon_core.package_identification:_identify(PLOTS/MAX_SPEED_3) by extension 'ros'
[0.763s] Level 1:colcon.colcon_core.package_identification:_identify(PLOTS/MAX_SPEED_3) by extensions ['cmake', 'python']
[0.764s] Level 1:colcon.colcon_core.package_identification:_identify(PLOTS/MAX_SPEED_3) by extension 'cmake'
[0.764s] Level 1:colcon.colcon_core.package_identification:_identify(PLOTS/MAX_SPEED_3) by extension 'python'
[0.764s] Level 1:colcon.colcon_core.package_identification:_identify(PLOTS/MAX_SPEED_3) by extensions ['python_setup_py']
[0.764s] Level 1:colcon.colcon_core.package_identification:_identify(PLOTS/MAX_SPEED_3) by extension 'python_setup_py'
[0.764s] Level 1:colcon.colcon_core.package_identification:_identify(PLOTS/MAX_SPEED_3/Std = 0.01) by extensions ['ignore', 'ignore_ament_install']
[0.764s] Level 1:colcon.colcon_core.package_identification:_identify(PLOTS/MAX_SPEED_3/Std = 0.01) by extension 'ignore'
[0.764s] Level 1:colcon.colcon_core.package_identification:_identify(PLOTS/MAX_SPEED_3/Std = 0.01) by extension 'ignore_ament_install'
[0.764s] Level 1:colcon.colcon_core.package_identification:_identify(PLOTS/MAX_SPEED_3/Std = 0.01) by extensions ['colcon_pkg']
[0.764s] Level 1:colcon.colcon_core.package_identification:_identify(PLOTS/MAX_SPEED_3/Std = 0.01) by extension 'colcon_pkg'
[0.764s] Level 1:colcon.colcon_core.package_identification:_identify(PLOTS/MAX_SPEED_3/Std = 0.01) by extensions ['colcon_meta']
[0.764s] Level 1:colcon.colcon_core.package_identification:_identify(PLOTS/MAX_SPEED_3/Std = 0.01) by extension 'colcon_meta'
[0.764s] Level 1:colcon.colcon_core.package_identification:_identify(PLOTS/MAX_SPEED_3/Std = 0.01) by extensions ['ros']
[0.765s] Level 1:colcon.colcon_core.package_identification:_identify(PLOTS/MAX_SPEED_3/Std = 0.01) by extension 'ros'
[0.765s] Level 1:colcon.colcon_core.package_identification:_identify(PLOTS/MAX_SPEED_3/Std = 0.01) by extensions ['cmake', 'python']
[0.765s] Level 1:colcon.colcon_core.package_identification:_identify(PLOTS/MAX_SPEED_3/Std = 0.01) by extension 'cmake'
[0.765s] Level 1:colcon.colcon_core.package_identification:_identify(PLOTS/MAX_SPEED_3/Std = 0.01) by extension 'python'
[0.765s] Level 1:colcon.colcon_core.package_identification:_identify(PLOTS/MAX_SPEED_3/Std = 0.01) by extensions ['python_setup_py']
[0.765s] Level 1:colcon.colcon_core.package_identification:_identify(PLOTS/MAX_SPEED_3/Std = 0.01) by extension 'python_setup_py'
[0.775s] Level 1:colcon.colcon_core.package_identification:_identify(PLOTS/MAX_SPEED_3/Std = 0.02) by extensions ['ignore', 'ignore_ament_install']
[0.776s] Level 1:colcon.colcon_core.package_identification:_identify(PLOTS/MAX_SPEED_3/Std = 0.02) by extension 'ignore'
[0.776s] Level 1:colcon.colcon_core.package_identification:_identify(PLOTS/MAX_SPEED_3/Std = 0.02) by extension 'ignore_ament_install'
[0.776s] Level 1:colcon.colcon_core.package_identification:_identify(PLOTS/MAX_SPEED_3/Std = 0.02) by extensions ['colcon_pkg']
[0.776s] Level 1:colcon.colcon_core.package_identification:_identify(PLOTS/MAX_SPEED_3/Std = 0.02) by extension 'colcon_pkg'
[0.776s] Level 1:colcon.colcon_core.package_identification:_identify(PLOTS/MAX_SPEED_3/Std = 0.02) by extensions ['colcon_meta']
[0.776s] Level 1:colcon.colcon_core.package_identification:_identify(PLOTS/MAX_SPEED_3/Std = 0.02) by extension 'colcon_meta'
[0.776s] Level 1:colcon.colcon_core.package_identification:_identify(PLOTS/MAX_SPEED_3/Std = 0.02) by extensions ['ros']
[0.776s] Level 1:colcon.colcon_core.package_identification:_identify(PLOTS/MAX_SPEED_3/Std = 0.02) by extension 'ros'
[0.777s] Level 1:colcon.colcon_core.package_identification:_identify(PLOTS/MAX_SPEED_3/Std = 0.02) by extensions ['cmake', 'python']
[0.777s] Level 1:colcon.colcon_core.package_identification:_identify(PLOTS/MAX_SPEED_3/Std = 0.02) by extension 'cmake'
[0.777s] Level 1:colcon.colcon_core.package_identification:_identify(PLOTS/MAX_SPEED_3/Std = 0.02) by extension 'python'
[0.777s] Level 1:colcon.colcon_core.package_identification:_identify(PLOTS/MAX_SPEED_3/Std = 0.02) by extensions ['python_setup_py']
[0.777s] Level 1:colcon.colcon_core.package_identification:_identify(PLOTS/MAX_SPEED_3/Std = 0.02) by extension 'python_setup_py'
[0.787s] Level 1:colcon.colcon_core.package_identification:_identify(PLOTS/MAX_SPEED_3/Std = 0.05) by extensions ['ignore', 'ignore_ament_install']
[0.787s] Level 1:colcon.colcon_core.package_identification:_identify(PLOTS/MAX_SPEED_3/Std = 0.05) by extension 'ignore'
[0.787s] Level 1:colcon.colcon_core.package_identification:_identify(PLOTS/MAX_SPEED_3/Std = 0.05) by extension 'ignore_ament_install'
[0.787s] Level 1:colcon.colcon_core.package_identification:_identify(PLOTS/MAX_SPEED_3/Std = 0.05) by extensions ['colcon_pkg']
[0.787s] Level 1:colcon.colcon_core.package_identification:_identify(PLOTS/MAX_SPEED_3/Std = 0.05) by extension 'colcon_pkg'
[0.787s] Level 1:colcon.colcon_core.package_identification:_identify(PLOTS/MAX_SPEED_3/Std = 0.05) by extensions ['colcon_meta']
[0.787s] Level 1:colcon.colcon_core.package_identification:_identify(PLOTS/MAX_SPEED_3/Std = 0.05) by extension 'colcon_meta'
[0.787s] Level 1:colcon.colcon_core.package_identification:_identify(PLOTS/MAX_SPEED_3/Std = 0.05) by extensions ['ros']
[0.787s] Level 1:colcon.colcon_core.package_identification:_identify(PLOTS/MAX_SPEED_3/Std = 0.05) by extension 'ros'
[0.787s] Level 1:colcon.colcon_core.package_identification:_identify(PLOTS/MAX_SPEED_3/Std = 0.05) by extensions ['cmake', 'python']
[0.788s] Level 1:colcon.colcon_core.package_identification:_identify(PLOTS/MAX_SPEED_3/Std = 0.05) by extension 'cmake'
[0.788s] Level 1:colcon.colcon_core.package_identification:_identify(PLOTS/MAX_SPEED_3/Std = 0.05) by extension 'python'
[0.788s] Level 1:colcon.colcon_core.package_identification:_identify(PLOTS/MAX_SPEED_3/Std = 0.05) by extensions ['python_setup_py']
[0.788s] Level 1:colcon.colcon_core.package_identification:_identify(PLOTS/MAX_SPEED_3/Std = 0.05) by extension 'python_setup_py'
[0.788s] Level 1:colcon.colcon_core.package_identification:_identify(PLOTS/MAX_SPEED_3/Std = 0.1) by extensions ['ignore', 'ignore_ament_install']
[0.788s] Level 1:colcon.colcon_core.package_identification:_identify(PLOTS/MAX_SPEED_3/Std = 0.1) by extension 'ignore'
[0.788s] Level 1:colcon.colcon_core.package_identification:_identify(PLOTS/MAX_SPEED_3/Std = 0.1) by extension 'ignore_ament_install'
[0.788s] Level 1:colcon.colcon_core.package_identification:_identify(PLOTS/MAX_SPEED_3/Std = 0.1) by extensions ['colcon_pkg']
[0.788s] Level 1:colcon.colcon_core.package_identification:_identify(PLOTS/MAX_SPEED_3/Std = 0.1) by extension 'colcon_pkg'
[0.788s] Level 1:colcon.colcon_core.package_identification:_identify(PLOTS/MAX_SPEED_3/Std = 0.1) by extensions ['colcon_meta']
[0.788s] Level 1:colcon.colcon_core.package_identification:_identify(PLOTS/MAX_SPEED_3/Std = 0.1) by extension 'colcon_meta'
[0.789s] Level 1:colcon.colcon_core.package_identification:_identify(PLOTS/MAX_SPEED_3/Std = 0.1) by extensions ['ros']
[0.789s] Level 1:colcon.colcon_core.package_identification:_identify(PLOTS/MAX_SPEED_3/Std = 0.1) by extension 'ros'
[0.789s] Level 1:colcon.colcon_core.package_identification:_identify(PLOTS/MAX_SPEED_3/Std = 0.1) by extensions ['cmake', 'python']
[0.789s] Level 1:colcon.colcon_core.package_identification:_identify(PLOTS/MAX_SPEED_3/Std = 0.1) by extension 'cmake'
[0.789s] Level 1:colcon.colcon_core.package_identification:_identify(PLOTS/MAX_SPEED_3/Std = 0.1) by extension 'python'
[0.789s] Level 1:colcon.colcon_core.package_identification:_identify(PLOTS/MAX_SPEED_3/Std = 0.1) by extensions ['python_setup_py']
[0.789s] Level 1:colcon.colcon_core.package_identification:_identify(PLOTS/MAX_SPEED_3/Std = 0.1) by extension 'python_setup_py'
[0.789s] Level 1:colcon.colcon_core.package_identification:_identify(build) by extensions ['ignore', 'ignore_ament_install']
[0.789s] Level 1:colcon.colcon_core.package_identification:_identify(build) by extension 'ignore'
[0.789s] Level 1:colcon.colcon_core.package_identification:_identify(build) ignored
[0.789s] Level 1:colcon.colcon_core.package_identification:_identify(install) by extensions ['ignore', 'ignore_ament_install']
[0.790s] Level 1:colcon.colcon_core.package_identification:_identify(install) by extension 'ignore'
[0.790s] Level 1:colcon.colcon_core.package_identification:_identify(install) ignored
[0.790s] Level 1:colcon.colcon_core.package_identification:_identify(log) by extensions ['ignore', 'ignore_ament_install']
[0.790s] Level 1:colcon.colcon_core.package_identification:_identify(log) by extension 'ignore'
[0.790s] Level 1:colcon.colcon_core.package_identification:_identify(log) ignored
[0.791s] Level 1:colcon.colcon_core.package_identification:_identify(src) by extensions ['ignore', 'ignore_ament_install']
[0.791s] Level 1:colcon.colcon_core.package_identification:_identify(src) by extension 'ignore'
[0.791s] Level 1:colcon.colcon_core.package_identification:_identify(src) by extension 'ignore_ament_install'
[0.791s] Level 1:colcon.colcon_core.package_identification:_identify(src) by extensions ['colcon_pkg']
[0.791s] Level 1:colcon.colcon_core.package_identification:_identify(src) by extension 'colcon_pkg'
[0.791s] Level 1:colcon.colcon_core.package_identification:_identify(src) by extensions ['colcon_meta']
[0.791s] Level 1:colcon.colcon_core.package_identification:_identify(src) by extension 'colcon_meta'
[0.792s] Level 1:colcon.colcon_core.package_identification:_identify(src) by extensions ['ros']
[0.792s] Level 1:colcon.colcon_core.package_identification:_identify(src) by extension 'ros'
[0.792s] Level 1:colcon.colcon_core.package_identification:_identify(src) by extensions ['cmake', 'python']
[0.792s] Level 1:colcon.colcon_core.package_identification:_identify(src) by extension 'cmake'
[0.792s] Level 1:colcon.colcon_core.package_identification:_identify(src) by extension 'python'
[0.792s] Level 1:colcon.colcon_core.package_identification:_identify(src) by extensions ['python_setup_py']
[0.792s] Level 1:colcon.colcon_core.package_identification:_identify(src) by extension 'python_setup_py'
[0.792s] Level 1:colcon.colcon_core.package_identification:_identify(src/f1tenth_gym_ros) by extensions ['ignore', 'ignore_ament_install']
[0.793s] Level 1:colcon.colcon_core.package_identification:_identify(src/f1tenth_gym_ros) by extension 'ignore'
[0.793s] Level 1:colcon.colcon_core.package_identification:_identify(src/f1tenth_gym_ros) by extension 'ignore_ament_install'
[0.793s] Level 1:colcon.colcon_core.package_identification:_identify(src/f1tenth_gym_ros) by extensions ['colcon_pkg']
[0.793s] Level 1:colcon.colcon_core.package_identification:_identify(src/f1tenth_gym_ros) by extension 'colcon_pkg'
[0.793s] Level 1:colcon.colcon_core.package_identification:_identify(src/f1tenth_gym_ros) by extensions ['colcon_meta']
[0.793s] Level 1:colcon.colcon_core.package_identification:_identify(src/f1tenth_gym_ros) by extension 'colcon_meta'
[0.793s] Level 1:colcon.colcon_core.package_identification:_identify(src/f1tenth_gym_ros) by extensions ['ros']
[0.793s] Level 1:colcon.colcon_core.package_identification:_identify(src/f1tenth_gym_ros) by extension 'ros'
[0.797s] DEBUG:colcon.colcon_core.package_identification:Package 'src/f1tenth_gym_ros' with type 'ros.ament_python' and name 'f1tenth_gym_ros'
[0.797s] Level 1:colcon.colcon_core.package_identification:_identify(src/new_controller) by extensions ['ignore', 'ignore_ament_install']
[0.798s] Level 1:colcon.colcon_core.package_identification:_identify(src/new_controller) by extension 'ignore'
[0.798s] Level 1:colcon.colcon_core.package_identification:_identify(src/new_controller) by extension 'ignore_ament_install'
[0.798s] Level 1:colcon.colcon_core.package_identification:_identify(src/new_controller) by extensions ['colcon_pkg']
[0.798s] Level 1:colcon.colcon_core.package_identification:_identify(src/new_controller) by extension 'colcon_pkg'
[0.798s] Level 1:colcon.colcon_core.package_identification:_identify(src/new_controller) by extensions ['colcon_meta']
[0.798s] Level 1:colcon.colcon_core.package_identification:_identify(src/new_controller) by extension 'colcon_meta'
[0.798s] Level 1:colcon.colcon_core.package_identification:_identify(src/new_controller) by extensions ['ros']
[0.798s] Level 1:colcon.colcon_core.package_identification:_identify(src/new_controller) by extension 'ros'
[0.819s] DEBUG:colcon.colcon_core.package_identification:Package 'src/new_controller' with type 'ros.ament_python' and name 'new_controller'
[0.819s] Level 1:colcon.colcon_core.package_identification:_identify(src/sac_agent_pkg) by extensions ['ignore', 'ignore_ament_install']
[0.820s] Level 1:colcon.colcon_core.package_identification:_identify(src/sac_agent_pkg) by extension 'ignore'
[0.820s] Level 1:colcon.colcon_core.package_identification:_identify(src/sac_agent_pkg) by extension 'ignore_ament_install'
[0.820s] Level 1:colcon.colcon_core.package_identification:_identify(src/sac_agent_pkg) by extensions ['colcon_pkg']
[0.820s] Level 1:colcon.colcon_core.package_identification:_identify(src/sac_agent_pkg) by extension 'colcon_pkg'
[0.820s] Level 1:colcon.colcon_core.package_identification:_identify(src/sac_agent_pkg) by extensions ['colcon_meta']
[0.820s] Level 1:colcon.colcon_core.package_identification:_identify(src/sac_agent_pkg) by extension 'colcon_meta'
[0.820s] Level 1:colcon.colcon_core.package_identification:_identify(src/sac_agent_pkg) by extensions ['ros']
[0.820s] Level 1:colcon.colcon_core.package_identification:_identify(src/sac_agent_pkg) by extension 'ros'
[0.837s] DEBUG:colcon.colcon_core.package_identification:Package 'src/sac_agent_pkg' with type 'ros.ament_python' and name 'sac_agent_pkg'
[0.837s] Level 1:colcon.colcon_core.package_discovery:discover_packages(recursive) using defaults
[0.837s] Level 1:colcon.colcon_core.package_discovery:discover_packages(ignore) discover
[0.837s] Level 1:colcon.colcon_core.package_discovery:discover_packages(ignore) using defaults
[0.837s] Level 1:colcon.colcon_core.package_discovery:discover_packages(path) discover
[0.837s] Level 1:colcon.colcon_core.package_discovery:discover_packages(path) using defaults
[0.874s] Level 1:colcon.colcon_core.package_discovery:discover_packages(prefix_path) check parameters
[0.874s] Level 1:colcon.colcon_core.package_discovery:discover_packages(prefix_path) discover
[0.917s] DEBUG:colcon.colcon_installed_package_information.package_discovery:Found 4 installed packages in /home/hammaad/sim_ws/install
[0.921s] DEBUG:colcon.colcon_installed_package_information.package_discovery:Found 265 installed packages in /opt/ros/foxy
[0.924s] Level 1:colcon.colcon_core.package_discovery:discover_packages(prefix_path) using defaults
[2.935s] Level 5:colcon.colcon_core.verb:set package 'f1tenth_gym_ros' build argument 'cmake_args' from command line to 'None'
[2.935s] Level 5:colcon.colcon_core.verb:set package 'f1tenth_gym_ros' build argument 'cmake_target' from command line to 'None'
[2.935s] Level 5:colcon.colcon_core.verb:set package 'f1tenth_gym_ros' build argument 'cmake_target_skip_unavailable' from command line to 'False'
[2.935s] Level 5:colcon.colcon_core.verb:set package 'f1tenth_gym_ros' build argument 'cmake_clean_cache' from command line to 'False'
[2.935s] Level 5:colcon.colcon_core.verb:set package 'f1tenth_gym_ros' build argument 'cmake_clean_first' from command line to 'False'
[2.935s] Level 5:colcon.colcon_core.verb:set package 'f1tenth_gym_ros' build argument 'cmake_force_configure' from command line to 'False'
[2.935s] Level 5:colcon.colcon_core.verb:set package 'f1tenth_gym_ros' build argument 'ament_cmake_args' from command line to 'None'
[2.935s] Level 5:colcon.colcon_core.verb:set package 'f1tenth_gym_ros' build argument 'catkin_cmake_args' from command line to 'None'
[2.935s] Level 5:colcon.colcon_core.verb:set package 'f1tenth_gym_ros' build argument 'catkin_skip_building_tests' from command line to 'False'
[2.936s] DEBUG:colcon.colcon_core.verb:Building package 'f1tenth_gym_ros' with the following arguments: {'ament_cmake_args': None, 'build_base': '/home/hammaad/sim_ws/build/f1tenth_gym_ros', 'catkin_cmake_args': None, 'catkin_skip_building_tests': False, 'cmake_args': None, 'cmake_clean_cache': False, 'cmake_clean_first': False, 'cmake_force_configure': False, 'cmake_target': None, 'cmake_target_skip_unavailable': False, 'install_base': '/home/hammaad/sim_ws/install/f1tenth_gym_ros', 'merge_install': False, 'path': '/home/hammaad/sim_ws/src/f1tenth_gym_ros', 'symlink_install': False, 'test_result_base': None}
[2.938s] Level 5:colcon.colcon_core.verb:set package 'new_controller' build argument 'cmake_args' from command line to 'None'
[2.938s] Level 5:colcon.colcon_core.verb:set package 'new_controller' build argument 'cmake_target' from command line to 'None'
[2.938s] Level 5:colcon.colcon_core.verb:set package 'new_controller' build argument 'cmake_target_skip_unavailable' from command line to 'False'
[2.938s] Level 5:colcon.colcon_core.verb:set package 'new_controller' build argument 'cmake_clean_cache' from command line to 'False'
[2.938s] Level 5:colcon.colcon_core.verb:set package 'new_controller' build argument 'cmake_clean_first' from command line to 'False'
[2.938s] Level 5:colcon.colcon_core.verb:set package 'new_controller' build argument 'cmake_force_configure' from command line to 'False'
[2.938s] Level 5:colcon.colcon_core.verb:set package 'new_controller' build argument 'ament_cmake_args' from command line to 'None'
[2.938s] Level 5:colcon.colcon_core.verb:set package 'new_controller' build argument 'catkin_cmake_args' from command line to 'None'
[2.938s] Level 5:colcon.colcon_core.verb:set package 'new_controller' build argument 'catkin_skip_building_tests' from command line to 'False'
[2.938s] DEBUG:colcon.colcon_core.verb:Building package 'new_controller' with the following arguments: {'ament_cmake_args': None, 'build_base': '/home/hammaad/sim_ws/build/new_controller', 'catkin_cmake_args': None, 'catkin_skip_building_tests': False, 'cmake_args': None, 'cmake_clean_cache': False, 'cmake_clean_first': False, 'cmake_force_configure': False, 'cmake_target': None, 'cmake_target_skip_unavailable': False, 'install_base': '/home/hammaad/sim_ws/install/new_controller', 'merge_install': False, 'path': '/home/hammaad/sim_ws/src/new_controller', 'symlink_install': False, 'test_result_base': None}
[2.940s] Level 5:colcon.colcon_core.verb:set package 'sac_agent_pkg' build argument 'cmake_args' from command line to 'None'
[2.940s] Level 5:colcon.colcon_core.verb:set package 'sac_agent_pkg' build argument 'cmake_target' from command line to 'None'
[2.940s] Level 5:colcon.colcon_core.verb:set package 'sac_agent_pkg' build argument 'cmake_target_skip_unavailable' from command line to 'False'
[2.940s] Level 5:colcon.colcon_core.verb:set package 'sac_agent_pkg' build argument 'cmake_clean_cache' from command line to 'False'
[2.940s] Level 5:colcon.colcon_core.verb:set package 'sac_agent_pkg' build argument 'cmake_clean_first' from command line to 'False'
[2.940s] Level 5:colcon.colcon_core.verb:set package 'sac_agent_pkg' build argument 'cmake_force_configure' from command line to 'False'
[2.940s] Level 5:colcon.colcon_core.verb:set package 'sac_agent_pkg' build argument 'ament_cmake_args' from command line to 'None'
[2.940s] Level 5:colcon.colcon_core.verb:set package 'sac_agent_pkg' build argument 'catkin_cmake_args' from command line to 'None'
[2.941s] Level 5:colcon.colcon_core.verb:set package 'sac_agent_pkg' build argument 'catkin_skip_building_tests' from command line to 'False'
[2.941s] DEBUG:colcon.colcon_core.verb:Building package 'sac_agent_pkg' with the following arguments: {'ament_cmake_args': None, 'build_base': '/home/hammaad/sim_ws/build/sac_agent_pkg', 'catkin_cmake_args': None, 'catkin_skip_building_tests': False, 'cmake_args': None, 'cmake_clean_cache': False, 'cmake_clean_first': False, 'cmake_force_configure': False, 'cmake_target': None, 'cmake_target_skip_unavailable': False, 'install_base': '/home/hammaad/sim_ws/install/sac_agent_pkg', 'merge_install': False, 'path': '/home/hammaad/sim_ws/src/sac_agent_pkg', 'symlink_install': False, 'test_result_base': None}
[2.942s] INFO:colcon.colcon_core.executor:Executing jobs using 'parallel' executor
[2.948s] DEBUG:colcon.colcon_parallel_executor.executor.parallel:run_until_complete
[2.949s] INFO:colcon.colcon_ros.task.ament_python.build:Building ROS package in '/home/hammaad/sim_ws/src/f1tenth_gym_ros' with build type 'ament_python'
[2.949s] Level 1:colcon.colcon_core.shell:create_environment_hook('f1tenth_gym_ros', 'ament_prefix_path')
[2.957s] INFO:colcon.colcon_core.plugin_system:Skipping extension 'colcon_core.shell.bat': Not used on non-Windows systems
[2.957s] INFO:colcon.colcon_core.shell:Creating environment hook '/home/hammaad/sim_ws/install/f1tenth_gym_ros/share/f1tenth_gym_ros/hook/ament_prefix_path.ps1'
[2.958s] INFO:colcon.colcon_core.shell:Creating environment descriptor '/home/hammaad/sim_ws/install/f1tenth_gym_ros/share/f1tenth_gym_ros/hook/ament_prefix_path.dsv'
[2.959s] INFO:colcon.colcon_core.shell:Creating environment hook '/home/hammaad/sim_ws/install/f1tenth_gym_ros/share/f1tenth_gym_ros/hook/ament_prefix_path.sh'
[2.963s] INFO:colcon.colcon_core.shell:Skip shell extension 'powershell' for command environment: Not usable outside of PowerShell
[2.963s] DEBUG:colcon.colcon_core.shell:Skip shell extension 'dsv' for command environment
[2.976s] INFO:colcon.colcon_ros.task.ament_python.build:Building ROS package in '/home/hammaad/sim_ws/src/new_controller' with build type 'ament_python'
[2.977s] Level 1:colcon.colcon_core.shell:create_environment_hook('new_controller', 'ament_prefix_path')
[2.980s] INFO:colcon.colcon_core.shell:Creating environment hook '/home/hammaad/sim_ws/install/new_controller/share/new_controller/hook/ament_prefix_path.ps1'
[2.981s] INFO:colcon.colcon_core.shell:Creating environment descriptor '/home/hammaad/sim_ws/install/new_controller/share/new_controller/hook/ament_prefix_path.dsv'
[2.981s] INFO:colcon.colcon_core.shell:Creating environment hook '/home/hammaad/sim_ws/install/new_controller/share/new_controller/hook/ament_prefix_path.sh'
[2.985s] INFO:colcon.colcon_core.shell:Skip shell extension 'powershell' for command environment: Not usable outside of PowerShell
[2.985s] DEBUG:colcon.colcon_core.shell:Skip shell extension 'dsv' for command environment
[2.996s] INFO:colcon.colcon_ros.task.ament_python.build:Building ROS package in '/home/hammaad/sim_ws/src/sac_agent_pkg' with build type 'ament_python'
[2.997s] Level 1:colcon.colcon_core.shell:create_environment_hook('sac_agent_pkg', 'ament_prefix_path')
[3.000s] INFO:colcon.colcon_core.shell:Creating environment hook '/home/hammaad/sim_ws/install/sac_agent_pkg/share/sac_agent_pkg/hook/ament_prefix_path.ps1'
[3.001s] INFO:colcon.colcon_core.shell:Creating environment descriptor '/home/hammaad/sim_ws/install/sac_agent_pkg/share/sac_agent_pkg/hook/ament_prefix_path.dsv'
[3.002s] INFO:colcon.colcon_core.shell:Creating environment hook '/home/hammaad/sim_ws/install/sac_agent_pkg/share/sac_agent_pkg/hook/ament_prefix_path.sh'
[3.005s] INFO:colcon.colcon_core.shell:Skip shell extension 'powershell' for command environment: Not usable outside of PowerShell
[3.005s] DEBUG:colcon.colcon_core.shell:Skip shell extension 'dsv' for command environment
[3.429s] INFO:colcon.colcon_core.task.python.build:Building Python package in '/home/hammaad/sim_ws/src/f1tenth_gym_ros'
[3.432s] INFO:colcon.colcon_core.shell:Skip shell extension 'powershell' for command environment: Not usable outside of PowerShell
[3.432s] DEBUG:colcon.colcon_core.shell:Skip shell extension 'dsv' for command environment
[3.842s] INFO:colcon.colcon_core.task.python.build:Building Python package in '/home/hammaad/sim_ws/src/new_controller'
[3.846s] INFO:colcon.colcon_core.shell:Skip shell extension 'powershell' for command environment: Not usable outside of PowerShell
[3.846s] DEBUG:colcon.colcon_core.shell:Skip shell extension 'dsv' for command environment
[4.271s] INFO:colcon.colcon_core.task.python.build:Building Python package in '/home/hammaad/sim_ws/src/sac_agent_pkg'
[4.275s] INFO:colcon.colcon_core.shell:Skip shell extension 'powershell' for command environment: Not usable outside of PowerShell
[4.275s] DEBUG:colcon.colcon_core.shell:Skip shell extension 'dsv' for command environment
[5.232s] DEBUG:colcon.colcon_core.event_handler.log_command:Invoking command in '/home/hammaad/sim_ws/build/f1tenth_gym_ros': PYTHONPATH=/home/hammaad/sim_ws/build/f1tenth_gym_ros/prefix_override:/home/hammaad/sim_ws/install/f1tenth_gym_ros/lib/python3.8/site-packages:${PYTHONPATH} /usr/bin/python3 setup.py develop --uninstall --editable --build-directory /home/hammaad/sim_ws/build/f1tenth_gym_ros/build
[5.256s] DEBUG:colcon.colcon_core.event_handler.log_command:Invoking command in '/home/hammaad/sim_ws/build/sac_agent_pkg': PYTHONPATH=/home/hammaad/sim_ws/build/sac_agent_pkg/prefix_override:/home/hammaad/sim_ws/install/sac_agent_pkg/lib/python3.8/site-packages:${PYTHONPATH} /usr/bin/python3 setup.py develop --uninstall --editable --build-directory /home/hammaad/sim_ws/build/sac_agent_pkg/build
[5.266s] DEBUG:colcon.colcon_core.event_handler.log_command:Invoking command in '/home/hammaad/sim_ws/build/new_controller': PYTHONPATH=/home/hammaad/sim_ws/build/new_controller/prefix_override:/home/hammaad/sim_ws/install/new_controller/lib/python3.8/site-packages:${PYTHONPATH} /usr/bin/python3 setup.py develop --uninstall --editable --build-directory /home/hammaad/sim_ws/build/new_controller/build
[6.055s] DEBUG:colcon.colcon_core.event_handler.log_command:Invoked command in '/home/hammaad/sim_ws/build/f1tenth_gym_ros' returned '0': PYTHONPATH=/home/hammaad/sim_ws/build/f1tenth_gym_ros/prefix_override:/home/hammaad/sim_ws/install/f1tenth_gym_ros/lib/python3.8/site-packages:${PYTHONPATH} /usr/bin/python3 setup.py develop --uninstall --editable --build-directory /home/hammaad/sim_ws/build/f1tenth_gym_ros/build
[6.056s] DEBUG:colcon.colcon_core.event_handler.log_command:Invoking command in '/home/hammaad/sim_ws/src/f1tenth_gym_ros': PYTHONPATH=/home/hammaad/sim_ws/build/f1tenth_gym_ros/prefix_override:/home/hammaad/sim_ws/install/f1tenth_gym_ros/lib/python3.8/site-packages:${PYTHONPATH} /usr/bin/python3 setup.py egg_info --egg-base ../../build/f1tenth_gym_ros build --build-base /home/hammaad/sim_ws/build/f1tenth_gym_ros/build install --record /home/hammaad/sim_ws/build/f1tenth_gym_ros/install.log --install-scripts $base/lib/f1tenth_gym_ros --single-version-externally-managed
[6.065s] DEBUG:colcon.colcon_core.event_handler.log_command:Invoked command in '/home/hammaad/sim_ws/build/new_controller' returned '0': PYTHONPATH=/home/hammaad/sim_ws/build/new_controller/prefix_override:/home/hammaad/sim_ws/install/new_controller/lib/python3.8/site-packages:${PYTHONPATH} /usr/bin/python3 setup.py develop --uninstall --editable --build-directory /home/hammaad/sim_ws/build/new_controller/build
[6.066s] DEBUG:colcon.colcon_core.event_handler.log_command:Invoking command in '/home/hammaad/sim_ws/src/new_controller': PYTHONPATH=/home/hammaad/sim_ws/build/new_controller/prefix_override:/home/hammaad/sim_ws/install/new_controller/lib/python3.8/site-packages:${PYTHONPATH} /usr/bin/python3 setup.py egg_info --egg-base ../../build/new_controller build --build-base /home/hammaad/sim_ws/build/new_controller/build install --record /home/hammaad/sim_ws/build/new_controller/install.log --install-scripts $base/lib/new_controller --single-version-externally-managed
[6.152s] DEBUG:colcon.colcon_core.event_handler.log_command:Invoked command in '/home/hammaad/sim_ws/build/sac_agent_pkg' returned '0': PYTHONPATH=/home/hammaad/sim_ws/build/sac_agent_pkg/prefix_override:/home/hammaad/sim_ws/install/sac_agent_pkg/lib/python3.8/site-packages:${PYTHONPATH} /usr/bin/python3 setup.py develop --uninstall --editable --build-directory /home/hammaad/sim_ws/build/sac_agent_pkg/build
[6.153s] DEBUG:colcon.colcon_core.event_handler.log_command:Invoking command in '/home/hammaad/sim_ws/src/sac_agent_pkg': PYTHONPATH=/home/hammaad/sim_ws/build/sac_agent_pkg/prefix_override:/home/hammaad/sim_ws/install/sac_agent_pkg/lib/python3.8/site-packages:${PYTHONPATH} /usr/bin/python3 setup.py egg_info --egg-base ../../build/sac_agent_pkg build --build-base /home/hammaad/sim_ws/build/sac_agent_pkg/build install --record /home/hammaad/sim_ws/build/sac_agent_pkg/install.log --install-scripts $base/lib/sac_agent_pkg --single-version-externally-managed
[6.671s] Level 1:colcon.colcon_core.environment:checking '/home/hammaad/sim_ws/install/new_controller' for CMake module files
[6.672s] DEBUG:colcon.colcon_core.event_handler.log_command:Invoked command in '/home/hammaad/sim_ws/src/new_controller' returned '0': PYTHONPATH=/home/hammaad/sim_ws/build/new_controller/prefix_override:/home/hammaad/sim_ws/install/new_controller/lib/python3.8/site-packages:${PYTHONPATH} /usr/bin/python3 setup.py egg_info --egg-base ../../build/new_controller build --build-base /home/hammaad/sim_ws/build/new_controller/build install --record /home/hammaad/sim_ws/build/new_controller/install.log --install-scripts $base/lib/new_controller --single-version-externally-managed
[6.672s] Level 1:colcon.colcon_core.environment:checking '/home/hammaad/sim_ws/install/new_controller' for CMake config files
[6.674s] Level 1:colcon.colcon_core.environment:checking '/home/hammaad/sim_ws/install/new_controller/lib'
[6.674s] Level 1:colcon.colcon_core.environment:checking '/home/hammaad/sim_ws/install/new_controller/bin'
[6.674s] Level 1:colcon.colcon_core.environment:checking '/home/hammaad/sim_ws/install/new_controller/lib/pkgconfig/new_controller.pc'
[6.675s] Level 1:colcon.colcon_core.environment:checking '/home/hammaad/sim_ws/install/new_controller/lib/python3.8/site-packages'
[6.675s] Level 1:colcon.colcon_core.shell:create_environment_hook('new_controller', 'pythonpath')
[6.677s] INFO:colcon.colcon_core.shell:Creating environment hook '/home/hammaad/sim_ws/install/new_controller/share/new_controller/hook/pythonpath.ps1'
[6.678s] INFO:colcon.colcon_core.shell:Creating environment descriptor '/home/hammaad/sim_ws/install/new_controller/share/new_controller/hook/pythonpath.dsv'
[6.679s] INFO:colcon.colcon_core.shell:Creating environment hook '/home/hammaad/sim_ws/install/new_controller/share/new_controller/hook/pythonpath.sh'
[6.680s] Level 1:colcon.colcon_core.environment:checking '/home/hammaad/sim_ws/install/new_controller/bin'
[6.680s] Level 1:colcon.colcon_core.environment:create_environment_scripts_only(new_controller)
[6.683s] INFO:colcon.colcon_core.shell:Creating package script '/home/hammaad/sim_ws/install/new_controller/share/new_controller/package.ps1'
[6.685s] INFO:colcon.colcon_core.shell:Creating package descriptor '/home/hammaad/sim_ws/install/new_controller/share/new_controller/package.dsv'
[6.686s] INFO:colcon.colcon_core.shell:Creating package script '/home/hammaad/sim_ws/install/new_controller/share/new_controller/package.sh'
[6.687s] INFO:colcon.colcon_core.shell:Creating package script '/home/hammaad/sim_ws/install/new_controller/share/new_controller/package.bash'
[6.688s] INFO:colcon.colcon_core.shell:Creating package script '/home/hammaad/sim_ws/install/new_controller/share/new_controller/package.zsh'
[6.689s] Level 1:colcon.colcon_core.environment:create_file_with_runtime_dependencies(/home/hammaad/sim_ws/install/new_controller/share/colcon-core/packages/new_controller)
[6.732s] Level 1:colcon.colcon_core.environment:checking '/home/hammaad/sim_ws/install/f1tenth_gym_ros' for CMake module files
[6.732s] DEBUG:colcon.colcon_core.event_handler.log_command:Invoked command in '/home/hammaad/sim_ws/src/f1tenth_gym_ros' returned '0': PYTHONPATH=/home/hammaad/sim_ws/build/f1tenth_gym_ros/prefix_override:/home/hammaad/sim_ws/install/f1tenth_gym_ros/lib/python3.8/site-packages:${PYTHONPATH} /usr/bin/python3 setup.py egg_info --egg-base ../../build/f1tenth_gym_ros build --build-base /home/hammaad/sim_ws/build/f1tenth_gym_ros/build install --record /home/hammaad/sim_ws/build/f1tenth_gym_ros/install.log --install-scripts $base/lib/f1tenth_gym_ros --single-version-externally-managed
[6.734s] Level 1:colcon.colcon_core.environment:checking '/home/hammaad/sim_ws/install/f1tenth_gym_ros' for CMake config files
[6.735s] Level 1:colcon.colcon_core.environment:checking '/home/hammaad/sim_ws/install/f1tenth_gym_ros/lib'
[6.735s] Level 1:colcon.colcon_core.environment:checking '/home/hammaad/sim_ws/install/f1tenth_gym_ros/bin'
[6.735s] Level 1:colcon.colcon_core.environment:checking '/home/hammaad/sim_ws/install/f1tenth_gym_ros/lib/pkgconfig/f1tenth_gym_ros.pc'
[6.736s] Level 1:colcon.colcon_core.environment:checking '/home/hammaad/sim_ws/install/f1tenth_gym_ros/lib/python3.8/site-packages'
[6.736s] Level 1:colcon.colcon_core.shell:create_environment_hook('f1tenth_gym_ros', 'pythonpath')
[6.738s] INFO:colcon.colcon_core.shell:Creating environment hook '/home/hammaad/sim_ws/install/f1tenth_gym_ros/share/f1tenth_gym_ros/hook/pythonpath.ps1'
[6.740s] INFO:colcon.colcon_core.shell:Creating environment descriptor '/home/hammaad/sim_ws/install/f1tenth_gym_ros/share/f1tenth_gym_ros/hook/pythonpath.dsv'
[6.740s] INFO:colcon.colcon_core.shell:Creating environment hook '/home/hammaad/sim_ws/install/f1tenth_gym_ros/share/f1tenth_gym_ros/hook/pythonpath.sh'
[6.741s] Level 1:colcon.colcon_core.environment:checking '/home/hammaad/sim_ws/install/f1tenth_gym_ros/bin'
[6.741s] Level 1:colcon.colcon_core.environment:create_environment_scripts_only(f1tenth_gym_ros)
[6.744s] INFO:colcon.colcon_core.shell:Creating package script '/home/hammaad/sim_ws/install/f1tenth_gym_ros/share/f1tenth_gym_ros/package.ps1'
[6.745s] INFO:colcon.colcon_core.shell:Creating package descriptor '/home/hammaad/sim_ws/install/f1tenth_gym_ros/share/f1tenth_gym_ros/package.dsv'
[6.746s] INFO:colcon.colcon_core.shell:Creating package script '/home/hammaad/sim_ws/install/f1tenth_gym_ros/share/f1tenth_gym_ros/package.sh'
[6.747s] INFO:colcon.colcon_core.shell:Creating package script '/home/hammaad/sim_ws/install/f1tenth_gym_ros/share/f1tenth_gym_ros/package.bash'
[6.748s] INFO:colcon.colcon_core.shell:Creating package script '/home/hammaad/sim_ws/install/f1tenth_gym_ros/share/f1tenth_gym_ros/package.zsh'
[6.749s] Level 1:colcon.colcon_core.environment:create_file_with_runtime_dependencies(/home/hammaad/sim_ws/install/f1tenth_gym_ros/share/colcon-core/packages/f1tenth_gym_ros)
[6.816s] DEBUG:colcon.colcon_core.event_handler.log_command:Invoked command in '/home/hammaad/sim_ws/src/sac_agent_pkg' returned '0': PYTHONPATH=/home/hammaad/sim_ws/build/sac_agent_pkg/prefix_override:/home/hammaad/sim_ws/install/sac_agent_pkg/lib/python3.8/site-packages:${PYTHONPATH} /usr/bin/python3 setup.py egg_info --egg-base ../../build/sac_agent_pkg build --build-base /home/hammaad/sim_ws/build/sac_agent_pkg/build install --record /home/hammaad/sim_ws/build/sac_agent_pkg/install.log --install-scripts $base/lib/sac_agent_pkg --single-version-externally-managed
[6.818s] Level 1:colcon.colcon_core.environment:checking '/home/hammaad/sim_ws/install/sac_agent_pkg' for CMake module files
[6.819s] Level 1:colcon.colcon_core.environment:checking '/home/hammaad/sim_ws/install/sac_agent_pkg' for CMake config files
[6.820s] Level 1:colcon.colcon_core.environment:checking '/home/hammaad/sim_ws/install/sac_agent_pkg/lib'
[6.820s] Level 1:colcon.colcon_core.environment:checking '/home/hammaad/sim_ws/install/sac_agent_pkg/bin'
[6.820s] Level 1:colcon.colcon_core.environment:checking '/home/hammaad/sim_ws/install/sac_agent_pkg/lib/pkgconfig/sac_agent_pkg.pc'
[6.820s] Level 1:colcon.colcon_core.environment:checking '/home/hammaad/sim_ws/install/sac_agent_pkg/lib/python3.8/site-packages'
[6.820s] Level 1:colcon.colcon_core.shell:create_environment_hook('sac_agent_pkg', 'pythonpath')
[6.824s] INFO:colcon.colcon_core.shell:Creating environment hook '/home/hammaad/sim_ws/install/sac_agent_pkg/share/sac_agent_pkg/hook/pythonpath.ps1'
[6.825s] INFO:colcon.colcon_core.shell:Creating environment descriptor '/home/hammaad/sim_ws/install/sac_agent_pkg/share/sac_agent_pkg/hook/pythonpath.dsv'
[6.826s] INFO:colcon.colcon_core.shell:Creating environment hook '/home/hammaad/sim_ws/install/sac_agent_pkg/share/sac_agent_pkg/hook/pythonpath.sh'
[6.827s] Level 1:colcon.colcon_core.environment:checking '/home/hammaad/sim_ws/install/sac_agent_pkg/bin'
[6.827s] Level 1:colcon.colcon_core.environment:create_environment_scripts_only(sac_agent_pkg)
[6.830s] INFO:colcon.colcon_core.shell:Creating package script '/home/hammaad/sim_ws/install/sac_agent_pkg/share/sac_agent_pkg/package.ps1'
[6.831s] INFO:colcon.colcon_core.shell:Creating package descriptor '/home/hammaad/sim_ws/install/sac_agent_pkg/share/sac_agent_pkg/package.dsv'
[6.832s] INFO:colcon.colcon_core.shell:Creating package script '/home/hammaad/sim_ws/install/sac_agent_pkg/share/sac_agent_pkg/package.sh'
[6.832s] INFO:colcon.colcon_core.shell:Creating package script '/home/hammaad/sim_ws/install/sac_agent_pkg/share/sac_agent_pkg/package.bash'
[6.833s] INFO:colcon.colcon_core.shell:Creating package script '/home/hammaad/sim_ws/install/sac_agent_pkg/share/sac_agent_pkg/package.zsh'
[6.833s] Level 1:colcon.colcon_core.environment:create_file_with_runtime_dependencies(/home/hammaad/sim_ws/install/sac_agent_pkg/share/colcon-core/packages/sac_agent_pkg)
[6.835s] DEBUG:colcon.colcon_parallel_executor.executor.parallel:closing loop
[6.835s] DEBUG:colcon.colcon_parallel_executor.executor.parallel:loop closed
[6.835s] DEBUG:colcon.colcon_parallel_executor.executor.parallel:run_until_complete finished with '0'
[6.835s] DEBUG:colcon.colcon_core.event_reactor:joining thread
[6.844s] INFO:colcon.colcon_core.plugin_system:Skipping extension 'colcon_notification.desktop_notification.terminal_notifier': Not used on non-Darwin systems
[6.845s] INFO:colcon.colcon_core.plugin_system:Skipping extension 'colcon_notification.desktop_notification.win32': Not used on non-Windows systems
[6.845s] INFO:colcon.colcon_notification.desktop_notification:Sending desktop notification using 'notify2'
[6.893s] DEBUG:colcon.colcon_core.event_reactor:joined thread
[6.895s] INFO:colcon.colcon_core.shell:Creating prefix script '/home/hammaad/sim_ws/install/local_setup.ps1'
[6.897s] INFO:colcon.colcon_core.shell:Creating prefix util module '/home/hammaad/sim_ws/install/_local_setup_util_ps1.py'
[6.899s] INFO:colcon.colcon_core.shell:Creating prefix chain script '/home/hammaad/sim_ws/install/setup.ps1'
[6.902s] INFO:colcon.colcon_core.shell:Creating prefix script '/home/hammaad/sim_ws/install/local_setup.sh'
[6.903s] INFO:colcon.colcon_core.shell:Creating prefix util module '/home/hammaad/sim_ws/install/_local_setup_util_sh.py'
[6.903s] INFO:colcon.colcon_core.shell:Creating prefix chain script '/home/hammaad/sim_ws/install/setup.sh'
[6.906s] INFO:colcon.colcon_core.shell:Creating prefix script '/home/hammaad/sim_ws/install/local_setup.bash'
[6.907s] INFO:colcon.colcon_core.shell:Creating prefix chain script '/home/hammaad/sim_ws/install/setup.bash'
[6.910s] INFO:colcon.colcon_core.shell:Creating prefix script '/home/hammaad/sim_ws/install/local_setup.zsh'
[6.911s] INFO:colcon.colcon_core.shell:Creating prefix chain script '/home/hammaad/sim_ws/install/setup.zsh'
