[0.918s] Invoking command in '/home/hammaad/sim_ws/build/new_controller': PYTHONPATH=/home/hammaad/sim_ws/build/new_controller/prefix_override:/home/hammaad/sim_ws/install/new_controller/lib/python3.8/site-packages:${PYTHONPATH} /usr/bin/python3 setup.py develop --uninstall --editable --build-directory /home/hammaad/sim_ws/build/new_controller/build
[1.108s] running develop
[1.255s] Invoked command in '/home/hammaad/sim_ws/build/new_controller' returned '0': PYTHONPATH=/home/hammaad/sim_ws/build/new_controller/prefix_override:/home/hammaad/sim_ws/install/new_controller/lib/python3.8/site-packages:${PYTHONPATH} /usr/bin/python3 setup.py develop --uninstall --editable --build-directory /home/hammaad/sim_ws/build/new_controller/build
[1.258s] Invoking command in '/home/hammaad/sim_ws/src/new_controller': PYTHONPATH=/home/hammaad/sim_ws/build/new_controller/prefix_override:/home/hammaad/sim_ws/install/new_controller/lib/python3.8/site-packages:${PYTHONPATH} /usr/bin/python3 setup.py egg_info --egg-base ../../build/new_controller build --build-base /home/hammaad/sim_ws/build/new_controller/build install --record /home/hammaad/sim_ws/build/new_controller/install.log --install-scripts $base/lib/new_controller --single-version-externally-managed
[1.438s] running egg_info
[1.439s] writing ../../build/new_controller/new_controller.egg-info/PKG-INFO
[1.439s] writing dependency_links to ../../build/new_controller/new_controller.egg-info/dependency_links.txt
[1.440s] writing entry points to ../../build/new_controller/new_controller.egg-info/entry_points.txt
[1.440s] writing requirements to ../../build/new_controller/new_controller.egg-info/requires.txt
[1.440s] writing top-level names to ../../build/new_controller/new_controller.egg-info/top_level.txt
[1.467s] reading manifest file '../../build/new_controller/new_controller.egg-info/SOURCES.txt'
[1.468s] writing manifest file '../../build/new_controller/new_controller.egg-info/SOURCES.txt'
[1.468s] running build
[1.468s] running build_py
[1.468s] running install
[1.469s] running install_lib
[1.470s] running install_data
[1.470s] running install_egg_info
[1.472s] removing '/home/hammaad/sim_ws/install/new_controller/lib/python3.8/site-packages/new_controller-0.0.0-py3.8.egg-info' (and everything under it)
[1.472s] Copying ../../build/new_controller/new_controller.egg-info to /home/hammaad/sim_ws/install/new_controller/lib/python3.8/site-packages/new_controller-0.0.0-py3.8.egg-info
[1.473s] running install_scripts
[1.487s] writing list of installed files to '/home/hammaad/sim_ws/build/new_controller/install.log'
[1.512s] Invoked command in '/home/hammaad/sim_ws/src/new_controller' returned '0': PYTHONPATH=/home/hammaad/sim_ws/build/new_controller/prefix_override:/home/hammaad/sim_ws/install/new_controller/lib/python3.8/site-packages:${PYTHONPATH} /usr/bin/python3 setup.py egg_info --egg-base ../../build/new_controller build --build-base /home/hammaad/sim_ws/build/new_controller/build install --record /home/hammaad/sim_ws/build/new_controller/install.log --install-scripts $base/lib/new_controller --single-version-externally-managed
