[3.149s] Invoking command in '/home/hammaad/sim_ws/build/new_controller': PYTHONPATH=/home/hammaad/sim_ws/build/new_controller/prefix_override:/home/hammaad/sim_ws/install/new_controller/lib/python3.8/site-packages:${PYTHONPATH} /usr/bin/python3 setup.py develop --uninstall --editable --build-directory /home/hammaad/sim_ws/build/new_controller/build
[3.756s] running develop
[4.214s] Invoked command in '/home/hammaad/sim_ws/build/new_controller' returned '0': PYTHONPATH=/home/hammaad/sim_ws/build/new_controller/prefix_override:/home/hammaad/sim_ws/install/new_controller/lib/python3.8/site-packages:${PYTHONPATH} /usr/bin/python3 setup.py develop --uninstall --editable --build-directory /home/hammaad/sim_ws/build/new_controller/build
[4.216s] Invoking command in '/home/hammaad/sim_ws/src/new_controller': PYTHONPATH=/home/hammaad/sim_ws/build/new_controller/prefix_override:/home/hammaad/sim_ws/install/new_controller/lib/python3.8/site-packages:${PYTHONPATH} /usr/bin/python3 setup.py egg_info --egg-base ../../build/new_controller build --build-base /home/hammaad/sim_ws/build/new_controller/build install --record /home/hammaad/sim_ws/build/new_controller/install.log --install-scripts $base/lib/new_controller --single-version-externally-managed
[4.815s] running egg_info
[4.815s] writing ../../build/new_controller/new_controller.egg-info/PKG-INFO
[4.826s] writing dependency_links to ../../build/new_controller/new_controller.egg-info/dependency_links.txt
[4.826s] writing entry points to ../../build/new_controller/new_controller.egg-info/entry_points.txt
[4.874s] writing requirements to ../../build/new_controller/new_controller.egg-info/requires.txt
[4.883s] writing top-level names to ../../build/new_controller/new_controller.egg-info/top_level.txt
[4.992s] reading manifest file '../../build/new_controller/new_controller.egg-info/SOURCES.txt'
[4.993s] writing manifest file '../../build/new_controller/new_controller.egg-info/SOURCES.txt'
[5.012s] running build
[5.012s] running build_py
[5.013s] running install
[5.015s] running install_lib
[5.077s] running install_data
[5.079s] running install_egg_info
[5.080s] removing '/home/hammaad/sim_ws/install/new_controller/lib/python3.8/site-packages/new_controller-0.0.0-py3.8.egg-info' (and everything under it)
[5.080s] Copying ../../build/new_controller/new_controller.egg-info to /home/hammaad/sim_ws/install/new_controller/lib/python3.8/site-packages/new_controller-0.0.0-py3.8.egg-info
[5.179s] running install_scripts
[5.213s] writing list of installed files to '/home/hammaad/sim_ws/build/new_controller/install.log'
[6.577s] Invoked command in '/home/hammaad/sim_ws/src/new_controller' returned '0': PYTHONPATH=/home/hammaad/sim_ws/build/new_controller/prefix_override:/home/hammaad/sim_ws/install/new_controller/lib/python3.8/site-packages:${PYTHONPATH} /usr/bin/python3 setup.py egg_info --egg-base ../../build/new_controller build --build-base /home/hammaad/sim_ws/build/new_controller/build install --record /home/hammaad/sim_ws/build/new_controller/install.log --install-scripts $base/lib/new_controller --single-version-externally-managed
