running develop
Removing /home/hammaad/sim_ws/install/new_controller/lib/python3.8/site-packages/new-controller.egg-link (link to .)
running egg_info
writing ../../build/new_controller/new_controller.egg-info/PKG-INFO
writing dependency_links to ../../build/new_controller/new_controller.egg-info/dependency_links.txt
writing entry points to ../../build/new_controller/new_controller.egg-info/entry_points.txt
writing requirements to ../../build/new_controller/new_controller.egg-info/requires.txt
writing top-level names to ../../build/new_controller/new_controller.egg-info/top_level.txt
reading manifest file '../../build/new_controller/new_controller.egg-info/SOURCES.txt'
writing manifest file '../../build/new_controller/new_controller.egg-info/SOURCES.txt'
running build
running build_py
running install
running install_lib
creating /home/hammaad/sim_ws/install/new_controller/lib/python3.8/site-packages/new_controller
copying /home/hammaad/sim_ws/build/new_controller/build/lib/new_controller/__init__.py -> /home/hammaad/sim_ws/install/new_controller/lib/python3.8/site-packages/new_controller
copying /home/hammaad/sim_ws/build/new_controller/build/lib/new_controller/my_first_node.py -> /home/hammaad/sim_ws/install/new_controller/lib/python3.8/site-packages/new_controller
byte-compiling /home/hammaad/sim_ws/install/new_controller/lib/python3.8/site-packages/new_controller/__init__.py to __init__.cpython-38.pyc
byte-compiling /home/hammaad/sim_ws/install/new_controller/lib/python3.8/site-packages/new_controller/my_first_node.py to my_first_node.cpython-38.pyc
running install_data
running install_egg_info
Copying ../../build/new_controller/new_controller.egg-info to /home/hammaad/sim_ws/install/new_controller/lib/python3.8/site-packages/new_controller-0.0.0-py3.8.egg-info
running install_scripts
writing list of installed files to '/home/hammaad/sim_ws/build/new_controller/install.log'
