[0.967s] Invoking command in '/home/hammaad/sim_ws/build/new_controller': PYTHONPATH=/home/hammaad/sim_ws/build/new_controller/prefix_override:/home/hammaad/sim_ws/install/new_controller/lib/python3.8/site-packages:${PYTHONPATH} /usr/bin/python3 setup.py develop --uninstall --editable --build-directory /home/hammaad/sim_ws/build/new_controller/build
[1.158s] running develop
[1.275s] Removing /home/hammaad/sim_ws/install/new_controller/lib/python3.8/site-packages/new-controller.egg-link (link to .)
[1.311s] Invoked command in '/home/hammaad/sim_ws/build/new_controller' returned '0': PYTHONPATH=/home/hammaad/sim_ws/build/new_controller/prefix_override:/home/hammaad/sim_ws/install/new_controller/lib/python3.8/site-packages:${PYTHONPATH} /usr/bin/python3 setup.py develop --uninstall --editable --build-directory /home/hammaad/sim_ws/build/new_controller/build
[1.312s] Invoking command in '/home/hammaad/sim_ws/src/new_controller': PYTHONPATH=/home/hammaad/sim_ws/build/new_controller/prefix_override:/home/hammaad/sim_ws/install/new_controller/lib/python3.8/site-packages:${PYTHONPATH} /usr/bin/python3 setup.py egg_info --egg-base ../../build/new_controller build --build-base /home/hammaad/sim_ws/build/new_controller/build install --record /home/hammaad/sim_ws/build/new_controller/install.log --install-scripts $base/lib/new_controller --single-version-externally-managed
[1.490s] running egg_info
[1.491s] writing ../../build/new_controller/new_controller.egg-info/PKG-INFO
[1.491s] writing dependency_links to ../../build/new_controller/new_controller.egg-info/dependency_links.txt
[1.491s] writing entry points to ../../build/new_controller/new_controller.egg-info/entry_points.txt
[1.491s] writing requirements to ../../build/new_controller/new_controller.egg-info/requires.txt
[1.491s] writing top-level names to ../../build/new_controller/new_controller.egg-info/top_level.txt
[1.521s] reading manifest file '../../build/new_controller/new_controller.egg-info/SOURCES.txt'
[1.522s] writing manifest file '../../build/new_controller/new_controller.egg-info/SOURCES.txt'
[1.522s] running build
[1.522s] running build_py
[1.522s] running install
[1.523s] running install_lib
[1.524s] creating /home/hammaad/sim_ws/install/new_controller/lib/python3.8/site-packages/new_controller
[1.524s] copying /home/hammaad/sim_ws/build/new_controller/build/lib/new_controller/__init__.py -> /home/hammaad/sim_ws/install/new_controller/lib/python3.8/site-packages/new_controller
[1.524s] copying /home/hammaad/sim_ws/build/new_controller/build/lib/new_controller/my_first_node.py -> /home/hammaad/sim_ws/install/new_controller/lib/python3.8/site-packages/new_controller
[1.525s] byte-compiling /home/hammaad/sim_ws/install/new_controller/lib/python3.8/site-packages/new_controller/__init__.py to __init__.cpython-38.pyc
[1.526s] byte-compiling /home/hammaad/sim_ws/install/new_controller/lib/python3.8/site-packages/new_controller/my_first_node.py to my_first_node.cpython-38.pyc
[1.526s] running install_data
[1.527s] running install_egg_info
[1.528s] Copying ../../build/new_controller/new_controller.egg-info to /home/hammaad/sim_ws/install/new_controller/lib/python3.8/site-packages/new_controller-0.0.0-py3.8.egg-info
[1.529s] running install_scripts
[1.544s] writing list of installed files to '/home/hammaad/sim_ws/build/new_controller/install.log'
[1.575s] Invoked command in '/home/hammaad/sim_ws/src/new_controller' returned '0': PYTHONPATH=/home/hammaad/sim_ws/build/new_controller/prefix_override:/home/hammaad/sim_ws/install/new_controller/lib/python3.8/site-packages:${PYTHONPATH} /usr/bin/python3 setup.py egg_info --egg-base ../../build/new_controller build --build-base /home/hammaad/sim_ws/build/new_controller/build install --record /home/hammaad/sim_ws/build/new_controller/install.log --install-scripts $base/lib/new_controller --single-version-externally-managed
