[5.390s] Invoking command in '/home/hammaad/sim_ws/build/new_controller': PYTHONPATH=/home/hammaad/sim_ws/build/new_controller/prefix_override:/home/hammaad/sim_ws/install/new_controller/lib/python3.8/site-packages:${PYTHONPATH} /usr/bin/python3 setup.py develop --uninstall --editable --build-directory /home/hammaad/sim_ws/build/new_controller/build
[5.887s] running develop
[6.296s] Invoked command in '/home/hammaad/sim_ws/build/new_controller' returned '0': PYTHONPATH=/home/hammaad/sim_ws/build/new_controller/prefix_override:/home/hammaad/sim_ws/install/new_controller/lib/python3.8/site-packages:${PYTHONPATH} /usr/bin/python3 setup.py develop --uninstall --editable --build-directory /home/hammaad/sim_ws/build/new_controller/build
[6.300s] Invoking command in '/home/hammaad/sim_ws/src/new_controller': PYTHONPATH=/home/hammaad/sim_ws/build/new_controller/prefix_override:/home/hammaad/sim_ws/install/new_controller/lib/python3.8/site-packages:${PYTHONPATH} /usr/bin/python3 setup.py egg_info --egg-base ../../build/new_controller build --build-base /home/hammaad/sim_ws/build/new_controller/build install --record /home/hammaad/sim_ws/build/new_controller/install.log --install-scripts $base/lib/new_controller --single-version-externally-managed
[6.837s] running egg_info
[6.838s] writing ../../build/new_controller/new_controller.egg-info/PKG-INFO
[6.847s] writing dependency_links to ../../build/new_controller/new_controller.egg-info/dependency_links.txt
[6.847s] writing entry points to ../../build/new_controller/new_controller.egg-info/entry_points.txt
[6.847s] writing requirements to ../../build/new_controller/new_controller.egg-info/requires.txt
[6.847s] writing top-level names to ../../build/new_controller/new_controller.egg-info/top_level.txt
[6.974s] reading manifest file '../../build/new_controller/new_controller.egg-info/SOURCES.txt'
[6.990s] writing manifest file '../../build/new_controller/new_controller.egg-info/SOURCES.txt'
[6.990s] running build
[6.990s] running build_py
[7.000s] running install
[7.000s] running install_lib
[7.001s] running install_data
[7.001s] running install_egg_info
[7.001s] removing '/home/hammaad/sim_ws/install/new_controller/lib/python3.8/site-packages/new_controller-0.0.0-py3.8.egg-info' (and everything under it)
[7.002s] Copying ../../build/new_controller/new_controller.egg-info to /home/hammaad/sim_ws/install/new_controller/lib/python3.8/site-packages/new_controller-0.0.0-py3.8.egg-info
[7.040s] running install_scripts
[7.084s] writing list of installed files to '/home/hammaad/sim_ws/build/new_controller/install.log'
[7.374s] Invoked command in '/home/hammaad/sim_ws/src/new_controller' returned '0': PYTHONPATH=/home/hammaad/sim_ws/build/new_controller/prefix_override:/home/hammaad/sim_ws/install/new_controller/lib/python3.8/site-packages:${PYTHONPATH} /usr/bin/python3 setup.py egg_info --egg-base ../../build/new_controller build --build-base /home/hammaad/sim_ws/build/new_controller/build install --record /home/hammaad/sim_ws/build/new_controller/install.log --install-scripts $base/lib/new_controller --single-version-externally-managed
